102.03.03 20:55 B d:\sites\crumbs\pints\gerda\images\alien.gif --> ftp.exultrade.com /g:/webserver/exultrade/htdocs/indira/crumbs/pints/gerda/images alien.gif
102.03.03 20:55 B d:\sites\crumbs\pints\gerda\images\beer-sans-ice.gif --> ftp.exultrade.com /g:/webserver/exultrade/htdocs/indira/crumbs/pints/gerda/images beer-sans-ice.gif
102.03.03 20:55 B d:\sites\crumbs\pints\gerda\images\binding-book.gif --> ftp.exultrade.com /g:/webserver/exultrade/htdocs/indira/crumbs/pints/gerda/images binding-book.gif
102.03.03 20:55 B d:\sites\crumbs\pints\gerda\images\bjork-post.gif --> ftp.exultrade.com /g:/webserver/exultrade/htdocs/indira/crumbs/pints/gerda/images bjork-post.gif
102.03.03 20:56 B d:\sites\crumbs\pints\gerda\images\bowtie.gif --> ftp.exultrade.com /g:/webserver/exultrade/htdocs/indira/crumbs/pints/gerda/images bowtie.gif
102.03.03 20:56 B d:\sites\crumbs\pints\gerda\images\cliff.gif --> ftp.exultrade.com /g:/webserver/exultrade/htdocs/indira/crumbs/pints/gerda/images cliff.gif
102.03.03 20:56 B d:\sites\crumbs\pints\gerda\images\cotton-candy.gif --> ftp.exultrade.com /g:/webserver/exultrade/htdocs/indira/crumbs/pints/gerda/images cotton-candy.gif
102.03.03 20:56 B d:\sites\crumbs\pints\gerda\images\dimples.gif --> ftp.exultrade.com /g:/webserver/exultrade/htdocs/indira/crumbs/pints/gerda/images dimples.gif
102.03.03 20:56 B d:\sites\crumbs\pints\gerda\images\dope-alky-knickers.gif --> ftp.exultrade.com /g:/webserver/exultrade/htdocs/indira/crumbs/pints/gerda/images dope-alky-knickers.gif
102.03.03 20:56 B d:\sites\crumbs\pints\gerda\images\down-stairs.gif --> ftp.exultrade.com /g:/webserver/exultrade/htdocs/indira/crumbs/pints/gerda/images down-stairs.gif
102.03.03 20:56 B d:\sites\crumbs\pints\gerda\images\europe.gif --> ftp.exultrade.com /g:/webserver/exultrade/htdocs/indira/crumbs/pints/gerda/images europe.gif
102.08.30 03:43 B e:\sites\CRUMBS\version1.0\pints\gerda\images\alien.gif --> ftp.exultrade.com /httpdocs/indira/crumbs/version1.0/pints/gerda/images alien.gif
102.08.30 03:43 B e:\sites\CRUMBS\version1.0\pints\gerda\images\beer-sans-ice.gif --> ftp.exultrade.com /httpdocs/indira/crumbs/version1.0/pints/gerda/images beer-sans-ice.gif
102.08.30 03:43 B e:\sites\CRUMBS\version1.0\pints\gerda\images\binding-book.gif --> ftp.exultrade.com /httpdocs/indira/crumbs/version1.0/pints/gerda/images binding-book.gif
102.08.30 03:44 B e:\sites\CRUMBS\version1.0\pints\gerda\images\bjork-post.gif --> ftp.exultrade.com /httpdocs/indira/crumbs/version1.0/pints/gerda/images bjork-post.gif
102.08.30 03:44 B e:\sites\CRUMBS\version1.0\pints\gerda\images\bowtie.gif --> ftp.exultrade.com /httpdocs/indira/crumbs/version1.0/pints/gerda/images bowtie.gif
102.08.30 03:44 B e:\sites\CRUMBS\version1.0\pints\gerda\images\cliff.gif --> ftp.exultrade.com /httpdocs/indira/crumbs/version1.0/pints/gerda/images cliff.gif
102.08.30 03:44 B e:\sites\CRUMBS\version1.0\pints\gerda\images\cotton-candy.gif --> ftp.exultrade.com /httpdocs/indira/crumbs/version1.0/pints/gerda/images cotton-candy.gif
102.08.30 03:44 B e:\sites\CRUMBS\version1.0\pints\gerda\images\dimples.gif --> ftp.exultrade.com /httpdocs/indira/crumbs/version1.0/pints/gerda/images dimples.gif
102.08.30 03:44 B e:\sites\CRUMBS\version1.0\pints\gerda\images\dope-alky-knickers.gif --> ftp.exultrade.com /httpdocs/indira/crumbs/version1.0/pints/gerda/images dope-alky-knickers.gif
102.08.30 03:44 B e:\sites\CRUMBS\version1.0\pints\gerda\images\down-stairs.gif --> ftp.exultrade.com /httpdocs/indira/crumbs/version1.0/pints/gerda/images down-stairs.gif
102.08.30 03:44 B e:\sites\CRUMBS\version1.0\pints\gerda\images\europe.gif --> ftp.exultrade.com /httpdocs/indira/crumbs/version1.0/pints/gerda/images europe.gif
102.08.30 03:44 B e:\sites\CRUMBS\version1.0\pints\gerda\images\exit.gif --> ftp.exultrade.com /httpdocs/indira/crumbs/version1.0/pints/gerda/images exit.gif
102.08.30 03:44 B e:\sites\CRUMBS\version1.0\pints\gerda\images\eye.gif --> ftp.exultrade.com /httpdocs/indira/crumbs/version1.0/pints/gerda/images eye.gif
102.08.30 03:44 B e:\sites\CRUMBS\version1.0\pints\gerda\images\geetar.gif --> ftp.exultrade.com /httpdocs/indira/crumbs/version1.0/pints/gerda/images geetar.gif
102.08.30 03:44 B e:\sites\CRUMBS\version1.0\pints\gerda\images\greece.gif --> ftp.exultrade.com /httpdocs/indira/crumbs/version1.0/pints/gerda/images greece.gif
102.08.30 03:44 B e:\sites\CRUMBS\version1.0\pints\gerda\images\grey-clouds-over-summer.gif --> ftp.exultrade.com /httpdocs/indira/crumbs/version1.0/pints/gerda/images grey-clouds-over-summer.gif
102.08.30 03:44 B e:\sites\CRUMBS\version1.0\pints\gerda\images\hearts.gif --> ftp.exultrade.com /httpdocs/indira/crumbs/version1.0/pints/gerda/images hearts.gif
102.08.30 03:44 B e:\sites\CRUMBS\version1.0\pints\gerda\images\heavy-bag.gif --> ftp.exultrade.com /httpdocs/indira/crumbs/version1.0/pints/gerda/images heavy-bag.gif
102.08.30 03:44 B e:\sites\CRUMBS\version1.0\pints\gerda\images\indian-pattern.gif --> ftp.exultrade.com /httpdocs/indira/crumbs/version1.0/pints/gerda/images indian-pattern.gif
102.08.30 03:45 B e:\sites\CRUMBS\version1.0\pints\gerda\images\keys-and-boots.gif --> ftp.exultrade.com /httpdocs/indira/crumbs/version1.0/pints/gerda/images keys-and-boots.gif
102.08.30 03:45 B e:\sites\CRUMBS\version1.0\pints\gerda\images\kiss.gif --> ftp.exultrade.com /httpdocs/indira/crumbs/version1.0/pints/gerda/images kiss.gif
102.08.30 03:45 B e:\sites\CRUMBS\version1.0\pints\gerda\images\mango-leaf.gif --> ftp.exultrade.com /httpdocs/indira/crumbs/version1.0/pints/gerda/images mango-leaf.gif
102.08.30 03:45 B e:\sites\CRUMBS\version1.0\pints\gerda\images\mango-tree-cover.gif --> ftp.exultrade.com /httpdocs/indira/crumbs/version1.0/pints/gerda/images mango-tree-cover.gif
102.08.30 03:45 B e:\sites\CRUMBS\version1.0\pints\gerda\images\mango-tree.gif --> ftp.exultrade.com /httpdocs/indira/crumbs/version1.0/pints/gerda/images mango-tree.gif
102.08.30 03:45 B e:\sites\CRUMBS\version1.0\pints\gerda\images\moon.gif --> ftp.exultrade.com /httpdocs/indira/crumbs/version1.0/pints/gerda/images moon.gif
102.08.30 03:45 B e:\sites\CRUMBS\version1.0\pints\gerda\images\MRT-card.gif --> ftp.exultrade.com /httpdocs/indira/crumbs/version1.0/pints/gerda/images MRT-card.gif
102.08.30 03:45 B e:\sites\CRUMBS\version1.0\pints\gerda\images\napkins-over-beer.gif --> ftp.exultrade.com /httpdocs/indira/crumbs/version1.0/pints/gerda/images napkins-over-beer.gif
102.08.30 03:45 B e:\sites\CRUMBS\version1.0\pints\gerda\images\newspaper-clipping.gif --> ftp.exultrade.com /httpdocs/indira/crumbs/version1.0/pints/gerda/images newspaper-clipping.gif
102.08.30 03:45 B e:\sites\CRUMBS\version1.0\pints\gerda\images\no-books.gif --> ftp.exultrade.com /httpdocs/indira/crumbs/version1.0/pints/gerda/images no-books.gif
102.08.30 03:45 B e:\sites\CRUMBS\version1.0\pints\gerda\images\notepad.gif --> ftp.exultrade.com /httpdocs/indira/crumbs/version1.0/pints/gerda/images notepad.gif
102.08.30 03:45 B e:\sites\CRUMBS\version1.0\pints\gerda\images\open-book.gif --> ftp.exultrade.com /httpdocs/indira/crumbs/version1.0/pints/gerda/images open-book.gif
102.08.30 03:45 B e:\sites\CRUMBS\version1.0\pints\gerda\images\opposite-sexes.gif --> ftp.exultrade.com /httpdocs/indira/crumbs/version1.0/pints/gerda/images opposite-sexes.gif
102.08.30 03:45 B e:\sites\CRUMBS\version1.0\pints\gerda\images\packed-bags.gif --> ftp.exultrade.com /httpdocs/indira/crumbs/version1.0/pints/gerda/images packed-bags.gif
102.08.30 03:45 B e:\sites\CRUMBS\version1.0\pints\gerda\images\pale.gif --> ftp.exultrade.com /httpdocs/indira/crumbs/version1.0/pints/gerda/images pale.gif
102.08.30 03:45 B e:\sites\CRUMBS\version1.0\pints\gerda\images\pillows.gif --> ftp.exultrade.com /httpdocs/indira/crumbs/version1.0/pints/gerda/images pillows.gif
102.08.30 03:45 B e:\sites\CRUMBS\version1.0\pints\gerda\images\postcards.gif --> ftp.exultrade.com /httpdocs/indira/crumbs/version1.0/pints/gerda/images postcards.gif
102.08.30 03:45 B e:\sites\CRUMBS\version1.0\pints\gerda\images\raindrops.gif --> ftp.exultrade.com /httpdocs/indira/crumbs/version1.0/pints/gerda/images raindrops.gif
102.08.30 03:45 B e:\sites\CRUMBS\version1.0\pints\gerda\images\slug.gif --> ftp.exultrade.com /httpdocs/indira/crumbs/version1.0/pints/gerda/images slug.gif
102.08.30 03:45 B e:\sites\CRUMBS\version1.0\pints\gerda\images\speakers.gif --> ftp.exultrade.com /httpdocs/indira/crumbs/version1.0/pints/gerda/images speakers.gif
102.08.30 03:45 B e:\sites\CRUMBS\version1.0\pints\gerda\images\summer-sun.gif --> ftp.exultrade.com /httpdocs/indira/crumbs/version1.0/pints/gerda/images summer-sun.gif
102.08.30 03:45 B e:\sites\CRUMBS\version1.0\pints\gerda\images\talking-lips.gif --> ftp.exultrade.com /httpdocs/indira/crumbs/version1.0/pints/gerda/images talking-lips.gif
