102.08.30 02:50 B e:\sites\crumbs\version1.0\grabbag\postcards\thumbs\any-card.gif --> ftp.exultrade.com /httpdocs/indira/crumbs/version1.0/grabbag/postcards/thumbs any-card.gif
102.08.30 02:50 B e:\sites\crumbs\version1.0\grabbag\postcards\thumbs\dnloadable-postcards.gif --> ftp.exultrade.com /httpdocs/indira/crumbs/version1.0/grabbag/postcards/thumbs dnloadable-postcards.gif
102.08.30 02:50 B e:\sites\crumbs\version1.0\grabbag\postcards\thumbs\freelance.gif --> ftp.exultrade.com /httpdocs/indira/crumbs/version1.0/grabbag/postcards/thumbs freelance.gif
102.08.30 02:50 B e:\sites\crumbs\version1.0\grabbag\postcards\thumbs\lovers.gif --> ftp.exultrade.com /httpdocs/indira/crumbs/version1.0/grabbag/postcards/thumbs lovers.gif
102.08.30 02:50 B e:\sites\crumbs\version1.0\grabbag\postcards\thumbs\pick-a-card.gif --> ftp.exultrade.com /httpdocs/indira/crumbs/version1.0/grabbag/postcards/thumbs pick-a-card.gif
102.08.30 02:50 B e:\sites\crumbs\version1.0\grabbag\postcards\thumbs\pick.gif --> ftp.exultrade.com /httpdocs/indira/crumbs/version1.0/grabbag/postcards/thumbs pick.gif
102.08.30 02:50 B e:\sites\crumbs\version1.0\grabbag\postcards\thumbs\postcards.gif --> ftp.exultrade.com /httpdocs/indira/crumbs/version1.0/grabbag/postcards/thumbs postcards.gif
102.08.30 02:50 B e:\sites\crumbs\version1.0\grabbag\postcards\thumbs\stripes.gif --> ftp.exultrade.com /httpdocs/indira/crumbs/version1.0/grabbag/postcards/thumbs stripes.gif
102.08.30 02:50 B e:\sites\crumbs\version1.0\grabbag\postcards\thumbs\th4panel.gif --> ftp.exultrade.com /httpdocs/indira/crumbs/version1.0/grabbag/postcards/thumbs th4panel.gif
102.08.30 02:50 B e:\sites\crumbs\version1.0\grabbag\postcards\thumbs\th7pints.gif --> ftp.exultrade.com /httpdocs/indira/crumbs/version1.0/grabbag/postcards/thumbs th7pints.gif
102.08.30 02:50 B e:\sites\crumbs\version1.0\grabbag\postcards\thumbs\thadamtalks.gif --> ftp.exultrade.com /httpdocs/indira/crumbs/version1.0/grabbag/postcards/thumbs thadamtalks.gif
102.08.30 02:50 B e:\sites\crumbs\version1.0\grabbag\postcards\thumbs\thcameos.gif --> ftp.exultrade.com /httpdocs/indira/crumbs/version1.0/grabbag/postcards/thumbs thcameos.gif
102.08.30 02:50 B e:\sites\crumbs\version1.0\grabbag\postcards\thumbs\thchelvin001.gif --> ftp.exultrade.com /httpdocs/indira/crumbs/version1.0/grabbag/postcards/thumbs thchelvin001.gif
102.08.30 02:50 B e:\sites\crumbs\version1.0\grabbag\postcards\thumbs\thcherry.gif --> ftp.exultrade.com /httpdocs/indira/crumbs/version1.0/grabbag/postcards/thumbs thcherry.gif
102.08.30 02:50 B e:\sites\crumbs\version1.0\grabbag\postcards\thumbs\thcoffee.gif --> ftp.exultrade.com /httpdocs/indira/crumbs/version1.0/grabbag/postcards/thumbs thcoffee.gif
102.08.30 02:50 B e:\sites\crumbs\version1.0\grabbag\postcards\thumbs\thconstel.gif --> ftp.exultrade.com /httpdocs/indira/crumbs/version1.0/grabbag/postcards/thumbs thconstel.gif
102.08.30 02:50 B e:\sites\crumbs\version1.0\grabbag\postcards\thumbs\thconstgirl.gif --> ftp.exultrade.com /httpdocs/indira/crumbs/version1.0/grabbag/postcards/thumbs thconstgirl.gif
102.08.30 02:50 B e:\sites\crumbs\version1.0\grabbag\postcards\thumbs\thcowgirl002.gif --> ftp.exultrade.com /httpdocs/indira/crumbs/version1.0/grabbag/postcards/thumbs thcowgirl002.gif
102.08.30 02:50 B e:\sites\crumbs\version1.0\grabbag\postcards\thumbs\thdesk.gif --> ftp.exultrade.com /httpdocs/indira/crumbs/version1.0/grabbag/postcards/thumbs thdesk.gif
102.08.30 02:51 B e:\sites\crumbs\version1.0\grabbag\postcards\thumbs\theureka.gif --> ftp.exultrade.com /httpdocs/indira/crumbs/version1.0/grabbag/postcards/thumbs theureka.gif
102.08.30 02:51 B e:\sites\crumbs\version1.0\grabbag\postcards\thumbs\thgenaff.gif --> ftp.exultrade.com /httpdocs/indira/crumbs/version1.0/grabbag/postcards/thumbs thgenaff.gif
102.08.30 02:51 B e:\sites\crumbs\version1.0\grabbag\postcards\thumbs\thjap.gif --> ftp.exultrade.com /httpdocs/indira/crumbs/version1.0/grabbag/postcards/thumbs thjap.gif
102.08.30 02:51 B e:\sites\crumbs\version1.0\grabbag\postcards\thumbs\thkidbro.gif --> ftp.exultrade.com /httpdocs/indira/crumbs/version1.0/grabbag/postcards/thumbs thkidbro.gif
102.08.30 02:51 B e:\sites\crumbs\version1.0\grabbag\postcards\thumbs\thkitty.gif --> ftp.exultrade.com /httpdocs/indira/crumbs/version1.0/grabbag/postcards/thumbs thkitty.gif
102.08.30 02:51 B e:\sites\crumbs\version1.0\grabbag\postcards\thumbs\thlisbeth.gif --> ftp.exultrade.com /httpdocs/indira/crumbs/version1.0/grabbag/postcards/thumbs thlisbeth.gif
102.08.30 02:51 B e:\sites\crumbs\version1.0\grabbag\postcards\thumbs\thlovedolls.gif --> ftp.exultrade.com /httpdocs/indira/crumbs/version1.0/grabbag/postcards/thumbs thlovedolls.gif
102.08.30 02:51 B e:\sites\crumbs\version1.0\grabbag\postcards\thumbs\thlovelove.gif --> ftp.exultrade.com /httpdocs/indira/crumbs/version1.0/grabbag/postcards/thumbs thlovelove.gif
102.08.30 02:51 B e:\sites\crumbs\version1.0\grabbag\postcards\thumbs\thlovers.gif --> ftp.exultrade.com /httpdocs/indira/crumbs/version1.0/grabbag/postcards/thumbs thlovers.gif
102.08.30 02:51 B e:\sites\crumbs\version1.0\grabbag\postcards\thumbs\thloys.gif --> ftp.exultrade.com /httpdocs/indira/crumbs/version1.0/grabbag/postcards/thumbs thloys.gif
102.08.30 02:51 B e:\sites\crumbs\version1.0\grabbag\postcards\thumbs\thnotwar.gif --> ftp.exultrade.com /httpdocs/indira/crumbs/version1.0/grabbag/postcards/thumbs thnotwar.gif
102.08.30 02:51 B e:\sites\crumbs\version1.0\grabbag\postcards\thumbs\thpeecee.gif --> ftp.exultrade.com /httpdocs/indira/crumbs/version1.0/grabbag/postcards/thumbs thpeecee.gif
102.08.30 02:51 B e:\sites\crumbs\version1.0\grabbag\postcards\thumbs\thpints.gif --> ftp.exultrade.com /httpdocs/indira/crumbs/version1.0/grabbag/postcards/thumbs thpints.gif
102.08.30 02:51 B e:\sites\crumbs\version1.0\grabbag\postcards\thumbs\thprettythings.gif --> ftp.exultrade.com /httpdocs/indira/crumbs/version1.0/grabbag/postcards/thumbs thprettythings.gif
102.08.30 02:51 B e:\sites\crumbs\version1.0\grabbag\postcards\thumbs\thprose.gif --> ftp.exultrade.com /httpdocs/indira/crumbs/version1.0/grabbag/postcards/thumbs thprose.gif
102.08.30 02:51 B e:\sites\crumbs\version1.0\grabbag\postcards\thumbs\thsidcola.gif --> ftp.exultrade.com /httpdocs/indira/crumbs/version1.0/grabbag/postcards/thumbs thsidcola.gif
102.08.30 02:51 B e:\sites\crumbs\version1.0\grabbag\postcards\thumbs\thslightlymental.gif --> ftp.exultrade.com /httpdocs/indira/crumbs/version1.0/grabbag/postcards/thumbs thslightlymental.gif
102.08.30 02:51 B e:\sites\crumbs\version1.0\grabbag\postcards\thumbs\thsloppylips.gif --> ftp.exultrade.com /httpdocs/indira/crumbs/version1.0/grabbag/postcards/thumbs thsloppylips.gif
102.08.30 02:51 B e:\sites\crumbs\version1.0\grabbag\postcards\thumbs\thsplashidelic.gif --> ftp.exultrade.com /httpdocs/indira/crumbs/version1.0/grabbag/postcards/thumbs thsplashidelic.gif
102.08.30 02:51 B e:\sites\crumbs\version1.0\grabbag\postcards\thumbs\thspock.gif --> ftp.exultrade.com /httpdocs/indira/crumbs/version1.0/grabbag/postcards/thumbs thspock.gif
102.08.30 02:51 B e:\sites\crumbs\version1.0\grabbag\postcards\thumbs\thstarfell.gif --> ftp.exultrade.com /httpdocs/indira/crumbs/version1.0/grabbag/postcards/thumbs thstarfell.gif
102.08.30 02:51 B e:\sites\crumbs\version1.0\grabbag\postcards\thumbs\thtiamzon.gif --> ftp.exultrade.com /httpdocs/indira/crumbs/version1.0/grabbag/postcards/thumbs thtiamzon.gif
102.08.30 02:52 B e:\sites\crumbs\version1.0\grabbag\postcards\thumbs\Thumbs.db --> ftp.exultrade.com /httpdocs/indira/crumbs/version1.0/grabbag/postcards/thumbs Thumbs.db
102.08.30 02:52 B e:\sites\crumbs\version1.0\grabbag\postcards\thumbs\thvigan.gif --> ftp.exultrade.com /httpdocs/indira/crumbs/version1.0/grabbag/postcards/thumbs thvigan.gif
102.08.30 02:52 B e:\sites\crumbs\version1.0\grabbag\postcards\thumbs\thwebs.gif --> ftp.exultrade.com /httpdocs/indira/crumbs/version1.0/grabbag/postcards/thumbs thwebs.gif
