102.03.03 12:21 B d:\sites\crumbs\grabbag\dearadam\dearadam01.htm --> ftp.exultrade.com /g:/webserver/exultrade/htdocs/indira/crumbs/grabbag/dearadam dearadam01.htm
102.03.03 12:21 B d:\sites\crumbs\grabbag\dearadam\dearadam01.html --> ftp.exultrade.com /g:/webserver/exultrade/htdocs/indira/crumbs/grabbag/dearadam dearadam01.html
102.03.03 12:21 B d:\sites\crumbs\grabbag\dearadam\dearadam02.htm --> ftp.exultrade.com /g:/webserver/exultrade/htdocs/indira/crumbs/grabbag/dearadam dearadam02.htm
102.03.03 12:21 B d:\sites\crumbs\grabbag\dearadam\dearadam02.html --> ftp.exultrade.com /g:/webserver/exultrade/htdocs/indira/crumbs/grabbag/dearadam dearadam02.html
102.03.03 12:21 B d:\sites\crumbs\grabbag\dearadam\dearadam03.htm --> ftp.exultrade.com /g:/webserver/exultrade/htdocs/indira/crumbs/grabbag/dearadam dearadam03.htm
102.03.03 12:21 B d:\sites\crumbs\grabbag\dearadam\dearadam04.htm --> ftp.exultrade.com /g:/webserver/exultrade/htdocs/indira/crumbs/grabbag/dearadam dearadam04.htm
102.03.03 12:21 B d:\sites\crumbs\grabbag\dearadam\dearadam05.htm --> ftp.exultrade.com /g:/webserver/exultrade/htdocs/indira/crumbs/grabbag/dearadam dearadam05.htm
102.03.03 12:21 B d:\sites\crumbs\grabbag\dearadam\dearadam06.htm --> ftp.exultrade.com /g:/webserver/exultrade/htdocs/indira/crumbs/grabbag/dearadam dearadam06.htm
102.03.03 12:21 B d:\sites\crumbs\grabbag\dearadam\dearadam07.htm --> ftp.exultrade.com /g:/webserver/exultrade/htdocs/indira/crumbs/grabbag/dearadam dearadam07.htm
102.03.03 12:21 B d:\sites\crumbs\grabbag\dearadam\dearadam08.htm --> ftp.exultrade.com /g:/webserver/exultrade/htdocs/indira/crumbs/grabbag/dearadam dearadam08.htm
102.03.03 12:21 B d:\sites\crumbs\grabbag\dearadam\dearadam09.htm --> ftp.exultrade.com /g:/webserver/exultrade/htdocs/indira/crumbs/grabbag/dearadam dearadam09.htm
102.03.03 12:21 B d:\sites\crumbs\grabbag\dearadam\dearadam10.htm --> ftp.exultrade.com /g:/webserver/exultrade/htdocs/indira/crumbs/grabbag/dearadam dearadam10.htm
102.08.29 23:21 B e:\Sites\CRUMBS\version1.0\grabbag\dearadam\dearadam01.htm --> ftp.exultrade.com /httpdocs/indira/crumbs/version1.0/grabbag/dearadam dearadam01.htm
102.08.30 00:39 B e:\sites\CRUMBS\version1.0\grabbag\dearadam\dearadam01.htm --> ftp.exultrade.com /httpdocs/indira/crumbs/version1.0/grabbag/dearadam dearadam01.htm
102.08.30 00:39 B e:\sites\CRUMBS\version1.0\grabbag\dearadam\dearadam01.html --> ftp.exultrade.com /httpdocs/indira/crumbs/version1.0/grabbag/dearadam dearadam01.html
102.08.30 00:39 B e:\sites\CRUMBS\version1.0\grabbag\dearadam\dearadam02.htm --> ftp.exultrade.com /httpdocs/indira/crumbs/version1.0/grabbag/dearadam dearadam02.htm
102.08.30 00:39 B e:\sites\CRUMBS\version1.0\grabbag\dearadam\dearadam02.html --> ftp.exultrade.com /httpdocs/indira/crumbs/version1.0/grabbag/dearadam dearadam02.html
102.08.30 00:39 B e:\sites\CRUMBS\version1.0\grabbag\dearadam\dearadam03.htm --> ftp.exultrade.com /httpdocs/indira/crumbs/version1.0/grabbag/dearadam dearadam03.htm
102.08.30 00:39 B e:\sites\CRUMBS\version1.0\grabbag\dearadam\dearadam04.htm --> ftp.exultrade.com /httpdocs/indira/crumbs/version1.0/grabbag/dearadam dearadam04.htm
102.08.30 00:39 B e:\sites\CRUMBS\version1.0\grabbag\dearadam\dearadam05.htm --> ftp.exultrade.com /httpdocs/indira/crumbs/version1.0/grabbag/dearadam dearadam05.htm
102.08.30 00:39 B e:\sites\CRUMBS\version1.0\grabbag\dearadam\dearadam06.htm --> ftp.exultrade.com /httpdocs/indira/crumbs/version1.0/grabbag/dearadam dearadam06.htm
102.08.30 00:39 B e:\sites\CRUMBS\version1.0\grabbag\dearadam\dearadam07.htm --> ftp.exultrade.com /httpdocs/indira/crumbs/version1.0/grabbag/dearadam dearadam07.htm
102.08.30 00:39 B e:\sites\CRUMBS\version1.0\grabbag\dearadam\dearadam08.htm --> ftp.exultrade.com /httpdocs/indira/crumbs/version1.0/grabbag/dearadam dearadam08.htm
102.08.30 00:39 B e:\sites\CRUMBS\version1.0\grabbag\dearadam\dearadam09.htm --> ftp.exultrade.com /httpdocs/indira/crumbs/version1.0/grabbag/dearadam dearadam09.htm
102.08.30 00:39 B e:\sites\CRUMBS\version1.0\grabbag\dearadam\dearadam10.htm --> ftp.exultrade.com /httpdocs/indira/crumbs/version1.0/grabbag/dearadam dearadam10.htm
102.08.30 00:39 B e:\sites\CRUMBS\version1.0\grabbag\dearadam\WS_FTP.LOG --> ftp.exultrade.com /httpdocs/indira/crumbs/version1.0/grabbag/dearadam WS_FTP.LOG
102.08.30 02:28 B e:\sites\crumbs\version1.0\grabbag\dearadam\dearadam01.htm --> ftp.exultrade.com /httpdocs/indira/crumbs/version1.0/grabbag/dearadam dearadam01.htm
102.08.30 02:28 B e:\sites\crumbs\version1.0\grabbag\dearadam\dearadam01.html --> ftp.exultrade.com /httpdocs/indira/crumbs/version1.0/grabbag/dearadam dearadam01.html
102.08.30 02:28 B e:\sites\crumbs\version1.0\grabbag\dearadam\dearadam02.htm --> ftp.exultrade.com /httpdocs/indira/crumbs/version1.0/grabbag/dearadam dearadam02.htm
102.08.30 02:28 B e:\sites\crumbs\version1.0\grabbag\dearadam\dearadam02.html --> ftp.exultrade.com /httpdocs/indira/crumbs/version1.0/grabbag/dearadam dearadam02.html
102.08.30 02:28 B e:\sites\crumbs\version1.0\grabbag\dearadam\dearadam03.htm --> ftp.exultrade.com /httpdocs/indira/crumbs/version1.0/grabbag/dearadam dearadam03.htm
102.08.30 02:28 B e:\sites\crumbs\version1.0\grabbag\dearadam\dearadam04.htm --> ftp.exultrade.com /httpdocs/indira/crumbs/version1.0/grabbag/dearadam dearadam04.htm
102.08.30 02:28 B e:\sites\crumbs\version1.0\grabbag\dearadam\dearadam05.htm --> ftp.exultrade.com /httpdocs/indira/crumbs/version1.0/grabbag/dearadam dearadam05.htm
102.08.30 02:28 B e:\sites\crumbs\version1.0\grabbag\dearadam\dearadam06.htm --> ftp.exultrade.com /httpdocs/indira/crumbs/version1.0/grabbag/dearadam dearadam06.htm
102.08.30 02:28 B e:\sites\crumbs\version1.0\grabbag\dearadam\dearadam07.htm --> ftp.exultrade.com /httpdocs/indira/crumbs/version1.0/grabbag/dearadam dearadam07.htm
102.08.30 02:28 B e:\sites\crumbs\version1.0\grabbag\dearadam\dearadam08.htm --> ftp.exultrade.com /httpdocs/indira/crumbs/version1.0/grabbag/dearadam dearadam08.htm
102.08.30 02:28 B e:\sites\crumbs\version1.0\grabbag\dearadam\dearadam09.htm --> ftp.exultrade.com /httpdocs/indira/crumbs/version1.0/grabbag/dearadam dearadam09.htm
102.08.30 02:28 B e:\sites\crumbs\version1.0\grabbag\dearadam\dearadam10.htm --> ftp.exultrade.com /httpdocs/indira/crumbs/version1.0/grabbag/dearadam dearadam10.htm
102.08.30 02:29 B e:\sites\crumbs\version1.0\grabbag\dearadam\WS_FTP.LOG --> ftp.exultrade.com /httpdocs/indira/crumbs/version1.0/grabbag/dearadam WS_FTP.LOG
