102.03.03 21:08 B d:\sites\crumbs\pints\images\azagreen.gif --> ftp.exultrade.com /g:/webserver/exultrade/htdocs/indira/crumbs/pints/images azagreen.gif
102.03.03 21:08 B d:\sites\crumbs\pints\images\azapink.gif --> ftp.exultrade.com /g:/webserver/exultrade/htdocs/indira/crumbs/pints/images azapink.gif
102.03.03 21:08 B d:\sites\crumbs\pints\images\azasplash.gif --> ftp.exultrade.com /g:/webserver/exultrade/htdocs/indira/crumbs/pints/images azasplash.gif
102.03.03 21:08 B d:\sites\crumbs\pints\images\azasplash_02.gif --> ftp.exultrade.com /g:/webserver/exultrade/htdocs/indira/crumbs/pints/images azasplash_02.gif
102.03.03 21:08 B d:\sites\crumbs\pints\images\azasplash_03.gif --> ftp.exultrade.com /g:/webserver/exultrade/htdocs/indira/crumbs/pints/images azasplash_03.gif
102.03.03 21:08 B d:\sites\crumbs\pints\images\backcover.gif --> ftp.exultrade.com /g:/webserver/exultrade/htdocs/indira/crumbs/pints/images backcover.gif
102.03.03 21:08 B d:\sites\crumbs\pints\images\blank-page.gif --> ftp.exultrade.com /g:/webserver/exultrade/htdocs/indira/crumbs/pints/images blank-page.gif
102.03.03 21:08 B d:\sites\crumbs\pints\images\bluetxt.gif --> ftp.exultrade.com /g:/webserver/exultrade/htdocs/indira/crumbs/pints/images bluetxt.gif
102.03.03 21:08 B d:\sites\crumbs\pints\images\chinky-eyed.gif --> ftp.exultrade.com /g:/webserver/exultrade/htdocs/indira/crumbs/pints/images chinky-eyed.gif
102.03.03 21:08 B d:\sites\crumbs\pints\images\class-picture.gif --> ftp.exultrade.com /g:/webserver/exultrade/htdocs/indira/crumbs/pints/images class-picture.gif
102.03.03 21:09 B d:\sites\crumbs\pints\images\divinities.gif --> ftp.exultrade.com /g:/webserver/exultrade/htdocs/indira/crumbs/pints/images divinities.gif
102.03.03 21:09 B d:\sites\crumbs\pints\images\enter.gif --> ftp.exultrade.com /g:/webserver/exultrade/htdocs/indira/crumbs/pints/images enter.gif
102.03.03 21:09 B d:\sites\crumbs\pints\images\front.gif --> ftp.exultrade.com /g:/webserver/exultrade/htdocs/indira/crumbs/pints/images front.gif
102.03.03 21:09 B d:\sites\crumbs\pints\images\frontcover.gif --> ftp.exultrade.com /g:/webserver/exultrade/htdocs/indira/crumbs/pints/images frontcover.gif
102.03.03 21:09 B d:\sites\crumbs\pints\images\gerard-jorge.gif --> ftp.exultrade.com /g:/webserver/exultrade/htdocs/indira/crumbs/pints/images gerard-jorge.gif
102.03.03 21:09 B d:\sites\crumbs\pints\images\grace.gif --> ftp.exultrade.com /g:/webserver/exultrade/htdocs/indira/crumbs/pints/images grace.gif
102.03.03 21:09 B d:\sites\crumbs\pints\images\greentxt.gif --> ftp.exultrade.com /g:/webserver/exultrade/htdocs/indira/crumbs/pints/images greentxt.gif
102.03.03 21:09 B d:\sites\crumbs\pints\images\isabel.gif --> ftp.exultrade.com /g:/webserver/exultrade/htdocs/indira/crumbs/pints/images isabel.gif
102.03.03 21:09 B d:\sites\crumbs\pints\images\katrina.gif --> ftp.exultrade.com /g:/webserver/exultrade/htdocs/indira/crumbs/pints/images katrina.gif
102.03.03 21:09 B d:\sites\crumbs\pints\images\krish.gif --> ftp.exultrade.com /g:/webserver/exultrade/htdocs/indira/crumbs/pints/images krish.gif
102.03.03 21:09 B d:\sites\crumbs\pints\images\lawrence.gif --> ftp.exultrade.com /g:/webserver/exultrade/htdocs/indira/crumbs/pints/images lawrence.gif
102.03.03 21:09 B d:\sites\crumbs\pints\images\michelle.gif --> ftp.exultrade.com /g:/webserver/exultrade/htdocs/indira/crumbs/pints/images michelle.gif
102.03.03 21:09 B d:\sites\crumbs\pints\images\my-god.gif --> ftp.exultrade.com /g:/webserver/exultrade/htdocs/indira/crumbs/pints/images my-god.gif
102.03.03 21:09 B d:\sites\crumbs\pints\images\ribboned-page.gif --> ftp.exultrade.com /g:/webserver/exultrade/htdocs/indira/crumbs/pints/images ribboned-page.gif
102.03.03 21:09 B d:\sites\crumbs\pints\images\rosetxt.gif --> ftp.exultrade.com /g:/webserver/exultrade/htdocs/indira/crumbs/pints/images rosetxt.gif
102.03.03 21:09 B d:\sites\crumbs\pints\images\spread.gif --> ftp.exultrade.com /g:/webserver/exultrade/htdocs/indira/crumbs/pints/images spread.gif
102.03.03 21:10 B d:\sites\crumbs\pints\images\Thumbs.db --> ftp.exultrade.com /g:/webserver/exultrade/htdocs/indira/crumbs/pints/images Thumbs.db
102.03.03 21:10 B d:\sites\crumbs\pints\images\title-bar.gif --> ftp.exultrade.com /g:/webserver/exultrade/htdocs/indira/crumbs/pints/images title-bar.gif
102.03.03 21:10 B d:\sites\crumbs\pints\images\title.gif --> ftp.exultrade.com /g:/webserver/exultrade/htdocs/indira/crumbs/pints/images title.gif
102.08.30 03:55 B e:\Sites\CRUMBS\version1.0\pints\images\azagreen.gif --> ftp.exultrade.com /httpdocs/indira/crumbs/version1.0/pints/images azagreen.gif
102.08.30 03:55 B e:\Sites\CRUMBS\version1.0\pints\images\azapink.gif --> ftp.exultrade.com /httpdocs/indira/crumbs/version1.0/pints/images azapink.gif
102.08.30 03:55 B e:\Sites\CRUMBS\version1.0\pints\images\azasplash.gif --> ftp.exultrade.com /httpdocs/indira/crumbs/version1.0/pints/images azasplash.gif
102.08.30 03:55 B e:\Sites\CRUMBS\version1.0\pints\images\azasplash_02.gif --> ftp.exultrade.com /httpdocs/indira/crumbs/version1.0/pints/images azasplash_02.gif
102.08.30 03:55 B e:\Sites\CRUMBS\version1.0\pints\images\azasplash_03.gif --> ftp.exultrade.com /httpdocs/indira/crumbs/version1.0/pints/images azasplash_03.gif
102.08.30 03:55 B e:\Sites\CRUMBS\version1.0\pints\images\backcover.gif --> ftp.exultrade.com /httpdocs/indira/crumbs/version1.0/pints/images backcover.gif
102.08.30 03:55 B e:\Sites\CRUMBS\version1.0\pints\images\blank-page.gif --> ftp.exultrade.com /httpdocs/indira/crumbs/version1.0/pints/images blank-page.gif
102.08.30 03:55 B e:\Sites\CRUMBS\version1.0\pints\images\bluetxt.gif --> ftp.exultrade.com /httpdocs/indira/crumbs/version1.0/pints/images bluetxt.gif
102.08.30 03:55 B e:\Sites\CRUMBS\version1.0\pints\images\chinky-eyed.gif --> ftp.exultrade.com /httpdocs/indira/crumbs/version1.0/pints/images chinky-eyed.gif
102.08.30 03:56 B e:\Sites\CRUMBS\version1.0\pints\images\class-picture.gif --> ftp.exultrade.com /httpdocs/indira/crumbs/version1.0/pints/images class-picture.gif
102.08.30 03:56 B e:\Sites\CRUMBS\version1.0\pints\images\divinities.gif --> ftp.exultrade.com /httpdocs/indira/crumbs/version1.0/pints/images divinities.gif
102.08.30 03:56 B e:\Sites\CRUMBS\version1.0\pints\images\enter.gif --> ftp.exultrade.com /httpdocs/indira/crumbs/version1.0/pints/images enter.gif
102.08.30 03:56 B e:\Sites\CRUMBS\version1.0\pints\images\front.gif --> ftp.exultrade.com /httpdocs/indira/crumbs/version1.0/pints/images front.gif
102.08.30 03:56 B e:\Sites\CRUMBS\version1.0\pints\images\frontcover.gif --> ftp.exultrade.com /httpdocs/indira/crumbs/version1.0/pints/images frontcover.gif
102.08.30 03:56 B e:\Sites\CRUMBS\version1.0\pints\images\gerard-jorge.gif --> ftp.exultrade.com /httpdocs/indira/crumbs/version1.0/pints/images gerard-jorge.gif
102.08.30 03:56 B e:\Sites\CRUMBS\version1.0\pints\images\grace.gif --> ftp.exultrade.com /httpdocs/indira/crumbs/version1.0/pints/images grace.gif
102.08.30 03:56 B e:\Sites\CRUMBS\version1.0\pints\images\greentxt.gif --> ftp.exultrade.com /httpdocs/indira/crumbs/version1.0/pints/images greentxt.gif
102.08.30 03:56 B e:\Sites\CRUMBS\version1.0\pints\images\isabel.gif --> ftp.exultrade.com /httpdocs/indira/crumbs/version1.0/pints/images isabel.gif
102.08.30 03:56 B e:\Sites\CRUMBS\version1.0\pints\images\katrina.gif --> ftp.exultrade.com /httpdocs/indira/crumbs/version1.0/pints/images katrina.gif
102.08.30 03:56 B e:\Sites\CRUMBS\version1.0\pints\images\krish.gif --> ftp.exultrade.com /httpdocs/indira/crumbs/version1.0/pints/images krish.gif
102.08.30 03:56 B e:\Sites\CRUMBS\version1.0\pints\images\lawrence.gif --> ftp.exultrade.com /httpdocs/indira/crumbs/version1.0/pints/images lawrence.gif
102.08.30 03:57 B e:\Sites\CRUMBS\version1.0\pints\images\michelle.gif --> ftp.exultrade.com /httpdocs/indira/crumbs/version1.0/pints/images michelle.gif
102.08.30 03:59 B e:\Sites\CRUMBS\version1.0\pints\images\michelle.gif --> ftp.exultrade.com /httpdocs/indira/crumbs/version1.0/pints/images michelle.gif
102.08.30 03:59 B e:\Sites\CRUMBS\version1.0\pints\images\my-god.gif --> ftp.exultrade.com /httpdocs/indira/crumbs/version1.0/pints/images my-god.gif
102.08.30 03:59 B e:\Sites\CRUMBS\version1.0\pints\images\ribboned-page.gif --> ftp.exultrade.com /httpdocs/indira/crumbs/version1.0/pints/images ribboned-page.gif
102.08.30 03:59 B e:\Sites\CRUMBS\version1.0\pints\images\rosetxt.gif --> ftp.exultrade.com /httpdocs/indira/crumbs/version1.0/pints/images rosetxt.gif
102.08.30 03:59 B e:\Sites\CRUMBS\version1.0\pints\images\spread.gif --> ftp.exultrade.com /httpdocs/indira/crumbs/version1.0/pints/images spread.gif
102.08.30 03:59 B e:\Sites\CRUMBS\version1.0\pints\images\title-bar.gif --> ftp.exultrade.com /httpdocs/indira/crumbs/version1.0/pints/images title-bar.gif
102.08.30 03:59 B e:\Sites\CRUMBS\version1.0\pints\images\title.gif --> ftp.exultrade.com /httpdocs/indira/crumbs/version1.0/pints/images title.gif
