102.03.03 18:22 B D:\SITES\CRUMBS\pints\azalea\azagreen.htm --> ftp.exultrade.com /g:/webserver/exultrade/htdocs/indira/crumbs/pints/azalea azagreen.htm
102.03.03 18:22 B D:\SITES\CRUMBS\pints\azalea\azalea.htm --> ftp.exultrade.com /g:/webserver/exultrade/htdocs/indira/crumbs/pints/azalea azalea.htm
102.03.03 18:22 B D:\SITES\CRUMBS\pints\azalea\azapink.htm --> ftp.exultrade.com /g:/webserver/exultrade/htdocs/indira/crumbs/pints/azalea azapink.htm
102.03.03 18:22 B D:\SITES\CRUMBS\pints\azalea\btwindow.htm --> ftp.exultrade.com /g:/webserver/exultrade/htdocs/indira/crumbs/pints/azalea btwindow.htm
102.03.03 18:22 B D:\SITES\CRUMBS\pints\azalea\btwindow2.htm --> ftp.exultrade.com /g:/webserver/exultrade/htdocs/indira/crumbs/pints/azalea btwindow2.htm
102.03.03 18:22 B D:\SITES\CRUMBS\pints\azalea\btwindow3.htm --> ftp.exultrade.com /g:/webserver/exultrade/htdocs/indira/crumbs/pints/azalea btwindow3.htm
102.03.03 18:22 B D:\SITES\CRUMBS\pints\azalea\btwindow4.htm --> ftp.exultrade.com /g:/webserver/exultrade/htdocs/indira/crumbs/pints/azalea btwindow4.htm
102.03.03 18:22 B D:\SITES\CRUMBS\pints\azalea\greentxt.htm --> ftp.exultrade.com /g:/webserver/exultrade/htdocs/indira/crumbs/pints/azalea greentxt.htm
102.03.03 18:22 B D:\SITES\CRUMBS\pints\azalea\krish.htm --> ftp.exultrade.com /g:/webserver/exultrade/htdocs/indira/crumbs/pints/azalea krish.htm
102.03.03 18:22 B D:\SITES\CRUMBS\pints\azalea\krishtxt.htm --> ftp.exultrade.com /g:/webserver/exultrade/htdocs/indira/crumbs/pints/azalea krishtxt.htm
102.03.03 18:22 B D:\SITES\CRUMBS\pints\azalea\pinktxt.htm --> ftp.exultrade.com /g:/webserver/exultrade/htdocs/indira/crumbs/pints/azalea pinktxt.htm
102.03.03 18:22 B D:\SITES\CRUMBS\pints\azalea\text.htm --> ftp.exultrade.com /g:/webserver/exultrade/htdocs/indira/crumbs/pints/azalea text.htm
102.08.30 03:36 B e:\sites\CRUMBS\version1.0\pints\azalea\azagreen.htm --> ftp.exultrade.com /httpdocs/indira/crumbs/version1.0/pints/azalea azagreen.htm
102.08.30 03:36 B e:\sites\CRUMBS\version1.0\pints\azalea\azalea.htm --> ftp.exultrade.com /httpdocs/indira/crumbs/version1.0/pints/azalea azalea.htm
102.08.30 03:36 B e:\sites\CRUMBS\version1.0\pints\azalea\azapink.htm --> ftp.exultrade.com /httpdocs/indira/crumbs/version1.0/pints/azalea azapink.htm
102.08.30 03:36 B e:\sites\CRUMBS\version1.0\pints\azalea\btwindow.htm --> ftp.exultrade.com /httpdocs/indira/crumbs/version1.0/pints/azalea btwindow.htm
102.08.30 03:36 B e:\sites\CRUMBS\version1.0\pints\azalea\btwindow2.htm --> ftp.exultrade.com /httpdocs/indira/crumbs/version1.0/pints/azalea btwindow2.htm
102.08.30 03:36 B e:\sites\CRUMBS\version1.0\pints\azalea\btwindow3.htm --> ftp.exultrade.com /httpdocs/indira/crumbs/version1.0/pints/azalea btwindow3.htm
102.08.30 03:36 B e:\sites\CRUMBS\version1.0\pints\azalea\btwindow4.htm --> ftp.exultrade.com /httpdocs/indira/crumbs/version1.0/pints/azalea btwindow4.htm
102.08.30 03:37 B e:\sites\CRUMBS\version1.0\pints\azalea\greentxt.htm --> ftp.exultrade.com /httpdocs/indira/crumbs/version1.0/pints/azalea greentxt.htm
102.08.30 03:37 B e:\sites\CRUMBS\version1.0\pints\azalea\krish.htm --> ftp.exultrade.com /httpdocs/indira/crumbs/version1.0/pints/azalea krish.htm
102.08.30 03:37 B e:\sites\CRUMBS\version1.0\pints\azalea\krishtxt.htm --> ftp.exultrade.com /httpdocs/indira/crumbs/version1.0/pints/azalea krishtxt.htm
102.08.30 03:37 B e:\sites\CRUMBS\version1.0\pints\azalea\pinktxt.htm --> ftp.exultrade.com /httpdocs/indira/crumbs/version1.0/pints/azalea pinktxt.htm
102.08.30 03:37 B e:\sites\CRUMBS\version1.0\pints\azalea\text.htm --> ftp.exultrade.com /httpdocs/indira/crumbs/version1.0/pints/azalea text.htm
102.08.30 03:37 B e:\sites\CRUMBS\version1.0\pints\azalea\WS_FTP.LOG --> ftp.exultrade.com /httpdocs/indira/crumbs/version1.0/pints/azalea WS_FTP.LOG
