102.03.03 21:14 B d:\sites\crumbs\pints\indexpints\indexpints4_r6_c09_f2.gif --> ftp.exultrade.com /g:/webserver/exultrade/htdocs/indira/crumbs/pints/indexpints indexpints4_r6_c09_f2.gif
102.03.03 21:14 B d:\sites\crumbs\pints\indexpints\indexpints4_r6_c10.gif --> ftp.exultrade.com /g:/webserver/exultrade/htdocs/indira/crumbs/pints/indexpints indexpints4_r6_c10.gif
102.03.03 21:14 B d:\sites\crumbs\pints\indexpints\indexpints4_r7_c03.gif --> ftp.exultrade.com /g:/webserver/exultrade/htdocs/indira/crumbs/pints/indexpints indexpints4_r7_c03.gif
102.03.03 21:14 B d:\sites\crumbs\pints\indexpints\indexpints4_r7_c03_f2.gif --> ftp.exultrade.com /g:/webserver/exultrade/htdocs/indira/crumbs/pints/indexpints indexpints4_r7_c03_f2.gif
102.03.03 21:14 B d:\sites\crumbs\pints\indexpints\indexpints4_r7_c04.gif --> ftp.exultrade.com /g:/webserver/exultrade/htdocs/indira/crumbs/pints/indexpints indexpints4_r7_c04.gif
102.03.03 21:14 B d:\sites\crumbs\pints\indexpints\indexpints4_r7_c04_f2.gif --> ftp.exultrade.com /g:/webserver/exultrade/htdocs/indira/crumbs/pints/indexpints indexpints4_r7_c04_f2.gif
102.03.03 21:14 B d:\sites\crumbs\pints\indexpints\indexpints4_r7_c05.gif --> ftp.exultrade.com /g:/webserver/exultrade/htdocs/indira/crumbs/pints/indexpints indexpints4_r7_c05.gif
102.03.03 21:14 B d:\sites\crumbs\pints\indexpints\indexpints4_r7_c05_f2.gif --> ftp.exultrade.com /g:/webserver/exultrade/htdocs/indira/crumbs/pints/indexpints indexpints4_r7_c05_f2.gif
102.03.03 21:14 B d:\sites\crumbs\pints\indexpints\indexpints4_r7_c06.gif --> ftp.exultrade.com /g:/webserver/exultrade/htdocs/indira/crumbs/pints/indexpints indexpints4_r7_c06.gif
102.03.03 21:14 B d:\sites\crumbs\pints\indexpints\indexpints4_r7_c06_f2.gif --> ftp.exultrade.com /g:/webserver/exultrade/htdocs/indira/crumbs/pints/indexpints indexpints4_r7_c06_f2.gif
102.03.03 21:14 B d:\sites\crumbs\pints\indexpints\indexpints4_r7_c07.gif --> ftp.exultrade.com /g:/webserver/exultrade/htdocs/indira/crumbs/pints/indexpints indexpints4_r7_c07.gif
102.03.03 21:14 B d:\sites\crumbs\pints\indexpints\indexpints4_r7_c07_f2.gif --> ftp.exultrade.com /g:/webserver/exultrade/htdocs/indira/crumbs/pints/indexpints indexpints4_r7_c07_f2.gif
102.03.03 21:14 B d:\sites\crumbs\pints\indexpints\indexpints4_r7_c08.gif --> ftp.exultrade.com /g:/webserver/exultrade/htdocs/indira/crumbs/pints/indexpints indexpints4_r7_c08.gif
102.03.03 21:14 B d:\sites\crumbs\pints\indexpints\indexpints4_r7_c09.gif --> ftp.exultrade.com /g:/webserver/exultrade/htdocs/indira/crumbs/pints/indexpints indexpints4_r7_c09.gif
102.03.03 21:14 B d:\sites\crumbs\pints\indexpints\indexpints4_r7_c09_f2.gif --> ftp.exultrade.com /g:/webserver/exultrade/htdocs/indira/crumbs/pints/indexpints indexpints4_r7_c09_f2.gif
102.03.03 21:14 B d:\sites\crumbs\pints\indexpints\indexpints4_r7_c10.gif --> ftp.exultrade.com /g:/webserver/exultrade/htdocs/indira/crumbs/pints/indexpints indexpints4_r7_c10.gif
102.03.03 21:14 B d:\sites\crumbs\pints\indexpints\indexpints4_r7_c10_f2.gif --> ftp.exultrade.com /g:/webserver/exultrade/htdocs/indira/crumbs/pints/indexpints indexpints4_r7_c10_f2.gif
102.03.03 21:14 B d:\sites\crumbs\pints\indexpints\indexpints4_r7_c11.gif --> ftp.exultrade.com /g:/webserver/exultrade/htdocs/indira/crumbs/pints/indexpints indexpints4_r7_c11.gif
102.03.03 21:14 B d:\sites\crumbs\pints\indexpints\indexpints4_r7_c11_f2.gif --> ftp.exultrade.com /g:/webserver/exultrade/htdocs/indira/crumbs/pints/indexpints indexpints4_r7_c11_f2.gif
102.03.03 21:14 B d:\sites\crumbs\pints\indexpints\indexpints4_r7_c12.gif --> ftp.exultrade.com /g:/webserver/exultrade/htdocs/indira/crumbs/pints/indexpints indexpints4_r7_c12.gif
102.03.03 21:14 B d:\sites\crumbs\pints\indexpints\indexpints4_r7_c12_f2.gif --> ftp.exultrade.com /g:/webserver/exultrade/htdocs/indira/crumbs/pints/indexpints indexpints4_r7_c12_f2.gif
102.03.03 21:14 B d:\sites\crumbs\pints\indexpints\indexpints4_r7_c14.gif --> ftp.exultrade.com /g:/webserver/exultrade/htdocs/indira/crumbs/pints/indexpints indexpints4_r7_c14.gif
102.03.03 21:14 B d:\sites\crumbs\pints\indexpints\indexpints4_r7_c14_f2.gif --> ftp.exultrade.com /g:/webserver/exultrade/htdocs/indira/crumbs/pints/indexpints indexpints4_r7_c14_f2.gif
102.03.03 21:14 B d:\sites\crumbs\pints\indexpints\indexpints4_r7_c15.gif --> ftp.exultrade.com /g:/webserver/exultrade/htdocs/indira/crumbs/pints/indexpints indexpints4_r7_c15.gif
102.03.03 21:14 B d:\sites\crumbs\pints\indexpints\indexpints4_r7_c15_f2.gif --> ftp.exultrade.com /g:/webserver/exultrade/htdocs/indira/crumbs/pints/indexpints indexpints4_r7_c15_f2.gif
102.03.03 21:14 B d:\sites\crumbs\pints\indexpints\leftside.gif --> ftp.exultrade.com /g:/webserver/exultrade/htdocs/indira/crumbs/pints/indexpints leftside.gif
102.03.03 21:14 B d:\sites\crumbs\pints\indexpints\lrhcorner.gif --> ftp.exultrade.com /g:/webserver/exultrade/htdocs/indira/crumbs/pints/indexpints lrhcorner.gif
102.03.03 21:14 B d:\sites\crumbs\pints\indexpints\past.gif --> ftp.exultrade.com /g:/webserver/exultrade/htdocs/indira/crumbs/pints/indexpints past.gif
102.03.03 21:14 B d:\sites\crumbs\pints\indexpints\past_f2.gif --> ftp.exultrade.com /g:/webserver/exultrade/htdocs/indira/crumbs/pints/indexpints past_f2.gif
102.03.03 21:15 B d:\sites\crumbs\pints\indexpints\radioslice.gif --> ftp.exultrade.com /g:/webserver/exultrade/htdocs/indira/crumbs/pints/indexpints radioslice.gif
102.03.03 21:15 B d:\sites\crumbs\pints\indexpints\radioslice_f8.gif --> ftp.exultrade.com /g:/webserver/exultrade/htdocs/indira/crumbs/pints/indexpints radioslice_f8.gif
102.03.03 21:15 B d:\sites\crumbs\pints\indexpints\rightside.gif --> ftp.exultrade.com /g:/webserver/exultrade/htdocs/indira/crumbs/pints/indexpints rightside.gif
102.03.03 21:15 B d:\sites\crumbs\pints\indexpints\shim.gif --> ftp.exultrade.com /g:/webserver/exultrade/htdocs/indira/crumbs/pints/indexpints shim.gif
102.03.03 21:15 B d:\sites\crumbs\pints\indexpints\signature.gif --> ftp.exultrade.com /g:/webserver/exultrade/htdocs/indira/crumbs/pints/indexpints signature.gif
102.03.03 21:15 B d:\sites\crumbs\pints\indexpints\top.gif --> ftp.exultrade.com /g:/webserver/exultrade/htdocs/indira/crumbs/pints/indexpints top.gif
102.08.30 04:03 B e:\Sites\CRUMBS\version1.0\pints\indexpints\balloon2candles.gif --> ftp.exultrade.com /httpdocs/indira/crumbs/version1.0/pints/indexpints balloon2candles.gif
102.08.30 04:03 B e:\Sites\CRUMBS\version1.0\pints\indexpints\balloon7camels.gif --> ftp.exultrade.com /httpdocs/indira/crumbs/version1.0/pints/indexpints balloon7camels.gif
102.08.30 04:03 B e:\Sites\CRUMBS\version1.0\pints\indexpints\balloon7camels_f2.gif --> ftp.exultrade.com /httpdocs/indira/crumbs/version1.0/pints/indexpints balloon7camels_f2.gif
102.08.30 04:03 B e:\Sites\CRUMBS\version1.0\pints\indexpints\balloon7camels_f3.gif --> ftp.exultrade.com /httpdocs/indira/crumbs/version1.0/pints/indexpints balloon7camels_f3.gif
102.08.30 04:03 B e:\Sites\CRUMBS\version1.0\pints\indexpints\balloon7camels_f4.gif --> ftp.exultrade.com /httpdocs/indira/crumbs/version1.0/pints/indexpints balloon7camels_f4.gif
102.08.30 04:03 B e:\Sites\CRUMBS\version1.0\pints\indexpints\balloon7camels_f5.gif --> ftp.exultrade.com /httpdocs/indira/crumbs/version1.0/pints/indexpints balloon7camels_f5.gif
102.08.30 04:03 B e:\Sites\CRUMBS\version1.0\pints\indexpints\balloon7camels_f6.gif --> ftp.exultrade.com /httpdocs/indira/crumbs/version1.0/pints/indexpints balloon7camels_f6.gif
102.08.30 04:04 B e:\Sites\CRUMBS\version1.0\pints\indexpints\balloon7camels_f7.gif --> ftp.exultrade.com /httpdocs/indira/crumbs/version1.0/pints/indexpints balloon7camels_f7.gif
102.08.30 04:04 B e:\Sites\CRUMBS\version1.0\pints\indexpints\balloon7camels_f8.gif --> ftp.exultrade.com /httpdocs/indira/crumbs/version1.0/pints/indexpints balloon7camels_f8.gif
102.08.30 04:04 B e:\Sites\CRUMBS\version1.0\pints\indexpints\balloonmango_f2.gif --> ftp.exultrade.com /httpdocs/indira/crumbs/version1.0/pints/indexpints balloonmango_f2.gif
102.08.30 04:04 B e:\Sites\CRUMBS\version1.0\pints\indexpints\balloonmango_f3.gif --> ftp.exultrade.com /httpdocs/indira/crumbs/version1.0/pints/indexpints balloonmango_f3.gif
102.08.30 04:04 B e:\Sites\CRUMBS\version1.0\pints\indexpints\balloonmango_f4.gif --> ftp.exultrade.com /httpdocs/indira/crumbs/version1.0/pints/indexpints balloonmango_f4.gif
102.08.30 04:04 B e:\Sites\CRUMBS\version1.0\pints\indexpints\balloonmango_f5.gif --> ftp.exultrade.com /httpdocs/indira/crumbs/version1.0/pints/indexpints balloonmango_f5.gif
102.08.30 04:04 B e:\Sites\CRUMBS\version1.0\pints\indexpints\balloonmango_f6.gif --> ftp.exultrade.com /httpdocs/indira/crumbs/version1.0/pints/indexpints balloonmango_f6.gif
102.08.30 04:04 B e:\Sites\CRUMBS\version1.0\pints\indexpints\balloonmango_f7.gif --> ftp.exultrade.com /httpdocs/indira/crumbs/version1.0/pints/indexpints balloonmango_f7.gif
102.08.30 04:04 B e:\Sites\CRUMBS\version1.0\pints\indexpints\balloonpints_f2.gif --> ftp.exultrade.com /httpdocs/indira/crumbs/version1.0/pints/indexpints balloonpints_f2.gif
102.08.30 04:04 B e:\Sites\CRUMBS\version1.0\pints\indexpints\balloonpints_f3.gif --> ftp.exultrade.com /httpdocs/indira/crumbs/version1.0/pints/indexpints balloonpints_f3.gif
102.08.30 04:04 B e:\Sites\CRUMBS\version1.0\pints\indexpints\balloonpints_f4.gif --> ftp.exultrade.com /httpdocs/indira/crumbs/version1.0/pints/indexpints balloonpints_f4.gif
102.08.30 04:04 B e:\Sites\CRUMBS\version1.0\pints\indexpints\balloonpints_f5.gif --> ftp.exultrade.com /httpdocs/indira/crumbs/version1.0/pints/indexpints balloonpints_f5.gif
102.08.30 04:04 B e:\Sites\CRUMBS\version1.0\pints\indexpints\balloonpints_f6.gif --> ftp.exultrade.com /httpdocs/indira/crumbs/version1.0/pints/indexpints balloonpints_f6.gif
102.08.30 04:04 B e:\Sites\CRUMBS\version1.0\pints\indexpints\balloonpints_f7.gif --> ftp.exultrade.com /httpdocs/indira/crumbs/version1.0/pints/indexpints balloonpints_f7.gif
102.08.30 04:04 B e:\Sites\CRUMBS\version1.0\pints\indexpints\balloonsigh.gif --> ftp.exultrade.com /httpdocs/indira/crumbs/version1.0/pints/indexpints balloonsigh.gif
102.08.30 04:04 B e:\Sites\CRUMBS\version1.0\pints\indexpints\balloonsigh_f2.gif --> ftp.exultrade.com /httpdocs/indira/crumbs/version1.0/pints/indexpints balloonsigh_f2.gif
102.08.30 04:04 B e:\Sites\CRUMBS\version1.0\pints\indexpints\balloonsigh_f3.gif --> ftp.exultrade.com /httpdocs/indira/crumbs/version1.0/pints/indexpints balloonsigh_f3.gif
102.08.30 04:04 B e:\Sites\CRUMBS\version1.0\pints\indexpints\balloonsigh_f4.gif --> ftp.exultrade.com /httpdocs/indira/crumbs/version1.0/pints/indexpints balloonsigh_f4.gif
102.08.30 04:04 B e:\Sites\CRUMBS\version1.0\pints\indexpints\balloonsigh_f5.gif --> ftp.exultrade.com /httpdocs/indira/crumbs/version1.0/pints/indexpints balloonsigh_f5.gif
102.08.30 04:04 B e:\Sites\CRUMBS\version1.0\pints\indexpints\balloonsigh_f6.gif --> ftp.exultrade.com /httpdocs/indira/crumbs/version1.0/pints/indexpints balloonsigh_f6.gif
102.08.30 04:04 B e:\Sites\CRUMBS\version1.0\pints\indexpints\balloonsigh_f7.gif --> ftp.exultrade.com /httpdocs/indira/crumbs/version1.0/pints/indexpints balloonsigh_f7.gif
102.08.30 04:04 B e:\Sites\CRUMBS\version1.0\pints\indexpints\brick.gif --> ftp.exultrade.com /httpdocs/indira/crumbs/version1.0/pints/indexpints brick.gif
102.08.30 04:04 B e:\Sites\CRUMBS\version1.0\pints\indexpints\indexpints4_r5_c02.gif --> ftp.exultrade.com /httpdocs/indira/crumbs/version1.0/pints/indexpints indexpints4_r5_c02.gif
102.08.30 04:04 B e:\Sites\CRUMBS\version1.0\pints\indexpints\indexpints4_r6_c02.gif --> ftp.exultrade.com /httpdocs/indira/crumbs/version1.0/pints/indexpints indexpints4_r6_c02.gif
102.08.30 04:04 B e:\Sites\CRUMBS\version1.0\pints\indexpints\indexpints4_r6_c04.gif --> ftp.exultrade.com /httpdocs/indira/crumbs/version1.0/pints/indexpints indexpints4_r6_c04.gif
102.08.30 04:04 B e:\Sites\CRUMBS\version1.0\pints\indexpints\indexpints4_r6_c04_f2.gif --> ftp.exultrade.com /httpdocs/indira/crumbs/version1.0/pints/indexpints indexpints4_r6_c04_f2.gif
102.08.30 04:04 B e:\Sites\CRUMBS\version1.0\pints\indexpints\indexpints4_r6_c06.gif --> ftp.exultrade.com /httpdocs/indira/crumbs/version1.0/pints/indexpints indexpints4_r6_c06.gif
102.08.30 04:04 B e:\Sites\CRUMBS\version1.0\pints\indexpints\indexpints4_r6_c06_f2.gif --> ftp.exultrade.com /httpdocs/indira/crumbs/version1.0/pints/indexpints indexpints4_r6_c06_f2.gif
102.08.30 04:04 B e:\Sites\CRUMBS\version1.0\pints\indexpints\indexpints4_r6_c07.gif --> ftp.exultrade.com /httpdocs/indira/crumbs/version1.0/pints/indexpints indexpints4_r6_c07.gif
102.08.30 04:04 B e:\Sites\CRUMBS\version1.0\pints\indexpints\indexpints4_r6_c07_f2.gif --> ftp.exultrade.com /httpdocs/indira/crumbs/version1.0/pints/indexpints indexpints4_r6_c07_f2.gif
102.08.30 04:04 B e:\Sites\CRUMBS\version1.0\pints\indexpints\indexpints4_r6_c08.gif --> ftp.exultrade.com /httpdocs/indira/crumbs/version1.0/pints/indexpints indexpints4_r6_c08.gif
102.08.30 04:04 B e:\Sites\CRUMBS\version1.0\pints\indexpints\indexpints4_r6_c09.gif --> ftp.exultrade.com /httpdocs/indira/crumbs/version1.0/pints/indexpints indexpints4_r6_c09.gif
102.08.30 04:04 B e:\Sites\CRUMBS\version1.0\pints\indexpints\indexpints4_r6_c09_f2.gif --> ftp.exultrade.com /httpdocs/indira/crumbs/version1.0/pints/indexpints indexpints4_r6_c09_f2.gif
102.08.30 04:04 B e:\Sites\CRUMBS\version1.0\pints\indexpints\indexpints4_r6_c10.gif --> ftp.exultrade.com /httpdocs/indira/crumbs/version1.0/pints/indexpints indexpints4_r6_c10.gif
102.08.30 04:04 B e:\Sites\CRUMBS\version1.0\pints\indexpints\indexpints4_r7_c03.gif --> ftp.exultrade.com /httpdocs/indira/crumbs/version1.0/pints/indexpints indexpints4_r7_c03.gif
102.08.30 04:04 B e:\Sites\CRUMBS\version1.0\pints\indexpints\indexpints4_r7_c03_f2.gif --> ftp.exultrade.com /httpdocs/indira/crumbs/version1.0/pints/indexpints indexpints4_r7_c03_f2.gif
102.08.30 04:04 B e:\Sites\CRUMBS\version1.0\pints\indexpints\indexpints4_r7_c04.gif --> ftp.exultrade.com /httpdocs/indira/crumbs/version1.0/pints/indexpints indexpints4_r7_c04.gif
102.08.30 04:04 B e:\Sites\CRUMBS\version1.0\pints\indexpints\indexpints4_r7_c04_f2.gif --> ftp.exultrade.com /httpdocs/indira/crumbs/version1.0/pints/indexpints indexpints4_r7_c04_f2.gif
102.08.30 04:05 B e:\Sites\CRUMBS\version1.0\pints\indexpints\indexpints4_r7_c05.gif --> ftp.exultrade.com /httpdocs/indira/crumbs/version1.0/pints/indexpints indexpints4_r7_c05.gif
102.08.30 04:05 B e:\Sites\CRUMBS\version1.0\pints\indexpints\indexpints4_r7_c05_f2.gif --> ftp.exultrade.com /httpdocs/indira/crumbs/version1.0/pints/indexpints indexpints4_r7_c05_f2.gif
102.08.30 04:05 B e:\Sites\CRUMBS\version1.0\pints\indexpints\indexpints4_r7_c06.gif --> ftp.exultrade.com /httpdocs/indira/crumbs/version1.0/pints/indexpints indexpints4_r7_c06.gif
102.08.30 04:05 B e:\Sites\CRUMBS\version1.0\pints\indexpints\indexpints4_r7_c06_f2.gif --> ftp.exultrade.com /httpdocs/indira/crumbs/version1.0/pints/indexpints indexpints4_r7_c06_f2.gif
102.08.30 04:05 B e:\Sites\CRUMBS\version1.0\pints\indexpints\indexpints4_r7_c07.gif --> ftp.exultrade.com /httpdocs/indira/crumbs/version1.0/pints/indexpints indexpints4_r7_c07.gif
102.08.30 04:05 B e:\Sites\CRUMBS\version1.0\pints\indexpints\indexpints4_r7_c07_f2.gif --> ftp.exultrade.com /httpdocs/indira/crumbs/version1.0/pints/indexpints indexpints4_r7_c07_f2.gif
102.08.30 04:05 B e:\Sites\CRUMBS\version1.0\pints\indexpints\indexpints4_r7_c08.gif --> ftp.exultrade.com /httpdocs/indira/crumbs/version1.0/pints/indexpints indexpints4_r7_c08.gif
102.08.30 04:05 B e:\Sites\CRUMBS\version1.0\pints\indexpints\indexpints4_r7_c09.gif --> ftp.exultrade.com /httpdocs/indira/crumbs/version1.0/pints/indexpints indexpints4_r7_c09.gif
102.08.30 04:05 B e:\Sites\CRUMBS\version1.0\pints\indexpints\indexpints4_r7_c09_f2.gif --> ftp.exultrade.com /httpdocs/indira/crumbs/version1.0/pints/indexpints indexpints4_r7_c09_f2.gif
102.08.30 04:05 B e:\Sites\CRUMBS\version1.0\pints\indexpints\indexpints4_r7_c10.gif --> ftp.exultrade.com /httpdocs/indira/crumbs/version1.0/pints/indexpints indexpints4_r7_c10.gif
102.08.30 04:05 B e:\Sites\CRUMBS\version1.0\pints\indexpints\indexpints4_r7_c10_f2.gif --> ftp.exultrade.com /httpdocs/indira/crumbs/version1.0/pints/indexpints indexpints4_r7_c10_f2.gif
102.08.30 04:05 B e:\Sites\CRUMBS\version1.0\pints\indexpints\indexpints4_r7_c11.gif --> ftp.exultrade.com /httpdocs/indira/crumbs/version1.0/pints/indexpints indexpints4_r7_c11.gif
102.08.30 04:05 B e:\Sites\CRUMBS\version1.0\pints\indexpints\indexpints4_r7_c11_f2.gif --> ftp.exultrade.com /httpdocs/indira/crumbs/version1.0/pints/indexpints indexpints4_r7_c11_f2.gif
102.08.30 04:05 B e:\Sites\CRUMBS\version1.0\pints\indexpints\indexpints4_r7_c12.gif --> ftp.exultrade.com /httpdocs/indira/crumbs/version1.0/pints/indexpints indexpints4_r7_c12.gif
102.08.30 04:05 B e:\Sites\CRUMBS\version1.0\pints\indexpints\indexpints4_r7_c12_f2.gif --> ftp.exultrade.com /httpdocs/indira/crumbs/version1.0/pints/indexpints indexpints4_r7_c12_f2.gif
102.08.30 04:05 B e:\Sites\CRUMBS\version1.0\pints\indexpints\indexpints4_r7_c14.gif --> ftp.exultrade.com /httpdocs/indira/crumbs/version1.0/pints/indexpints indexpints4_r7_c14.gif
102.08.30 04:05 B e:\Sites\CRUMBS\version1.0\pints\indexpints\indexpints4_r7_c14_f2.gif --> ftp.exultrade.com /httpdocs/indira/crumbs/version1.0/pints/indexpints indexpints4_r7_c14_f2.gif
102.08.30 04:05 B e:\Sites\CRUMBS\version1.0\pints\indexpints\indexpints4_r7_c15.gif --> ftp.exultrade.com /httpdocs/indira/crumbs/version1.0/pints/indexpints indexpints4_r7_c15.gif
102.08.30 04:05 B e:\Sites\CRUMBS\version1.0\pints\indexpints\indexpints4_r7_c15_f2.gif --> ftp.exultrade.com /httpdocs/indira/crumbs/version1.0/pints/indexpints indexpints4_r7_c15_f2.gif
102.08.30 04:05 B e:\Sites\CRUMBS\version1.0\pints\indexpints\leftside.gif --> ftp.exultrade.com /httpdocs/indira/crumbs/version1.0/pints/indexpints leftside.gif
102.08.30 04:05 B e:\Sites\CRUMBS\version1.0\pints\indexpints\lrhcorner.gif --> ftp.exultrade.com /httpdocs/indira/crumbs/version1.0/pints/indexpints lrhcorner.gif
102.08.30 04:05 B e:\Sites\CRUMBS\version1.0\pints\indexpints\past.gif --> ftp.exultrade.com /httpdocs/indira/crumbs/version1.0/pints/indexpints past.gif
102.08.30 04:05 B e:\Sites\CRUMBS\version1.0\pints\indexpints\past_f2.gif --> ftp.exultrade.com /httpdocs/indira/crumbs/version1.0/pints/indexpints past_f2.gif
102.08.30 04:05 B e:\Sites\CRUMBS\version1.0\pints\indexpints\radioslice.gif --> ftp.exultrade.com /httpdocs/indira/crumbs/version1.0/pints/indexpints radioslice.gif
102.08.30 04:05 B e:\Sites\CRUMBS\version1.0\pints\indexpints\radioslice_f8.gif --> ftp.exultrade.com /httpdocs/indira/crumbs/version1.0/pints/indexpints radioslice_f8.gif
102.08.30 04:05 B e:\Sites\CRUMBS\version1.0\pints\indexpints\rightside.gif --> ftp.exultrade.com /httpdocs/indira/crumbs/version1.0/pints/indexpints rightside.gif
102.08.30 04:05 B e:\Sites\CRUMBS\version1.0\pints\indexpints\shim.gif --> ftp.exultrade.com /httpdocs/indira/crumbs/version1.0/pints/indexpints shim.gif
102.08.30 04:05 B e:\Sites\CRUMBS\version1.0\pints\indexpints\signature.gif --> ftp.exultrade.com /httpdocs/indira/crumbs/version1.0/pints/indexpints signature.gif
102.08.30 04:07 B e:\Sites\CRUMBS\version1.0\pints\indexpints\Thumbs.db --> ftp.exultrade.com /httpdocs/indira/crumbs/version1.0/pints/indexpints Thumbs.db
102.08.30 04:08 B e:\Sites\CRUMBS\version1.0\pints\indexpints\top.gif --> ftp.exultrade.com /httpdocs/indira/crumbs/version1.0/pints/indexpints top.gif
