102.08.30 00:43 B e:\sites\CRUMBS\version1.0\grabbag\drinking\drinking.htm --> ftp.exultrade.com /httpdocs/indira/crumbs/version1.0/grabbag/drinking drinking.htm
102.08.30 00:43 B e:\sites\CRUMBS\version1.0\grabbag\drinking\drinking10.htm --> ftp.exultrade.com /httpdocs/indira/crumbs/version1.0/grabbag/drinking drinking10.htm
102.08.30 00:43 B e:\sites\CRUMBS\version1.0\grabbag\drinking\drinking11.htm --> ftp.exultrade.com /httpdocs/indira/crumbs/version1.0/grabbag/drinking drinking11.htm
102.08.30 00:44 B e:\sites\CRUMBS\version1.0\grabbag\drinking\drinking12.htm --> ftp.exultrade.com /httpdocs/indira/crumbs/version1.0/grabbag/drinking drinking12.htm
102.08.30 00:44 B e:\sites\CRUMBS\version1.0\grabbag\drinking\drinking13.htm --> ftp.exultrade.com /httpdocs/indira/crumbs/version1.0/grabbag/drinking drinking13.htm
102.08.30 00:44 B e:\sites\CRUMBS\version1.0\grabbag\drinking\drinking2.htm --> ftp.exultrade.com /httpdocs/indira/crumbs/version1.0/grabbag/drinking drinking2.htm
102.08.30 00:44 B e:\sites\CRUMBS\version1.0\grabbag\drinking\drinking3.htm --> ftp.exultrade.com /httpdocs/indira/crumbs/version1.0/grabbag/drinking drinking3.htm
102.08.30 00:44 B e:\sites\CRUMBS\version1.0\grabbag\drinking\drinking4.htm --> ftp.exultrade.com /httpdocs/indira/crumbs/version1.0/grabbag/drinking drinking4.htm
102.08.30 00:44 B e:\sites\CRUMBS\version1.0\grabbag\drinking\drinking5.htm --> ftp.exultrade.com /httpdocs/indira/crumbs/version1.0/grabbag/drinking drinking5.htm
102.08.30 00:44 B e:\sites\CRUMBS\version1.0\grabbag\drinking\drinking6.htm --> ftp.exultrade.com /httpdocs/indira/crumbs/version1.0/grabbag/drinking drinking6.htm
102.08.30 00:44 B e:\sites\CRUMBS\version1.0\grabbag\drinking\drinking7.htm --> ftp.exultrade.com /httpdocs/indira/crumbs/version1.0/grabbag/drinking drinking7.htm
102.08.30 00:44 B e:\sites\CRUMBS\version1.0\grabbag\drinking\drinking8.htm --> ftp.exultrade.com /httpdocs/indira/crumbs/version1.0/grabbag/drinking drinking8.htm
102.08.30 00:44 B e:\sites\CRUMBS\version1.0\grabbag\drinking\drinking9.htm --> ftp.exultrade.com /httpdocs/indira/crumbs/version1.0/grabbag/drinking drinking9.htm
102.08.30 02:33 B e:\sites\crumbs\version1.0\grabbag\drinking\drinking.htm --> ftp.exultrade.com /httpdocs/indira/crumbs/version1.0/grabbag/drinking drinking.htm
102.08.30 02:33 B e:\sites\crumbs\version1.0\grabbag\drinking\drinking10.htm --> ftp.exultrade.com /httpdocs/indira/crumbs/version1.0/grabbag/drinking drinking10.htm
102.08.30 02:33 B e:\sites\crumbs\version1.0\grabbag\drinking\drinking11.htm --> ftp.exultrade.com /httpdocs/indira/crumbs/version1.0/grabbag/drinking drinking11.htm
102.08.30 02:33 B e:\sites\crumbs\version1.0\grabbag\drinking\drinking12.htm --> ftp.exultrade.com /httpdocs/indira/crumbs/version1.0/grabbag/drinking drinking12.htm
102.08.30 02:33 B e:\sites\crumbs\version1.0\grabbag\drinking\drinking13.htm --> ftp.exultrade.com /httpdocs/indira/crumbs/version1.0/grabbag/drinking drinking13.htm
102.08.30 02:33 B e:\sites\crumbs\version1.0\grabbag\drinking\drinking2.htm --> ftp.exultrade.com /httpdocs/indira/crumbs/version1.0/grabbag/drinking drinking2.htm
102.08.30 02:33 B e:\sites\crumbs\version1.0\grabbag\drinking\drinking3.htm --> ftp.exultrade.com /httpdocs/indira/crumbs/version1.0/grabbag/drinking drinking3.htm
102.08.30 02:33 B e:\sites\crumbs\version1.0\grabbag\drinking\drinking4.htm --> ftp.exultrade.com /httpdocs/indira/crumbs/version1.0/grabbag/drinking drinking4.htm
102.08.30 02:33 B e:\sites\crumbs\version1.0\grabbag\drinking\drinking5.htm --> ftp.exultrade.com /httpdocs/indira/crumbs/version1.0/grabbag/drinking drinking5.htm
102.08.30 02:33 B e:\sites\crumbs\version1.0\grabbag\drinking\drinking6.htm --> ftp.exultrade.com /httpdocs/indira/crumbs/version1.0/grabbag/drinking drinking6.htm
102.08.30 02:33 B e:\sites\crumbs\version1.0\grabbag\drinking\drinking7.htm --> ftp.exultrade.com /httpdocs/indira/crumbs/version1.0/grabbag/drinking drinking7.htm
102.08.30 02:33 B e:\sites\crumbs\version1.0\grabbag\drinking\drinking8.htm --> ftp.exultrade.com /httpdocs/indira/crumbs/version1.0/grabbag/drinking drinking8.htm
102.08.30 02:34 B e:\sites\crumbs\version1.0\grabbag\drinking\drinking9.htm --> ftp.exultrade.com /httpdocs/indira/crumbs/version1.0/grabbag/drinking drinking9.htm
102.08.30 02:34 B e:\sites\crumbs\version1.0\grabbag\drinking\WS_FTP.LOG --> ftp.exultrade.com /httpdocs/indira/crumbs/version1.0/grabbag/drinking WS_FTP.LOG
