102.03.03 18:17 B D:\SITES\CRUMBS\polaroids\images\blac-blu-green.gif --> ftp.exultrade.com /g:/webserver/exultrade/htdocs/indira/crumbs/polaroids/images blac-blu-green.gif
102.03.03 18:17 B D:\SITES\CRUMBS\polaroids\images\blac-pink-yell1.gif --> ftp.exultrade.com /g:/webserver/exultrade/htdocs/indira/crumbs/polaroids/images blac-pink-yell1.gif
102.03.03 18:17 B D:\SITES\CRUMBS\polaroids\images\blue-lime-blue.gif --> ftp.exultrade.com /g:/webserver/exultrade/htdocs/indira/crumbs/polaroids/images blue-lime-blue.gif
102.03.03 18:17 B D:\SITES\CRUMBS\polaroids\images\blue-yell-red.gif --> ftp.exultrade.com /g:/webserver/exultrade/htdocs/indira/crumbs/polaroids/images blue-yell-red.gif
102.03.03 18:17 B D:\SITES\CRUMBS\polaroids\images\contribs.gif --> ftp.exultrade.com /g:/webserver/exultrade/htdocs/indira/crumbs/polaroids/images contribs.gif
102.03.03 18:17 B D:\SITES\CRUMBS\polaroids\images\grape.gif --> ftp.exultrade.com /g:/webserver/exultrade/htdocs/indira/crumbs/polaroids/images grape.gif
102.03.03 18:18 B D:\SITES\CRUMBS\polaroids\images\gree-blue-pink.gif --> ftp.exultrade.com /g:/webserver/exultrade/htdocs/indira/crumbs/polaroids/images gree-blue-pink.gif
102.03.03 18:18 B D:\SITES\CRUMBS\polaroids\images\ink-polaroids1.gif --> ftp.exultrade.com /g:/webserver/exultrade/htdocs/indira/crumbs/polaroids/images ink-polaroids1.gif
102.03.03 18:18 B D:\SITES\CRUMBS\polaroids\images\oran-lime-blue.gif --> ftp.exultrade.com /g:/webserver/exultrade/htdocs/indira/crumbs/polaroids/images oran-lime-blue.gif
102.03.03 18:18 B D:\SITES\CRUMBS\polaroids\images\orange-violdots.gif --> ftp.exultrade.com /g:/webserver/exultrade/htdocs/indira/crumbs/polaroids/images orange-violdots.gif
102.03.03 18:18 B D:\SITES\CRUMBS\polaroids\images\pink-blue-viol.gif --> ftp.exultrade.com /g:/webserver/exultrade/htdocs/indira/crumbs/polaroids/images pink-blue-viol.gif
102.03.03 18:18 B D:\SITES\CRUMBS\polaroids\images\pink-orange-red.gif --> ftp.exultrade.com /g:/webserver/exultrade/htdocs/indira/crumbs/polaroids/images pink-orange-red.gif
102.03.03 18:18 B D:\SITES\CRUMBS\polaroids\images\red-viol-yell.gif --> ftp.exultrade.com /g:/webserver/exultrade/htdocs/indira/crumbs/polaroids/images red-viol-yell.gif
102.03.03 18:18 B D:\SITES\CRUMBS\polaroids\images\red-whit-blac.gif --> ftp.exultrade.com /g:/webserver/exultrade/htdocs/indira/crumbs/polaroids/images red-whit-blac.gif
102.03.03 18:18 B D:\SITES\CRUMBS\polaroids\images\Thumbs.db --> ftp.exultrade.com /g:/webserver/exultrade/htdocs/indira/crumbs/polaroids/images Thumbs.db
102.03.03 18:18 B D:\SITES\CRUMBS\polaroids\images\viol-whit-red.gif --> ftp.exultrade.com /g:/webserver/exultrade/htdocs/indira/crumbs/polaroids/images viol-whit-red.gif
102.03.03 18:18 B D:\SITES\CRUMBS\polaroids\images\whit-blu-gree.gif --> ftp.exultrade.com /g:/webserver/exultrade/htdocs/indira/crumbs/polaroids/images whit-blu-gree.gif
102.03.03 18:18 B D:\SITES\CRUMBS\polaroids\images\whit-pink-gree.gif --> ftp.exultrade.com /g:/webserver/exultrade/htdocs/indira/crumbs/polaroids/images whit-pink-gree.gif
102.03.03 18:19 B D:\SITES\CRUMBS\polaroids\images\whit-yell-red.gif --> ftp.exultrade.com /g:/webserver/exultrade/htdocs/indira/crumbs/polaroids/images whit-yell-red.gif
102.03.03 18:19 B D:\SITES\CRUMBS\polaroids\images\yell-oran-viol.gif --> ftp.exultrade.com /g:/webserver/exultrade/htdocs/indira/crumbs/polaroids/images yell-oran-viol.gif
102.03.03 18:19 B D:\SITES\CRUMBS\polaroids\images\yell-oran-violdots.gif --> ftp.exultrade.com /g:/webserver/exultrade/htdocs/indira/crumbs/polaroids/images yell-oran-violdots.gif
102.08.30 04:09 B e:\Sites\CRUMBS\version1.0\polaroids\images\blac-blu-green.gif --> ftp.exultrade.com /httpdocs/indira/crumbs/version1.0/polaroids/images blac-blu-green.gif
102.08.30 04:10 B e:\Sites\CRUMBS\version1.0\polaroids\images\blac-pink-yell1.gif --> ftp.exultrade.com /httpdocs/indira/crumbs/version1.0/polaroids/images blac-pink-yell1.gif
102.08.30 04:10 B e:\Sites\CRUMBS\version1.0\polaroids\images\blue-lime-blue.gif --> ftp.exultrade.com /httpdocs/indira/crumbs/version1.0/polaroids/images blue-lime-blue.gif
102.08.30 04:10 B e:\Sites\CRUMBS\version1.0\polaroids\images\blue-yell-red.gif --> ftp.exultrade.com /httpdocs/indira/crumbs/version1.0/polaroids/images blue-yell-red.gif
102.08.30 04:10 B e:\Sites\CRUMBS\version1.0\polaroids\images\contribs.gif --> ftp.exultrade.com /httpdocs/indira/crumbs/version1.0/polaroids/images contribs.gif
102.08.30 04:10 B e:\Sites\CRUMBS\version1.0\polaroids\images\grape.gif --> ftp.exultrade.com /httpdocs/indira/crumbs/version1.0/polaroids/images grape.gif
102.08.30 04:10 B e:\Sites\CRUMBS\version1.0\polaroids\images\gree-blue-pink.gif --> ftp.exultrade.com /httpdocs/indira/crumbs/version1.0/polaroids/images gree-blue-pink.gif
102.08.30 04:10 B e:\Sites\CRUMBS\version1.0\polaroids\images\ink-polaroids1.gif --> ftp.exultrade.com /httpdocs/indira/crumbs/version1.0/polaroids/images ink-polaroids1.gif
102.08.30 04:10 B e:\Sites\CRUMBS\version1.0\polaroids\images\oran-lime-blue.gif --> ftp.exultrade.com /httpdocs/indira/crumbs/version1.0/polaroids/images oran-lime-blue.gif
102.08.30 04:10 B e:\Sites\CRUMBS\version1.0\polaroids\images\orange-violdots.gif --> ftp.exultrade.com /httpdocs/indira/crumbs/version1.0/polaroids/images orange-violdots.gif
102.08.30 04:10 B e:\Sites\CRUMBS\version1.0\polaroids\images\pink-blue-viol.gif --> ftp.exultrade.com /httpdocs/indira/crumbs/version1.0/polaroids/images pink-blue-viol.gif
102.08.30 04:10 B e:\Sites\CRUMBS\version1.0\polaroids\images\pink-orange-red.gif --> ftp.exultrade.com /httpdocs/indira/crumbs/version1.0/polaroids/images pink-orange-red.gif
102.08.30 04:10 B e:\Sites\CRUMBS\version1.0\polaroids\images\red-viol-yell.gif --> ftp.exultrade.com /httpdocs/indira/crumbs/version1.0/polaroids/images red-viol-yell.gif
102.08.30 04:10 B e:\Sites\CRUMBS\version1.0\polaroids\images\red-whit-blac.gif --> ftp.exultrade.com /httpdocs/indira/crumbs/version1.0/polaroids/images red-whit-blac.gif
102.08.30 04:10 B e:\Sites\CRUMBS\version1.0\polaroids\images\Thumbs.db --> ftp.exultrade.com /httpdocs/indira/crumbs/version1.0/polaroids/images Thumbs.db
102.08.30 04:10 B e:\Sites\CRUMBS\version1.0\polaroids\images\viol-whit-red.gif --> ftp.exultrade.com /httpdocs/indira/crumbs/version1.0/polaroids/images viol-whit-red.gif
102.08.30 04:10 B e:\Sites\CRUMBS\version1.0\polaroids\images\whit-blu-gree.gif --> ftp.exultrade.com /httpdocs/indira/crumbs/version1.0/polaroids/images whit-blu-gree.gif
102.08.30 04:11 B e:\Sites\CRUMBS\version1.0\polaroids\images\whit-pink-gree.gif --> ftp.exultrade.com /httpdocs/indira/crumbs/version1.0/polaroids/images whit-pink-gree.gif
102.08.30 04:11 B e:\Sites\CRUMBS\version1.0\polaroids\images\whit-yell-red.gif --> ftp.exultrade.com /httpdocs/indira/crumbs/version1.0/polaroids/images whit-yell-red.gif
102.08.30 04:11 B e:\Sites\CRUMBS\version1.0\polaroids\images\WS_FTP.LOG --> ftp.exultrade.com /httpdocs/indira/crumbs/version1.0/polaroids/images WS_FTP.LOG
102.08.30 04:11 B e:\Sites\CRUMBS\version1.0\polaroids\images\yell-oran-viol.gif --> ftp.exultrade.com /httpdocs/indira/crumbs/version1.0/polaroids/images yell-oran-viol.gif
102.08.30 04:11 B e:\Sites\CRUMBS\version1.0\polaroids\images\yell-oran-violdots.gif --> ftp.exultrade.com /httpdocs/indira/crumbs/version1.0/polaroids/images yell-oran-violdots.gif
