102.04.04 22:55 B d:\sites\crumbs\magnets\index.htm --> ftp.exultrade.com /g:/webserver/exultrade/htdocs/indira/crumbs/version01/magnets index.htm
102.08.30 03:05 B e:\sites\crumbs\version1.0\magnets\2time.htm --> ftp.exultrade.com /httpdocs/indira/crumbs/version1.0/magnets 2time.htm
102.08.30 03:05 B e:\sites\crumbs\version1.0\magnets\346.htm --> ftp.exultrade.com /httpdocs/indira/crumbs/version1.0/magnets 346.htm
102.08.30 03:05 B e:\sites\crumbs\version1.0\magnets\afterlife.htm --> ftp.exultrade.com /httpdocs/indira/crumbs/version1.0/magnets afterlife.htm
102.08.30 03:05 B e:\sites\crumbs\version1.0\magnets\black.htm --> ftp.exultrade.com /httpdocs/indira/crumbs/version1.0/magnets black.htm
102.08.30 03:05 B e:\sites\crumbs\version1.0\magnets\blister.htm --> ftp.exultrade.com /httpdocs/indira/crumbs/version1.0/magnets blister.htm
102.08.30 03:05 B e:\sites\crumbs\version1.0\magnets\blue.htm --> ftp.exultrade.com /httpdocs/indira/crumbs/version1.0/magnets blue.htm
102.08.30 03:05 B e:\sites\crumbs\version1.0\magnets\canvas.htm --> ftp.exultrade.com /httpdocs/indira/crumbs/version1.0/magnets canvas.htm
102.08.30 03:19 B e:\sites\CRUMBS\version1.0\magnets\closed.htm --> ftp.exultrade.com /httpdocs/indira/crumbs/version1.0/magnets closed.htm
102.08.30 03:19 B e:\sites\CRUMBS\version1.0\magnets\cold.htm --> ftp.exultrade.com /httpdocs/indira/crumbs/version1.0/magnets cold.htm
102.08.30 03:19 B e:\sites\CRUMBS\version1.0\magnets\cold2.htm --> ftp.exultrade.com /httpdocs/indira/crumbs/version1.0/magnets cold2.htm
102.08.30 03:19 B e:\sites\CRUMBS\version1.0\magnets\crust.htm --> ftp.exultrade.com /httpdocs/indira/crumbs/version1.0/magnets crust.htm
102.08.30 03:19 B e:\sites\CRUMBS\version1.0\magnets\eyes.htm --> ftp.exultrade.com /httpdocs/indira/crumbs/version1.0/magnets eyes.htm
102.08.30 03:19 B e:\sites\CRUMBS\version1.0\magnets\eyes2.htm --> ftp.exultrade.com /httpdocs/indira/crumbs/version1.0/magnets eyes2.htm
102.08.30 03:19 B e:\sites\CRUMBS\version1.0\magnets\fall.htm --> ftp.exultrade.com /httpdocs/indira/crumbs/version1.0/magnets fall.htm
102.08.30 03:19 B e:\sites\CRUMBS\version1.0\magnets\freak.htm --> ftp.exultrade.com /httpdocs/indira/crumbs/version1.0/magnets freak.htm
102.08.30 03:19 B e:\sites\CRUMBS\version1.0\magnets\gin.htm --> ftp.exultrade.com /httpdocs/indira/crumbs/version1.0/magnets gin.htm
102.08.30 03:19 B e:\sites\CRUMBS\version1.0\magnets\index.htm --> ftp.exultrade.com /httpdocs/indira/crumbs/version1.0/magnets index.htm
102.08.30 03:20 B e:\sites\CRUMBS\version1.0\magnets\index.html --> ftp.exultrade.com /httpdocs/indira/crumbs/version1.0/magnets index.html
102.08.30 03:20 B e:\sites\CRUMBS\version1.0\magnets\krishna.htm --> ftp.exultrade.com /httpdocs/indira/crumbs/version1.0/magnets krishna.htm
102.08.30 03:20 B e:\sites\CRUMBS\version1.0\magnets\leslie.htm --> ftp.exultrade.com /httpdocs/indira/crumbs/version1.0/magnets leslie.htm
102.08.30 03:20 B e:\sites\CRUMBS\version1.0\magnets\lola.htm --> ftp.exultrade.com /httpdocs/indira/crumbs/version1.0/magnets lola.htm
102.08.30 03:20 B e:\sites\CRUMBS\version1.0\magnets\lullabye.htm --> ftp.exultrade.com /httpdocs/indira/crumbs/version1.0/magnets lullabye.htm
102.08.30 03:20 B e:\sites\CRUMBS\version1.0\magnets\mentalnote.htm --> ftp.exultrade.com /httpdocs/indira/crumbs/version1.0/magnets mentalnote.htm
102.08.30 03:20 B e:\sites\CRUMBS\version1.0\magnets\mobile.htm --> ftp.exultrade.com /httpdocs/indira/crumbs/version1.0/magnets mobile.htm
102.08.30 03:20 B e:\sites\CRUMBS\version1.0\magnets\mother.htm --> ftp.exultrade.com /httpdocs/indira/crumbs/version1.0/magnets mother.htm
102.08.30 03:20 B e:\sites\CRUMBS\version1.0\magnets\phone.htm --> ftp.exultrade.com /httpdocs/indira/crumbs/version1.0/magnets phone.htm
102.08.30 03:20 B e:\sites\CRUMBS\version1.0\magnets\quiet.htm --> ftp.exultrade.com /httpdocs/indira/crumbs/version1.0/magnets quiet.htm
102.08.30 03:20 B e:\sites\CRUMBS\version1.0\magnets\red.htm --> ftp.exultrade.com /httpdocs/indira/crumbs/version1.0/magnets red.htm
102.08.30 03:20 B e:\sites\CRUMBS\version1.0\magnets\shiny.htm --> ftp.exultrade.com /httpdocs/indira/crumbs/version1.0/magnets shiny.htm
102.08.30 03:20 B e:\sites\CRUMBS\version1.0\magnets\sixty7.htm --> ftp.exultrade.com /httpdocs/indira/crumbs/version1.0/magnets sixty7.htm
102.08.30 03:20 B e:\sites\CRUMBS\version1.0\magnets\snakes.htm --> ftp.exultrade.com /httpdocs/indira/crumbs/version1.0/magnets snakes.htm
102.08.30 03:20 B e:\sites\CRUMBS\version1.0\magnets\talk.htm --> ftp.exultrade.com /httpdocs/indira/crumbs/version1.0/magnets talk.htm
102.08.30 03:20 B e:\sites\CRUMBS\version1.0\magnets\terminated.htm --> ftp.exultrade.com /httpdocs/indira/crumbs/version1.0/magnets terminated.htm
102.08.30 03:20 B e:\sites\CRUMBS\version1.0\magnets\tongue.htm --> ftp.exultrade.com /httpdocs/indira/crumbs/version1.0/magnets tongue.htm
102.08.30 03:20 B e:\sites\CRUMBS\version1.0\magnets\webs.htm --> ftp.exultrade.com /httpdocs/indira/crumbs/version1.0/magnets webs.htm
