102.08.30 04:14 B e:\Sites\CRUMBS\version1.0\vacuum\images\acid.gif --> ftp.exultrade.com /httpdocs/indira/crumbs/version1.0/vacuum/images acid.gif
102.08.30 04:15 B e:\Sites\CRUMBS\version1.0\vacuum\images\back-balloon.gif --> ftp.exultrade.com /httpdocs/indira/crumbs/version1.0/vacuum/images back-balloon.gif
102.08.30 04:15 B e:\Sites\CRUMBS\version1.0\vacuum\images\betamax.gif --> ftp.exultrade.com /httpdocs/indira/crumbs/version1.0/vacuum/images betamax.gif
102.08.30 04:15 B e:\Sites\CRUMBS\version1.0\vacuum\images\border001.gif --> ftp.exultrade.com /httpdocs/indira/crumbs/version1.0/vacuum/images border001.gif
102.08.30 04:15 B e:\Sites\CRUMBS\version1.0\vacuum\images\border002.gif --> ftp.exultrade.com /httpdocs/indira/crumbs/version1.0/vacuum/images border002.gif
102.08.30 04:15 B e:\Sites\CRUMBS\version1.0\vacuum\images\border003.gif --> ftp.exultrade.com /httpdocs/indira/crumbs/version1.0/vacuum/images border003.gif
102.08.30 04:15 B e:\Sites\CRUMBS\version1.0\vacuum\images\border004.gif --> ftp.exultrade.com /httpdocs/indira/crumbs/version1.0/vacuum/images border004.gif
102.08.30 04:15 B e:\Sites\CRUMBS\version1.0\vacuum\images\bottom.gif --> ftp.exultrade.com /httpdocs/indira/crumbs/version1.0/vacuum/images bottom.gif
102.08.30 04:15 B e:\Sites\CRUMBS\version1.0\vacuum\images\comics.gif --> ftp.exultrade.com /httpdocs/indira/crumbs/version1.0/vacuum/images comics.gif
102.08.30 04:15 B e:\Sites\CRUMBS\version1.0\vacuum\images\darts.gif --> ftp.exultrade.com /httpdocs/indira/crumbs/version1.0/vacuum/images darts.gif
102.08.30 04:15 B e:\Sites\CRUMBS\version1.0\vacuum\images\electricfan.gif --> ftp.exultrade.com /httpdocs/indira/crumbs/version1.0/vacuum/images electricfan.gif
102.08.30 04:15 B e:\Sites\CRUMBS\version1.0\vacuum\images\escal.jpg --> ftp.exultrade.com /httpdocs/indira/crumbs/version1.0/vacuum/images escal.jpg
102.08.30 04:15 B e:\Sites\CRUMBS\version1.0\vacuum\images\FEET1.jpg --> ftp.exultrade.com /httpdocs/indira/crumbs/version1.0/vacuum/images FEET1.jpg
102.08.30 04:15 B e:\Sites\CRUMBS\version1.0\vacuum\images\flan.gif --> ftp.exultrade.com /httpdocs/indira/crumbs/version1.0/vacuum/images flan.gif
102.08.30 04:15 B e:\Sites\CRUMBS\version1.0\vacuum\images\gala.gif --> ftp.exultrade.com /httpdocs/indira/crumbs/version1.0/vacuum/images gala.gif
102.08.30 04:15 B e:\Sites\CRUMBS\version1.0\vacuum\images\hat.gif --> ftp.exultrade.com /httpdocs/indira/crumbs/version1.0/vacuum/images hat.gif
102.08.30 04:15 B e:\Sites\CRUMBS\version1.0\vacuum\images\itlog.gif --> ftp.exultrade.com /httpdocs/indira/crumbs/version1.0/vacuum/images itlog.gif
102.08.30 04:15 B e:\Sites\CRUMBS\version1.0\vacuum\images\juice.gif --> ftp.exultrade.com /httpdocs/indira/crumbs/version1.0/vacuum/images juice.gif
102.08.30 04:15 B e:\Sites\CRUMBS\version1.0\vacuum\images\kite.gif --> ftp.exultrade.com /httpdocs/indira/crumbs/version1.0/vacuum/images kite.gif
102.08.30 04:15 B e:\Sites\CRUMBS\version1.0\vacuum\images\legs.jpg --> ftp.exultrade.com /httpdocs/indira/crumbs/version1.0/vacuum/images legs.jpg
102.08.30 04:15 B e:\Sites\CRUMBS\version1.0\vacuum\images\litebulbs.gif --> ftp.exultrade.com /httpdocs/indira/crumbs/version1.0/vacuum/images litebulbs.gif
102.08.30 04:15 B e:\Sites\CRUMBS\version1.0\vacuum\images\mem-title.gif --> ftp.exultrade.com /httpdocs/indira/crumbs/version1.0/vacuum/images mem-title.gif
102.08.30 04:15 B e:\Sites\CRUMBS\version1.0\vacuum\images\mem-title002.gif --> ftp.exultrade.com /httpdocs/indira/crumbs/version1.0/vacuum/images mem-title002.gif
102.08.30 04:15 B e:\Sites\CRUMBS\version1.0\vacuum\images\mem-title02.gif --> ftp.exultrade.com /httpdocs/indira/crumbs/version1.0/vacuum/images mem-title02.gif
102.08.30 04:15 B e:\Sites\CRUMBS\version1.0\vacuum\images\mem-title03.gif --> ftp.exultrade.com /httpdocs/indira/crumbs/version1.0/vacuum/images mem-title03.gif
102.08.30 04:15 B e:\Sites\CRUMBS\version1.0\vacuum\images\mussells.gif --> ftp.exultrade.com /httpdocs/indira/crumbs/version1.0/vacuum/images mussells.gif
102.08.30 04:15 B e:\Sites\CRUMBS\version1.0\vacuum\images\nail.gif --> ftp.exultrade.com /httpdocs/indira/crumbs/version1.0/vacuum/images nail.gif
102.08.30 04:15 B e:\Sites\CRUMBS\version1.0\vacuum\images\next001.gif --> ftp.exultrade.com /httpdocs/indira/crumbs/version1.0/vacuum/images next001.gif
102.08.30 04:15 B e:\Sites\CRUMBS\version1.0\vacuum\images\ointment.gif --> ftp.exultrade.com /httpdocs/indira/crumbs/version1.0/vacuum/images ointment.gif
102.08.30 04:15 B e:\Sites\CRUMBS\version1.0\vacuum\images\playboy.gif --> ftp.exultrade.com /httpdocs/indira/crumbs/version1.0/vacuum/images playboy.gif
102.08.30 04:15 B e:\Sites\CRUMBS\version1.0\vacuum\images\qtips.gif --> ftp.exultrade.com /httpdocs/indira/crumbs/version1.0/vacuum/images qtips.gif
102.08.30 04:15 B e:\Sites\CRUMBS\version1.0\vacuum\images\rambling.gif --> ftp.exultrade.com /httpdocs/indira/crumbs/version1.0/vacuum/images rambling.gif
102.08.30 04:15 B e:\Sites\CRUMBS\version1.0\vacuum\images\rock-text.gif --> ftp.exultrade.com /httpdocs/indira/crumbs/version1.0/vacuum/images rock-text.gif
102.08.30 04:15 B e:\Sites\CRUMBS\version1.0\vacuum\images\rock.gif --> ftp.exultrade.com /httpdocs/indira/crumbs/version1.0/vacuum/images rock.gif
102.08.30 04:15 B e:\Sites\CRUMBS\version1.0\vacuum\images\shifttitle.gif --> ftp.exultrade.com /httpdocs/indira/crumbs/version1.0/vacuum/images shifttitle.gif
102.08.30 04:16 B e:\Sites\CRUMBS\version1.0\vacuum\images\smileys.gif --> ftp.exultrade.com /httpdocs/indira/crumbs/version1.0/vacuum/images smileys.gif
102.08.30 04:16 B e:\Sites\CRUMBS\version1.0\vacuum\images\solana.gif --> ftp.exultrade.com /httpdocs/indira/crumbs/version1.0/vacuum/images solana.gif
102.08.30 04:16 B e:\Sites\CRUMBS\version1.0\vacuum\images\title.gif --> ftp.exultrade.com /httpdocs/indira/crumbs/version1.0/vacuum/images title.gif
102.08.30 04:16 B e:\Sites\CRUMBS\version1.0\vacuum\images\top.gif --> ftp.exultrade.com /httpdocs/indira/crumbs/version1.0/vacuum/images top.gif
102.08.30 04:16 B e:\Sites\CRUMBS\version1.0\vacuum\images\truck.gif --> ftp.exultrade.com /httpdocs/indira/crumbs/version1.0/vacuum/images truck.gif
102.08.30 04:16 B e:\Sites\CRUMBS\version1.0\vacuum\images\trust.gif --> ftp.exultrade.com /httpdocs/indira/crumbs/version1.0/vacuum/images trust.gif
102.08.30 04:16 B e:\Sites\CRUMBS\version1.0\vacuum\images\underwear.gif --> ftp.exultrade.com /httpdocs/indira/crumbs/version1.0/vacuum/images underwear.gif
102.08.30 04:16 B e:\Sites\CRUMBS\version1.0\vacuum\images\vase.gif --> ftp.exultrade.com /httpdocs/indira/crumbs/version1.0/vacuum/images vase.gif
102.08.30 04:16 B e:\Sites\CRUMBS\version1.0\vacuum\images\warts.gif --> ftp.exultrade.com /httpdocs/indira/crumbs/version1.0/vacuum/images warts.gif
102.08.30 04:16 B e:\Sites\CRUMBS\version1.0\vacuum\images\window.gif --> ftp.exultrade.com /httpdocs/indira/crumbs/version1.0/vacuum/images window.gif
102.08.30 04:16 B e:\Sites\CRUMBS\version1.0\vacuum\images\xray.gif --> ftp.exultrade.com /httpdocs/indira/crumbs/version1.0/vacuum/images xray.gif
102.08.30 04:16 B e:\Sites\CRUMBS\version1.0\vacuum\images\yoyo.gif --> ftp.exultrade.com /httpdocs/indira/crumbs/version1.0/vacuum/images yoyo.gif
102.08.30 04:16 B e:\Sites\CRUMBS\version1.0\vacuum\images\zipper.gif --> ftp.exultrade.com /httpdocs/indira/crumbs/version1.0/vacuum/images zipper.gif
