102.03.03 18:22 B D:\SITES\CRUMBS\pints\beer\images\blur.jpg --> ftp.exultrade.com /g:/webserver/exultrade/htdocs/indira/crumbs/pints/beer/images blur.jpg
102.03.03 18:22 B D:\SITES\CRUMBS\pints\beer\images\cover.gif --> ftp.exultrade.com /g:/webserver/exultrade/htdocs/indira/crumbs/pints/beer/images cover.gif
102.03.03 18:23 B D:\SITES\CRUMBS\pints\beer\images\cover.psd --> ftp.exultrade.com /g:/webserver/exultrade/htdocs/indira/crumbs/pints/beer/images cover.psd
102.03.03 18:23 B D:\SITES\CRUMBS\pints\beer\images\doreen001.gif --> ftp.exultrade.com /g:/webserver/exultrade/htdocs/indira/crumbs/pints/beer/images doreen001.gif
102.03.03 18:23 B D:\SITES\CRUMBS\pints\beer\images\doreen002.gif --> ftp.exultrade.com /g:/webserver/exultrade/htdocs/indira/crumbs/pints/beer/images doreen002.gif
102.03.03 18:23 B D:\SITES\CRUMBS\pints\beer\images\extras002.gif --> ftp.exultrade.com /g:/webserver/exultrade/htdocs/indira/crumbs/pints/beer/images extras002.gif
102.03.03 18:23 B D:\SITES\CRUMBS\pints\beer\images\invisible-button.gif --> ftp.exultrade.com /g:/webserver/exultrade/htdocs/indira/crumbs/pints/beer/images invisible-button.gif
102.03.03 18:23 B D:\SITES\CRUMBS\pints\beer\images\reel.gif --> ftp.exultrade.com /g:/webserver/exultrade/htdocs/indira/crumbs/pints/beer/images reel.gif
102.03.03 18:23 B D:\SITES\CRUMBS\pints\beer\images\rex-amante.gif --> ftp.exultrade.com /g:/webserver/exultrade/htdocs/indira/crumbs/pints/beer/images rex-amante.gif
102.03.03 18:23 B D:\SITES\CRUMBS\pints\beer\images\sprawled.gif --> ftp.exultrade.com /g:/webserver/exultrade/htdocs/indira/crumbs/pints/beer/images sprawled.gif
102.03.03 18:24 B D:\SITES\CRUMBS\pints\beer\images\Thumbs.db --> ftp.exultrade.com /g:/webserver/exultrade/htdocs/indira/crumbs/pints/beer/images Thumbs.db
102.08.30 03:37 B e:\sites\CRUMBS\version1.0\pints\beer\images\blur.jpg --> ftp.exultrade.com /httpdocs/indira/crumbs/version1.0/pints/beer/images blur.jpg
102.08.30 03:37 B e:\sites\CRUMBS\version1.0\pints\beer\images\cover.gif --> ftp.exultrade.com /httpdocs/indira/crumbs/version1.0/pints/beer/images cover.gif
102.08.30 03:37 B e:\sites\CRUMBS\version1.0\pints\beer\images\cover.psd --> ftp.exultrade.com /httpdocs/indira/crumbs/version1.0/pints/beer/images cover.psd
102.08.30 03:37 B e:\sites\CRUMBS\version1.0\pints\beer\images\doreen001.gif --> ftp.exultrade.com /httpdocs/indira/crumbs/version1.0/pints/beer/images doreen001.gif
102.08.30 03:38 B e:\sites\CRUMBS\version1.0\pints\beer\images\doreen002.gif --> ftp.exultrade.com /httpdocs/indira/crumbs/version1.0/pints/beer/images doreen002.gif
102.08.30 03:38 B e:\sites\CRUMBS\version1.0\pints\beer\images\extras002.gif --> ftp.exultrade.com /httpdocs/indira/crumbs/version1.0/pints/beer/images extras002.gif
102.08.30 03:38 B e:\sites\CRUMBS\version1.0\pints\beer\images\invisible-button.gif --> ftp.exultrade.com /httpdocs/indira/crumbs/version1.0/pints/beer/images invisible-button.gif
102.08.30 03:38 B e:\sites\CRUMBS\version1.0\pints\beer\images\reel.gif --> ftp.exultrade.com /httpdocs/indira/crumbs/version1.0/pints/beer/images reel.gif
102.08.30 03:38 B e:\sites\CRUMBS\version1.0\pints\beer\images\rex-amante.gif --> ftp.exultrade.com /httpdocs/indira/crumbs/version1.0/pints/beer/images rex-amante.gif
102.08.30 03:38 B e:\sites\CRUMBS\version1.0\pints\beer\images\sprawled.gif --> ftp.exultrade.com /httpdocs/indira/crumbs/version1.0/pints/beer/images sprawled.gif
102.08.30 03:38 B e:\sites\CRUMBS\version1.0\pints\beer\images\Thumbs.db --> ftp.exultrade.com /httpdocs/indira/crumbs/version1.0/pints/beer/images Thumbs.db
102.08.30 03:38 B e:\sites\CRUMBS\version1.0\pints\beer\images\WS_FTP.LOG --> ftp.exultrade.com /httpdocs/indira/crumbs/version1.0/pints/beer/images WS_FTP.LOG
