102.03.03 21:07 B d:\sites\crumbs\pints\past\cover001.htm --> ftp.exultrade.com /g:/webserver/exultrade/htdocs/indira/crumbs/pints/past cover001.htm
102.03.03 21:07 B d:\sites\crumbs\pints\past\index.htm --> ftp.exultrade.com /g:/webserver/exultrade/htdocs/indira/crumbs/pints/past index.htm
102.03.03 21:07 B d:\sites\crumbs\pints\past\page002.htm --> ftp.exultrade.com /g:/webserver/exultrade/htdocs/indira/crumbs/pints/past page002.htm
102.03.03 21:07 B d:\sites\crumbs\pints\past\page003.htm --> ftp.exultrade.com /g:/webserver/exultrade/htdocs/indira/crumbs/pints/past page003.htm
102.03.03 21:07 B d:\sites\crumbs\pints\past\page004.htm --> ftp.exultrade.com /g:/webserver/exultrade/htdocs/indira/crumbs/pints/past page004.htm
102.03.03 21:07 B d:\sites\crumbs\pints\past\page005.htm --> ftp.exultrade.com /g:/webserver/exultrade/htdocs/indira/crumbs/pints/past page005.htm
102.03.03 21:07 B d:\sites\crumbs\pints\past\page006.htm --> ftp.exultrade.com /g:/webserver/exultrade/htdocs/indira/crumbs/pints/past page006.htm
102.03.03 21:07 B d:\sites\crumbs\pints\past\page007.htm --> ftp.exultrade.com /g:/webserver/exultrade/htdocs/indira/crumbs/pints/past page007.htm
102.03.03 21:07 B d:\sites\crumbs\pints\past\page008.htm --> ftp.exultrade.com /g:/webserver/exultrade/htdocs/indira/crumbs/pints/past page008.htm
102.03.03 21:07 B d:\sites\crumbs\pints\past\page009.htm --> ftp.exultrade.com /g:/webserver/exultrade/htdocs/indira/crumbs/pints/past page009.htm
102.03.03 21:07 B d:\sites\crumbs\pints\past\page010.htm --> ftp.exultrade.com /g:/webserver/exultrade/htdocs/indira/crumbs/pints/past page010.htm
102.03.03 21:07 B d:\sites\crumbs\pints\past\page011.htm --> ftp.exultrade.com /g:/webserver/exultrade/htdocs/indira/crumbs/pints/past page011.htm
102.03.03 21:07 B d:\sites\crumbs\pints\past\page012.htm --> ftp.exultrade.com /g:/webserver/exultrade/htdocs/indira/crumbs/pints/past page012.htm
102.03.03 21:07 B d:\sites\crumbs\pints\past\page013.htm --> ftp.exultrade.com /g:/webserver/exultrade/htdocs/indira/crumbs/pints/past page013.htm
102.03.03 21:07 B d:\sites\crumbs\pints\past\ribboned-page001.htm --> ftp.exultrade.com /g:/webserver/exultrade/htdocs/indira/crumbs/pints/past ribboned-page001.htm
102.08.30 04:08 B e:\Sites\CRUMBS\version1.0\pints\past\cover001.htm --> ftp.exultrade.com /httpdocs/indira/crumbs/version1.0/pints/past cover001.htm
102.08.30 04:08 B e:\Sites\CRUMBS\version1.0\pints\past\index.htm --> ftp.exultrade.com /httpdocs/indira/crumbs/version1.0/pints/past index.htm
102.08.30 04:08 B e:\Sites\CRUMBS\version1.0\pints\past\page002.htm --> ftp.exultrade.com /httpdocs/indira/crumbs/version1.0/pints/past page002.htm
102.08.30 04:08 B e:\Sites\CRUMBS\version1.0\pints\past\page003.htm --> ftp.exultrade.com /httpdocs/indira/crumbs/version1.0/pints/past page003.htm
102.08.30 04:09 B e:\Sites\CRUMBS\version1.0\pints\past\page004.htm --> ftp.exultrade.com /httpdocs/indira/crumbs/version1.0/pints/past page004.htm
102.08.30 04:09 B e:\Sites\CRUMBS\version1.0\pints\past\page005.htm --> ftp.exultrade.com /httpdocs/indira/crumbs/version1.0/pints/past page005.htm
102.08.30 04:09 B e:\Sites\CRUMBS\version1.0\pints\past\page006.htm --> ftp.exultrade.com /httpdocs/indira/crumbs/version1.0/pints/past page006.htm
102.08.30 04:09 B e:\Sites\CRUMBS\version1.0\pints\past\page007.htm --> ftp.exultrade.com /httpdocs/indira/crumbs/version1.0/pints/past page007.htm
102.08.30 04:09 B e:\Sites\CRUMBS\version1.0\pints\past\page008.htm --> ftp.exultrade.com /httpdocs/indira/crumbs/version1.0/pints/past page008.htm
102.08.30 04:09 B e:\Sites\CRUMBS\version1.0\pints\past\page009.htm --> ftp.exultrade.com /httpdocs/indira/crumbs/version1.0/pints/past page009.htm
102.08.30 04:09 B e:\Sites\CRUMBS\version1.0\pints\past\page010.htm --> ftp.exultrade.com /httpdocs/indira/crumbs/version1.0/pints/past page010.htm
102.08.30 04:09 B e:\Sites\CRUMBS\version1.0\pints\past\page011.htm --> ftp.exultrade.com /httpdocs/indira/crumbs/version1.0/pints/past page011.htm
102.08.30 04:09 B e:\Sites\CRUMBS\version1.0\pints\past\page012.htm --> ftp.exultrade.com /httpdocs/indira/crumbs/version1.0/pints/past page012.htm
102.08.30 04:09 B e:\Sites\CRUMBS\version1.0\pints\past\page013.htm --> ftp.exultrade.com /httpdocs/indira/crumbs/version1.0/pints/past page013.htm
102.08.30 04:09 B e:\Sites\CRUMBS\version1.0\pints\past\ribboned-page001.htm --> ftp.exultrade.com /httpdocs/indira/crumbs/version1.0/pints/past ribboned-page001.htm
102.08.30 04:09 B e:\Sites\CRUMBS\version1.0\pints\past\WS_FTP.LOG --> ftp.exultrade.com /httpdocs/indira/crumbs/version1.0/pints/past WS_FTP.LOG
