102.03.03 18:21 B D:\SITES\CRUMBS\pints\3sisters\cover.gif --> ftp.exultrade.com /g:/webserver/exultrade/htdocs/indira/crumbs/pints/3sisters cover.gif
102.03.03 18:21 B D:\SITES\CRUMBS\pints\3sisters\cover.htm --> ftp.exultrade.com /g:/webserver/exultrade/htdocs/indira/crumbs/pints/3sisters cover.htm
102.03.03 18:21 B D:\SITES\CRUMBS\pints\3sisters\loadme!.htm --> ftp.exultrade.com /g:/webserver/exultrade/htdocs/indira/crumbs/pints/3sisters loadme!.htm
102.03.03 18:21 B D:\SITES\CRUMBS\pints\3sisters\sisters001.htm --> ftp.exultrade.com /g:/webserver/exultrade/htdocs/indira/crumbs/pints/3sisters sisters001.htm
102.03.03 18:21 B D:\SITES\CRUMBS\pints\3sisters\sisters002.htm --> ftp.exultrade.com /g:/webserver/exultrade/htdocs/indira/crumbs/pints/3sisters sisters002.htm
102.03.03 18:21 B D:\SITES\CRUMBS\pints\3sisters\sisters003.htm --> ftp.exultrade.com /g:/webserver/exultrade/htdocs/indira/crumbs/pints/3sisters sisters003.htm
102.03.03 18:21 B D:\SITES\CRUMBS\pints\3sisters\sisters004.htm --> ftp.exultrade.com /g:/webserver/exultrade/htdocs/indira/crumbs/pints/3sisters sisters004.htm
102.03.03 18:21 B D:\SITES\CRUMBS\pints\3sisters\sisters006.htm --> ftp.exultrade.com /g:/webserver/exultrade/htdocs/indira/crumbs/pints/3sisters sisters006.htm
102.03.03 18:21 B D:\SITES\CRUMBS\pints\3sisters\sisters007.htm --> ftp.exultrade.com /g:/webserver/exultrade/htdocs/indira/crumbs/pints/3sisters sisters007.htm
102.03.03 18:21 B D:\SITES\CRUMBS\pints\3sisters\sisters008.htm --> ftp.exultrade.com /g:/webserver/exultrade/htdocs/indira/crumbs/pints/3sisters sisters008.htm
102.03.03 18:21 B D:\SITES\CRUMBS\pints\3sisters\sisters009.htm --> ftp.exultrade.com /g:/webserver/exultrade/htdocs/indira/crumbs/pints/3sisters sisters009.htm
102.03.03 18:21 B D:\SITES\CRUMBS\pints\3sisters\sisters010.htm --> ftp.exultrade.com /g:/webserver/exultrade/htdocs/indira/crumbs/pints/3sisters sisters010.htm
102.03.03 18:21 B D:\SITES\CRUMBS\pints\3sisters\sisters011.htm --> ftp.exultrade.com /g:/webserver/exultrade/htdocs/indira/crumbs/pints/3sisters sisters011.htm
102.03.03 18:21 B D:\SITES\CRUMBS\pints\3sisters\sisters012.htm --> ftp.exultrade.com /g:/webserver/exultrade/htdocs/indira/crumbs/pints/3sisters sisters012.htm
102.03.03 18:21 B D:\SITES\CRUMBS\pints\3sisters\spread.gif --> ftp.exultrade.com /g:/webserver/exultrade/htdocs/indira/crumbs/pints/3sisters spread.gif
102.08.30 03:36 B e:\sites\CRUMBS\version1.0\pints\3sisters\cover.gif --> ftp.exultrade.com /httpdocs/indira/crumbs/version1.0/pints/3sisters cover.gif
102.08.30 03:36 B e:\sites\CRUMBS\version1.0\pints\3sisters\cover.htm --> ftp.exultrade.com /httpdocs/indira/crumbs/version1.0/pints/3sisters cover.htm
102.08.30 03:36 B e:\sites\CRUMBS\version1.0\pints\3sisters\loadme!.htm --> ftp.exultrade.com /httpdocs/indira/crumbs/version1.0/pints/3sisters loadme!.htm
102.08.30 03:36 B e:\sites\CRUMBS\version1.0\pints\3sisters\sisters001.htm --> ftp.exultrade.com /httpdocs/indira/crumbs/version1.0/pints/3sisters sisters001.htm
102.08.30 03:36 B e:\sites\CRUMBS\version1.0\pints\3sisters\sisters002.htm --> ftp.exultrade.com /httpdocs/indira/crumbs/version1.0/pints/3sisters sisters002.htm
102.08.30 03:36 B e:\sites\CRUMBS\version1.0\pints\3sisters\sisters003.htm --> ftp.exultrade.com /httpdocs/indira/crumbs/version1.0/pints/3sisters sisters003.htm
102.08.30 03:36 B e:\sites\CRUMBS\version1.0\pints\3sisters\sisters004.htm --> ftp.exultrade.com /httpdocs/indira/crumbs/version1.0/pints/3sisters sisters004.htm
102.08.30 03:36 B e:\sites\CRUMBS\version1.0\pints\3sisters\sisters006.htm --> ftp.exultrade.com /httpdocs/indira/crumbs/version1.0/pints/3sisters sisters006.htm
102.08.30 03:36 B e:\sites\CRUMBS\version1.0\pints\3sisters\sisters007.htm --> ftp.exultrade.com /httpdocs/indira/crumbs/version1.0/pints/3sisters sisters007.htm
102.08.30 03:36 B e:\sites\CRUMBS\version1.0\pints\3sisters\sisters008.htm --> ftp.exultrade.com /httpdocs/indira/crumbs/version1.0/pints/3sisters sisters008.htm
102.08.30 03:36 B e:\sites\CRUMBS\version1.0\pints\3sisters\sisters009.htm --> ftp.exultrade.com /httpdocs/indira/crumbs/version1.0/pints/3sisters sisters009.htm
102.08.30 03:36 B e:\sites\CRUMBS\version1.0\pints\3sisters\sisters010.htm --> ftp.exultrade.com /httpdocs/indira/crumbs/version1.0/pints/3sisters sisters010.htm
102.08.30 03:36 B e:\sites\CRUMBS\version1.0\pints\3sisters\sisters011.htm --> ftp.exultrade.com /httpdocs/indira/crumbs/version1.0/pints/3sisters sisters011.htm
102.08.30 03:36 B e:\sites\CRUMBS\version1.0\pints\3sisters\sisters012.htm --> ftp.exultrade.com /httpdocs/indira/crumbs/version1.0/pints/3sisters sisters012.htm
102.08.30 03:36 B e:\sites\CRUMBS\version1.0\pints\3sisters\spread.gif --> ftp.exultrade.com /httpdocs/indira/crumbs/version1.0/pints/3sisters spread.gif
102.08.30 03:36 B e:\sites\CRUMBS\version1.0\pints\3sisters\WS_FTP.LOG --> ftp.exultrade.com /httpdocs/indira/crumbs/version1.0/pints/3sisters WS_FTP.LOG
