102.08.30 02:57 B e:\sites\crumbs\version1.0\magnets\images\!.gif --> ftp.exultrade.com /httpdocs/indira/crumbs/version1.0/magnets/images !.gif
102.08.30 02:57 B e:\sites\crumbs\version1.0\magnets\images\&.gif --> ftp.exultrade.com /httpdocs/indira/crumbs/version1.0/magnets/images &.gif
102.08.30 02:57 B e:\sites\crumbs\version1.0\magnets\images\2time.gif --> ftp.exultrade.com /httpdocs/indira/crumbs/version1.0/magnets/images 2time.gif
102.08.30 02:57 B e:\sites\crumbs\version1.0\magnets\images\346.gif --> ftp.exultrade.com /httpdocs/indira/crumbs/version1.0/magnets/images 346.gif
102.08.30 02:57 B e:\sites\crumbs\version1.0\magnets\images\67.gif --> ftp.exultrade.com /httpdocs/indira/crumbs/version1.0/magnets/images 67.gif
102.08.30 02:57 B e:\sites\crumbs\version1.0\magnets\images\a.gif --> ftp.exultrade.com /httpdocs/indira/crumbs/version1.0/magnets/images a.gif
102.08.30 02:57 B e:\sites\crumbs\version1.0\magnets\images\adrift.gif --> ftp.exultrade.com /httpdocs/indira/crumbs/version1.0/magnets/images adrift.gif
102.08.30 02:57 B e:\sites\crumbs\version1.0\magnets\images\afterlife.gif --> ftp.exultrade.com /httpdocs/indira/crumbs/version1.0/magnets/images afterlife.gif
102.08.30 02:57 B e:\sites\crumbs\version1.0\magnets\images\again.gif --> ftp.exultrade.com /httpdocs/indira/crumbs/version1.0/magnets/images again.gif
102.08.30 02:57 B e:\sites\crumbs\version1.0\magnets\images\am.gif --> ftp.exultrade.com /httpdocs/indira/crumbs/version1.0/magnets/images am.gif
102.08.30 02:57 B e:\sites\crumbs\version1.0\magnets\images\an.gif --> ftp.exultrade.com /httpdocs/indira/crumbs/version1.0/magnets/images an.gif
102.08.30 02:57 B e:\sites\crumbs\version1.0\magnets\images\ask.gif --> ftp.exultrade.com /httpdocs/indira/crumbs/version1.0/magnets/images ask.gif
102.08.30 02:57 B e:\sites\crumbs\version1.0\magnets\images\baby.gif --> ftp.exultrade.com /httpdocs/indira/crumbs/version1.0/magnets/images baby.gif
102.08.30 02:57 B e:\sites\crumbs\version1.0\magnets\images\bed.gif --> ftp.exultrade.com /httpdocs/indira/crumbs/version1.0/magnets/images bed.gif
102.08.30 02:57 B e:\sites\crumbs\version1.0\magnets\images\black.gif --> ftp.exultrade.com /httpdocs/indira/crumbs/version1.0/magnets/images black.gif
102.08.30 02:57 B e:\sites\crumbs\version1.0\magnets\images\blister.gif --> ftp.exultrade.com /httpdocs/indira/crumbs/version1.0/magnets/images blister.gif
102.08.30 02:57 B e:\sites\crumbs\version1.0\magnets\images\bloody.gif --> ftp.exultrade.com /httpdocs/indira/crumbs/version1.0/magnets/images bloody.gif
102.08.30 02:57 B e:\sites\crumbs\version1.0\magnets\images\both.gif --> ftp.exultrade.com /httpdocs/indira/crumbs/version1.0/magnets/images both.gif
102.08.30 02:57 B e:\sites\crumbs\version1.0\magnets\images\boxes.gif --> ftp.exultrade.com /httpdocs/indira/crumbs/version1.0/magnets/images boxes.gif
102.08.30 02:57 B e:\sites\crumbs\version1.0\magnets\images\boy.gif --> ftp.exultrade.com /httpdocs/indira/crumbs/version1.0/magnets/images boy.gif
102.08.30 02:58 B e:\sites\crumbs\version1.0\magnets\images\can.gif --> ftp.exultrade.com /httpdocs/indira/crumbs/version1.0/magnets/images can.gif
102.08.30 02:58 B e:\sites\crumbs\version1.0\magnets\images\cannot.gif --> ftp.exultrade.com /httpdocs/indira/crumbs/version1.0/magnets/images cannot.gif
102.08.30 02:58 B e:\sites\crumbs\version1.0\magnets\images\change.gif --> ftp.exultrade.com /httpdocs/indira/crumbs/version1.0/magnets/images change.gif
102.08.30 02:58 B e:\sites\crumbs\version1.0\magnets\images\circle.gif --> ftp.exultrade.com /httpdocs/indira/crumbs/version1.0/magnets/images circle.gif
102.08.30 02:58 B e:\sites\crumbs\version1.0\magnets\images\closed.gif --> ftp.exultrade.com /httpdocs/indira/crumbs/version1.0/magnets/images closed.gif
102.08.30 02:58 B e:\sites\crumbs\version1.0\magnets\images\cold.gif --> ftp.exultrade.com /httpdocs/indira/crumbs/version1.0/magnets/images cold.gif
102.08.30 02:58 B e:\sites\crumbs\version1.0\magnets\images\day.gif --> ftp.exultrade.com /httpdocs/indira/crumbs/version1.0/magnets/images day.gif
102.08.30 02:58 B e:\sites\crumbs\version1.0\magnets\images\deepset.gif --> ftp.exultrade.com /httpdocs/indira/crumbs/version1.0/magnets/images deepset.gif
102.08.30 02:58 B e:\sites\crumbs\version1.0\magnets\images\draw.gif --> ftp.exultrade.com /httpdocs/indira/crumbs/version1.0/magnets/images draw.gif
102.08.30 02:58 B e:\sites\crumbs\version1.0\magnets\images\ed.gif --> ftp.exultrade.com /httpdocs/indira/crumbs/version1.0/magnets/images ed.gif
102.08.30 02:58 B e:\sites\crumbs\version1.0\magnets\images\enemy.gif --> ftp.exultrade.com /httpdocs/indira/crumbs/version1.0/magnets/images enemy.gif
102.08.30 02:58 B e:\sites\crumbs\version1.0\magnets\images\eyes.gif --> ftp.exultrade.com /httpdocs/indira/crumbs/version1.0/magnets/images eyes.gif
102.08.30 02:58 B e:\sites\crumbs\version1.0\magnets\images\fallinlove.gif --> ftp.exultrade.com /httpdocs/indira/crumbs/version1.0/magnets/images fallinlove.gif
102.08.30 02:58 B e:\sites\crumbs\version1.0\magnets\images\for.gif --> ftp.exultrade.com /httpdocs/indira/crumbs/version1.0/magnets/images for.gif
102.08.30 02:58 B e:\sites\crumbs\version1.0\magnets\images\freak.gif --> ftp.exultrade.com /httpdocs/indira/crumbs/version1.0/magnets/images freak.gif
102.08.30 02:58 B e:\sites\crumbs\version1.0\magnets\images\freelance.gif --> ftp.exultrade.com /httpdocs/indira/crumbs/version1.0/magnets/images freelance.gif
102.08.30 02:58 B e:\sites\crumbs\version1.0\magnets\images\friend.gif --> ftp.exultrade.com /httpdocs/indira/crumbs/version1.0/magnets/images friend.gif
102.08.30 02:58 B e:\sites\crumbs\version1.0\magnets\images\girl.gif --> ftp.exultrade.com /httpdocs/indira/crumbs/version1.0/magnets/images girl.gif
102.08.30 02:58 B e:\sites\crumbs\version1.0\magnets\images\give.gif --> ftp.exultrade.com /httpdocs/indira/crumbs/version1.0/magnets/images give.gif
102.08.30 02:58 B e:\sites\crumbs\version1.0\magnets\images\gotlucky.gif --> ftp.exultrade.com /httpdocs/indira/crumbs/version1.0/magnets/images gotlucky.gif
102.08.30 02:58 B e:\sites\crumbs\version1.0\magnets\images\hands.gif --> ftp.exultrade.com /httpdocs/indira/crumbs/version1.0/magnets/images hands.gif
102.08.30 02:58 B e:\sites\crumbs\version1.0\magnets\images\he.gif --> ftp.exultrade.com /httpdocs/indira/crumbs/version1.0/magnets/images he.gif
102.08.30 02:58 B e:\sites\crumbs\version1.0\magnets\images\heart.gif --> ftp.exultrade.com /httpdocs/indira/crumbs/version1.0/magnets/images heart.gif
102.08.30 02:58 B e:\sites\crumbs\version1.0\magnets\images\heavy.gif --> ftp.exultrade.com /httpdocs/indira/crumbs/version1.0/magnets/images heavy.gif
102.08.30 02:59 B e:\sites\crumbs\version1.0\magnets\images\her.gif --> ftp.exultrade.com /httpdocs/indira/crumbs/version1.0/magnets/images her.gif
102.08.30 02:59 B e:\sites\crumbs\version1.0\magnets\images\hers.gif --> ftp.exultrade.com /httpdocs/indira/crumbs/version1.0/magnets/images hers.gif
102.08.30 02:59 B e:\sites\crumbs\version1.0\magnets\images\him.gif --> ftp.exultrade.com /httpdocs/indira/crumbs/version1.0/magnets/images him.gif
102.08.30 02:59 B e:\sites\crumbs\version1.0\magnets\images\his.gif --> ftp.exultrade.com /httpdocs/indira/crumbs/version1.0/magnets/images his.gif
102.08.30 02:59 B e:\sites\crumbs\version1.0\magnets\images\hour.gif --> ftp.exultrade.com /httpdocs/indira/crumbs/version1.0/magnets/images hour.gif
102.08.30 02:59 B e:\sites\crumbs\version1.0\magnets\images\how.gif --> ftp.exultrade.com /httpdocs/indira/crumbs/version1.0/magnets/images how.gif
102.08.30 02:59 B e:\sites\crumbs\version1.0\magnets\images\i.gif --> ftp.exultrade.com /httpdocs/indira/crumbs/version1.0/magnets/images i.gif
102.08.30 02:59 B e:\sites\crumbs\version1.0\magnets\images\ice.gif --> ftp.exultrade.com /httpdocs/indira/crumbs/version1.0/magnets/images ice.gif
102.08.30 02:59 B e:\sites\crumbs\version1.0\magnets\images\in.gif --> ftp.exultrade.com /httpdocs/indira/crumbs/version1.0/magnets/images in.gif
102.08.30 02:59 B e:\sites\crumbs\version1.0\magnets\images\ing.gif --> ftp.exultrade.com /httpdocs/indira/crumbs/version1.0/magnets/images ing.gif
102.08.30 02:59 B e:\sites\crumbs\version1.0\magnets\images\it.gif --> ftp.exultrade.com /httpdocs/indira/crumbs/version1.0/magnets/images it.gif
102.08.30 02:59 B e:\sites\crumbs\version1.0\magnets\images\krishna.gif --> ftp.exultrade.com /httpdocs/indira/crumbs/version1.0/magnets/images krishna.gif
102.08.30 02:59 B e:\sites\crumbs\version1.0\magnets\images\lemon.gif --> ftp.exultrade.com /httpdocs/indira/crumbs/version1.0/magnets/images lemon.gif
102.08.30 02:59 B e:\sites\crumbs\version1.0\magnets\images\like.gif --> ftp.exultrade.com /httpdocs/indira/crumbs/version1.0/magnets/images like.gif
102.08.30 02:59 B e:\sites\crumbs\version1.0\magnets\images\lips.gif --> ftp.exultrade.com /httpdocs/indira/crumbs/version1.0/magnets/images lips.gif
102.08.30 02:59 B e:\sites\crumbs\version1.0\magnets\images\lola.gif --> ftp.exultrade.com /httpdocs/indira/crumbs/version1.0/magnets/images lola.gif
102.08.30 02:59 B e:\sites\crumbs\version1.0\magnets\images\lost.gif --> ftp.exultrade.com /httpdocs/indira/crumbs/version1.0/magnets/images lost.gif
102.08.30 02:59 B e:\sites\crumbs\version1.0\magnets\images\love.gif --> ftp.exultrade.com /httpdocs/indira/crumbs/version1.0/magnets/images love.gif
102.08.30 02:59 B e:\sites\crumbs\version1.0\magnets\images\lover.gif --> ftp.exultrade.com /httpdocs/indira/crumbs/version1.0/magnets/images lover.gif
102.08.30 02:59 B e:\sites\crumbs\version1.0\magnets\images\lovers.gif --> ftp.exultrade.com /httpdocs/indira/crumbs/version1.0/magnets/images lovers.gif
102.08.30 02:59 B e:\sites\crumbs\version1.0\magnets\images\lullabye.gif --> ftp.exultrade.com /httpdocs/indira/crumbs/version1.0/magnets/images lullabye.gif
102.08.30 02:59 B e:\sites\crumbs\version1.0\magnets\images\made.gif --> ftp.exultrade.com /httpdocs/indira/crumbs/version1.0/magnets/images made.gif
102.08.30 02:59 B e:\sites\crumbs\version1.0\magnets\images\make.gif --> ftp.exultrade.com /httpdocs/indira/crumbs/version1.0/magnets/images make.gif
102.08.30 02:59 B e:\sites\crumbs\version1.0\magnets\images\making.gif --> ftp.exultrade.com /httpdocs/indira/crumbs/version1.0/magnets/images making.gif
102.08.30 03:00 B e:\sites\crumbs\version1.0\magnets\images\may.gif --> ftp.exultrade.com /httpdocs/indira/crumbs/version1.0/magnets/images may.gif
102.08.30 03:00 B e:\sites\crumbs\version1.0\magnets\images\mental.gif --> ftp.exultrade.com /httpdocs/indira/crumbs/version1.0/magnets/images mental.gif
102.08.30 03:00 B e:\sites\crumbs\version1.0\magnets\images\mobile.gif --> ftp.exultrade.com /httpdocs/indira/crumbs/version1.0/magnets/images mobile.gif
102.08.30 03:00 B e:\sites\crumbs\version1.0\magnets\images\name.gif --> ftp.exultrade.com /httpdocs/indira/crumbs/version1.0/magnets/images name.gif
102.08.30 03:00 B e:\sites\crumbs\version1.0\magnets\images\new.gif --> ftp.exultrade.com /httpdocs/indira/crumbs/version1.0/magnets/images new.gif
102.08.30 03:00 B e:\sites\crumbs\version1.0\magnets\images\night.gif --> ftp.exultrade.com /httpdocs/indira/crumbs/version1.0/magnets/images night.gif
102.08.30 03:00 B e:\sites\crumbs\version1.0\magnets\images\old.gif --> ftp.exultrade.com /httpdocs/indira/crumbs/version1.0/magnets/images old.gif
102.08.30 03:00 B e:\sites\crumbs\version1.0\magnets\images\or.gif --> ftp.exultrade.com /httpdocs/indira/crumbs/version1.0/magnets/images or.gif
102.08.30 03:00 B e:\sites\crumbs\version1.0\magnets\images\oranges.gif --> ftp.exultrade.com /httpdocs/indira/crumbs/version1.0/magnets/images oranges.gif
102.08.30 03:00 B e:\sites\crumbs\version1.0\magnets\images\our.gif --> ftp.exultrade.com /httpdocs/indira/crumbs/version1.0/magnets/images our.gif
102.08.30 03:00 B e:\sites\crumbs\version1.0\magnets\images\out.gif --> ftp.exultrade.com /httpdocs/indira/crumbs/version1.0/magnets/images out.gif
102.08.30 03:00 B e:\sites\crumbs\version1.0\magnets\images\palm.gif --> ftp.exultrade.com /httpdocs/indira/crumbs/version1.0/magnets/images palm.gif
102.08.30 03:00 B e:\sites\crumbs\version1.0\magnets\images\people.gif --> ftp.exultrade.com /httpdocs/indira/crumbs/version1.0/magnets/images people.gif
102.08.30 03:00 B e:\sites\crumbs\version1.0\magnets\images\phone.gif --> ftp.exultrade.com /httpdocs/indira/crumbs/version1.0/magnets/images phone.gif
102.08.30 03:00 B e:\sites\crumbs\version1.0\magnets\images\please.gif --> ftp.exultrade.com /httpdocs/indira/crumbs/version1.0/magnets/images please.gif
102.08.30 03:00 B e:\sites\crumbs\version1.0\magnets\images\pretty.gif --> ftp.exultrade.com /httpdocs/indira/crumbs/version1.0/magnets/images pretty.gif
102.08.30 03:00 B e:\sites\crumbs\version1.0\magnets\images\question.gif --> ftp.exultrade.com /httpdocs/indira/crumbs/version1.0/magnets/images question.gif
102.08.30 03:00 B e:\sites\crumbs\version1.0\magnets\images\quiet.gif --> ftp.exultrade.com /httpdocs/indira/crumbs/version1.0/magnets/images quiet.gif
102.08.30 03:00 B e:\sites\crumbs\version1.0\magnets\images\ran.gif --> ftp.exultrade.com /httpdocs/indira/crumbs/version1.0/magnets/images ran.gif
102.08.30 03:00 B e:\sites\crumbs\version1.0\magnets\images\read.gif --> ftp.exultrade.com /httpdocs/indira/crumbs/version1.0/magnets/images read.gif
102.08.30 03:00 B e:\sites\crumbs\version1.0\magnets\images\red.gif --> ftp.exultrade.com /httpdocs/indira/crumbs/version1.0/magnets/images red.gif
102.08.30 03:00 B e:\sites\crumbs\version1.0\magnets\images\remembers.gif --> ftp.exultrade.com /httpdocs/indira/crumbs/version1.0/magnets/images remembers.gif
102.08.30 03:00 B e:\sites\crumbs\version1.0\magnets\images\rendezvous.gif --> ftp.exultrade.com /httpdocs/indira/crumbs/version1.0/magnets/images rendezvous.gif
102.08.30 03:00 B e:\sites\crumbs\version1.0\magnets\images\romance.gif --> ftp.exultrade.com /httpdocs/indira/crumbs/version1.0/magnets/images romance.gif
102.08.30 03:01 B e:\sites\crumbs\version1.0\magnets\images\s.gif --> ftp.exultrade.com /httpdocs/indira/crumbs/version1.0/magnets/images s.gif
102.08.30 03:01 B e:\sites\crumbs\version1.0\magnets\images\saffron.gif --> ftp.exultrade.com /httpdocs/indira/crumbs/version1.0/magnets/images saffron.gif
102.08.30 03:01 B e:\sites\crumbs\version1.0\magnets\images\said.gif --> ftp.exultrade.com /httpdocs/indira/crumbs/version1.0/magnets/images said.gif
102.08.30 03:01 B e:\sites\crumbs\version1.0\magnets\images\school.gif --> ftp.exultrade.com /httpdocs/indira/crumbs/version1.0/magnets/images school.gif
102.08.30 03:01 B e:\sites\crumbs\version1.0\magnets\images\see.gif --> ftp.exultrade.com /httpdocs/indira/crumbs/version1.0/magnets/images see.gif
102.08.30 03:01 B e:\sites\crumbs\version1.0\magnets\images\she.gif --> ftp.exultrade.com /httpdocs/indira/crumbs/version1.0/magnets/images she.gif
102.08.30 03:01 B e:\sites\crumbs\version1.0\magnets\images\siddharta.gif --> ftp.exultrade.com /httpdocs/indira/crumbs/version1.0/magnets/images siddharta.gif
102.08.30 03:01 B e:\sites\crumbs\version1.0\magnets\images\snogging.gif --> ftp.exultrade.com /httpdocs/indira/crumbs/version1.0/magnets/images snogging.gif
102.08.30 03:01 B e:\sites\crumbs\version1.0\magnets\images\soft.gif --> ftp.exultrade.com /httpdocs/indira/crumbs/version1.0/magnets/images soft.gif
102.08.30 03:01 B e:\sites\crumbs\version1.0\magnets\images\speak.gif --> ftp.exultrade.com /httpdocs/indira/crumbs/version1.0/magnets/images speak.gif
102.08.30 03:01 B e:\sites\crumbs\version1.0\magnets\images\splash.jpg --> ftp.exultrade.com /httpdocs/indira/crumbs/version1.0/magnets/images splash.jpg
102.08.30 03:01 B e:\sites\crumbs\version1.0\magnets\images\steps.gif --> ftp.exultrade.com /httpdocs/indira/crumbs/version1.0/magnets/images steps.gif
102.08.30 03:01 B e:\sites\crumbs\version1.0\magnets\images\taxicabs.gif --> ftp.exultrade.com /httpdocs/indira/crumbs/version1.0/magnets/images taxicabs.gif
102.08.30 03:01 B e:\sites\crumbs\version1.0\magnets\images\terminated.gif --> ftp.exultrade.com /httpdocs/indira/crumbs/version1.0/magnets/images terminated.gif
102.08.30 03:01 B e:\sites\crumbs\version1.0\magnets\images\the.gif --> ftp.exultrade.com /httpdocs/indira/crumbs/version1.0/magnets/images the.gif
102.08.30 03:02 B e:\sites\crumbs\version1.0\magnets\images\they.gif --> ftp.exultrade.com /httpdocs/indira/crumbs/version1.0/magnets/images they.gif
102.08.30 03:02 B e:\sites\crumbs\version1.0\magnets\images\think.gif --> ftp.exultrade.com /httpdocs/indira/crumbs/version1.0/magnets/images think.gif
102.08.30 03:04 B e:\sites\crumbs\version1.0\magnets\images\Thumbs.db --> ftp.exultrade.com /httpdocs/indira/crumbs/version1.0/magnets/images Thumbs.db
102.08.30 03:04 B e:\sites\crumbs\version1.0\magnets\images\tongue.gif --> ftp.exultrade.com /httpdocs/indira/crumbs/version1.0/magnets/images tongue.gif
102.08.30 03:04 B e:\sites\crumbs\version1.0\magnets\images\transparent.gif --> ftp.exultrade.com /httpdocs/indira/crumbs/version1.0/magnets/images transparent.gif
102.08.30 03:04 B e:\sites\crumbs\version1.0\magnets\images\truth.gif --> ftp.exultrade.com /httpdocs/indira/crumbs/version1.0/magnets/images truth.gif
102.08.30 03:04 B e:\sites\crumbs\version1.0\magnets\images\watch.gif --> ftp.exultrade.com /httpdocs/indira/crumbs/version1.0/magnets/images watch.gif
102.08.30 03:04 B e:\sites\crumbs\version1.0\magnets\images\webs.gif --> ftp.exultrade.com /httpdocs/indira/crumbs/version1.0/magnets/images webs.gif
102.08.30 03:05 B e:\sites\crumbs\version1.0\magnets\images\what.gif --> ftp.exultrade.com /httpdocs/indira/crumbs/version1.0/magnets/images what.gif
102.08.30 03:05 B e:\sites\crumbs\version1.0\magnets\images\when.gif --> ftp.exultrade.com /httpdocs/indira/crumbs/version1.0/magnets/images when.gif
102.08.30 03:05 B e:\sites\crumbs\version1.0\magnets\images\white.gif --> ftp.exultrade.com /httpdocs/indira/crumbs/version1.0/magnets/images white.gif
102.08.30 03:05 B e:\sites\crumbs\version1.0\magnets\images\why.gif --> ftp.exultrade.com /httpdocs/indira/crumbs/version1.0/magnets/images why.gif
102.08.30 03:05 B e:\sites\crumbs\version1.0\magnets\images\with.gif --> ftp.exultrade.com /httpdocs/indira/crumbs/version1.0/magnets/images with.gif
102.08.30 03:05 B e:\sites\crumbs\version1.0\magnets\images\work.gif --> ftp.exultrade.com /httpdocs/indira/crumbs/version1.0/magnets/images work.gif
102.08.30 03:05 B e:\sites\crumbs\version1.0\magnets\images\you.gif --> ftp.exultrade.com /httpdocs/indira/crumbs/version1.0/magnets/images you.gif
102.08.30 03:05 B e:\sites\crumbs\version1.0\magnets\images\young.gif --> ftp.exultrade.com /httpdocs/indira/crumbs/version1.0/magnets/images young.gif
