102.08.30 04:13 B e:\Sites\CRUMBS\version1.0\vacuum\adlibs\adlib.gif --> ftp.exultrade.com /httpdocs/indira/crumbs/version1.0/vacuum/adlibs adlib.gif
102.08.30 04:13 B e:\Sites\CRUMBS\version1.0\vacuum\adlibs\adlib.htm --> ftp.exultrade.com /httpdocs/indira/crumbs/version1.0/vacuum/adlibs adlib.htm
102.08.30 04:13 B e:\Sites\CRUMBS\version1.0\vacuum\adlibs\adlib1.gif --> ftp.exultrade.com /httpdocs/indira/crumbs/version1.0/vacuum/adlibs adlib1.gif
102.08.30 04:13 B e:\Sites\CRUMBS\version1.0\vacuum\adlibs\adlib1.htm --> ftp.exultrade.com /httpdocs/indira/crumbs/version1.0/vacuum/adlibs adlib1.htm
102.08.30 04:13 B e:\Sites\CRUMBS\version1.0\vacuum\adlibs\adlib10.gif --> ftp.exultrade.com /httpdocs/indira/crumbs/version1.0/vacuum/adlibs adlib10.gif
102.08.30 04:13 B e:\Sites\CRUMBS\version1.0\vacuum\adlibs\adlib10.htm --> ftp.exultrade.com /httpdocs/indira/crumbs/version1.0/vacuum/adlibs adlib10.htm
102.08.30 04:13 B e:\Sites\CRUMBS\version1.0\vacuum\adlibs\adlib11.gif --> ftp.exultrade.com /httpdocs/indira/crumbs/version1.0/vacuum/adlibs adlib11.gif
102.08.30 04:13 B e:\Sites\CRUMBS\version1.0\vacuum\adlibs\adlib11.htm --> ftp.exultrade.com /httpdocs/indira/crumbs/version1.0/vacuum/adlibs adlib11.htm
102.08.30 04:13 B e:\Sites\CRUMBS\version1.0\vacuum\adlibs\adlib11b.htm --> ftp.exultrade.com /httpdocs/indira/crumbs/version1.0/vacuum/adlibs adlib11b.htm
102.08.30 04:13 B e:\Sites\CRUMBS\version1.0\vacuum\adlibs\adlib12.gif --> ftp.exultrade.com /httpdocs/indira/crumbs/version1.0/vacuum/adlibs adlib12.gif
102.08.30 04:14 B e:\Sites\CRUMBS\version1.0\vacuum\adlibs\adlib12.htm --> ftp.exultrade.com /httpdocs/indira/crumbs/version1.0/vacuum/adlibs adlib12.htm
102.08.30 04:14 B e:\Sites\CRUMBS\version1.0\vacuum\adlibs\adlib13.gif --> ftp.exultrade.com /httpdocs/indira/crumbs/version1.0/vacuum/adlibs adlib13.gif
102.08.30 04:14 B e:\Sites\CRUMBS\version1.0\vacuum\adlibs\adlib13.htm --> ftp.exultrade.com /httpdocs/indira/crumbs/version1.0/vacuum/adlibs adlib13.htm
102.08.30 04:14 B e:\Sites\CRUMBS\version1.0\vacuum\adlibs\adlib14.gif --> ftp.exultrade.com /httpdocs/indira/crumbs/version1.0/vacuum/adlibs adlib14.gif
102.08.30 04:14 B e:\Sites\CRUMBS\version1.0\vacuum\adlibs\adlib14.htm --> ftp.exultrade.com /httpdocs/indira/crumbs/version1.0/vacuum/adlibs adlib14.htm
102.08.30 04:14 B e:\Sites\CRUMBS\version1.0\vacuum\adlibs\adlib2.gif --> ftp.exultrade.com /httpdocs/indira/crumbs/version1.0/vacuum/adlibs adlib2.gif
102.08.30 04:14 B e:\Sites\CRUMBS\version1.0\vacuum\adlibs\adlib2.htm --> ftp.exultrade.com /httpdocs/indira/crumbs/version1.0/vacuum/adlibs adlib2.htm
102.08.30 04:14 B e:\Sites\CRUMBS\version1.0\vacuum\adlibs\adlib3.gif --> ftp.exultrade.com /httpdocs/indira/crumbs/version1.0/vacuum/adlibs adlib3.gif
102.08.30 04:14 B e:\Sites\CRUMBS\version1.0\vacuum\adlibs\adlib3.htm --> ftp.exultrade.com /httpdocs/indira/crumbs/version1.0/vacuum/adlibs adlib3.htm
102.08.30 04:14 B e:\Sites\CRUMBS\version1.0\vacuum\adlibs\adlib3b.htm --> ftp.exultrade.com /httpdocs/indira/crumbs/version1.0/vacuum/adlibs adlib3b.htm
102.08.30 04:14 B e:\Sites\CRUMBS\version1.0\vacuum\adlibs\adlib4.gif --> ftp.exultrade.com /httpdocs/indira/crumbs/version1.0/vacuum/adlibs adlib4.gif
102.08.30 04:14 B e:\Sites\CRUMBS\version1.0\vacuum\adlibs\adlib4.htm --> ftp.exultrade.com /httpdocs/indira/crumbs/version1.0/vacuum/adlibs adlib4.htm
102.08.30 04:14 B e:\Sites\CRUMBS\version1.0\vacuum\adlibs\adlib5.gif --> ftp.exultrade.com /httpdocs/indira/crumbs/version1.0/vacuum/adlibs adlib5.gif
102.08.30 04:14 B e:\Sites\CRUMBS\version1.0\vacuum\adlibs\adlib5.htm --> ftp.exultrade.com /httpdocs/indira/crumbs/version1.0/vacuum/adlibs adlib5.htm
102.08.30 04:14 B e:\Sites\CRUMBS\version1.0\vacuum\adlibs\adlib6.gif --> ftp.exultrade.com /httpdocs/indira/crumbs/version1.0/vacuum/adlibs adlib6.gif
102.08.30 04:14 B e:\Sites\CRUMBS\version1.0\vacuum\adlibs\adlib6.htm --> ftp.exultrade.com /httpdocs/indira/crumbs/version1.0/vacuum/adlibs adlib6.htm
102.08.30 04:14 B e:\Sites\CRUMBS\version1.0\vacuum\adlibs\adlib7.gif --> ftp.exultrade.com /httpdocs/indira/crumbs/version1.0/vacuum/adlibs adlib7.gif
102.08.30 04:14 B e:\Sites\CRUMBS\version1.0\vacuum\adlibs\adlib7.htm --> ftp.exultrade.com /httpdocs/indira/crumbs/version1.0/vacuum/adlibs adlib7.htm
102.08.30 04:14 B e:\Sites\CRUMBS\version1.0\vacuum\adlibs\adlib8.gif --> ftp.exultrade.com /httpdocs/indira/crumbs/version1.0/vacuum/adlibs adlib8.gif
102.08.30 04:14 B e:\Sites\CRUMBS\version1.0\vacuum\adlibs\adlib8.htm --> ftp.exultrade.com /httpdocs/indira/crumbs/version1.0/vacuum/adlibs adlib8.htm
102.08.30 04:14 B e:\Sites\CRUMBS\version1.0\vacuum\adlibs\adlib9.gif --> ftp.exultrade.com /httpdocs/indira/crumbs/version1.0/vacuum/adlibs adlib9.gif
102.08.30 04:14 B e:\Sites\CRUMBS\version1.0\vacuum\adlibs\adlib9.htm --> ftp.exultrade.com /httpdocs/indira/crumbs/version1.0/vacuum/adlibs adlib9.htm
102.08.30 04:14 B e:\Sites\CRUMBS\version1.0\vacuum\adlibs\jock.gif --> ftp.exultrade.com /httpdocs/indira/crumbs/version1.0/vacuum/adlibs jock.gif
102.08.30 04:14 B e:\Sites\CRUMBS\version1.0\vacuum\adlibs\loadme.htm --> ftp.exultrade.com /httpdocs/indira/crumbs/version1.0/vacuum/adlibs loadme.htm
102.08.30 04:14 B e:\Sites\CRUMBS\version1.0\vacuum\adlibs\mike.gif --> ftp.exultrade.com /httpdocs/indira/crumbs/version1.0/vacuum/adlibs mike.gif
102.08.30 04:14 B e:\Sites\CRUMBS\version1.0\vacuum\adlibs\plugme.gif --> ftp.exultrade.com /httpdocs/indira/crumbs/version1.0/vacuum/adlibs plugme.gif
