102.03.03 18:10 B d:\sites\crumbs\images\bwpanels_01.gif --> ftp.exultrade.com /g:/webserver/exultrade/htdocs/indira/crumbs/images bwpanels_01.gif
102.03.03 18:10 B d:\sites\crumbs\images\bwpanels_02.gif --> ftp.exultrade.com /g:/webserver/exultrade/htdocs/indira/crumbs/images bwpanels_02.gif
102.03.03 18:10 B d:\sites\crumbs\images\bwpanels_03.gif --> ftp.exultrade.com /g:/webserver/exultrade/htdocs/indira/crumbs/images bwpanels_03.gif
102.03.03 18:10 B d:\sites\crumbs\images\bwpanels_04.gif --> ftp.exultrade.com /g:/webserver/exultrade/htdocs/indira/crumbs/images bwpanels_04.gif
102.03.03 18:10 B d:\sites\crumbs\images\bwpanels_05.gif --> ftp.exultrade.com /g:/webserver/exultrade/htdocs/indira/crumbs/images bwpanels_05.gif
102.03.03 18:10 B d:\sites\crumbs\images\bwpanels_06.gif --> ftp.exultrade.com /g:/webserver/exultrade/htdocs/indira/crumbs/images bwpanels_06.gif
102.03.03 18:11 B d:\sites\crumbs\images\colorpanels_01.gif --> ftp.exultrade.com /g:/webserver/exultrade/htdocs/indira/crumbs/images colorpanels_01.gif
102.03.03 18:11 B d:\sites\crumbs\images\colorpanels_02.gif --> ftp.exultrade.com /g:/webserver/exultrade/htdocs/indira/crumbs/images colorpanels_02.gif
102.03.03 18:11 B d:\sites\crumbs\images\colorpanels_03.gif --> ftp.exultrade.com /g:/webserver/exultrade/htdocs/indira/crumbs/images colorpanels_03.gif
102.03.03 18:11 B d:\sites\crumbs\images\colorpanels_04.gif --> ftp.exultrade.com /g:/webserver/exultrade/htdocs/indira/crumbs/images colorpanels_04.gif
102.03.03 18:11 B d:\sites\crumbs\images\colorpanels_05.gif --> ftp.exultrade.com /g:/webserver/exultrade/htdocs/indira/crumbs/images colorpanels_05.gif
102.03.03 18:11 B d:\sites\crumbs\images\colorpanels_06.gif --> ftp.exultrade.com /g:/webserver/exultrade/htdocs/indira/crumbs/images colorpanels_06.gif
102.03.03 18:11 B d:\sites\crumbs\images\movie.gif --> ftp.exultrade.com /g:/webserver/exultrade/htdocs/indira/crumbs/images movie.gif
102.03.03 18:11 B d:\sites\crumbs\images\movingout.gif --> ftp.exultrade.com /g:/webserver/exultrade/htdocs/indira/crumbs/images movingout.gif
102.03.03 18:11 B d:\sites\crumbs\images\new-cover.gif --> ftp.exultrade.com /g:/webserver/exultrade/htdocs/indira/crumbs/images new-cover.gif
102.03.03 18:11 B d:\sites\crumbs\images\tile.gif --> ftp.exultrade.com /g:/webserver/exultrade/htdocs/indira/crumbs/images tile.gif
102.08.30 02:55 B e:\sites\crumbs\version1.0\images\bwpanels_01.gif --> ftp.exultrade.com /httpdocs/indira/crumbs/version1.0/images bwpanels_01.gif
102.08.30 02:55 B e:\sites\crumbs\version1.0\images\bwpanels_02.gif --> ftp.exultrade.com /httpdocs/indira/crumbs/version1.0/images bwpanels_02.gif
102.08.30 02:55 B e:\sites\crumbs\version1.0\images\bwpanels_03.gif --> ftp.exultrade.com /httpdocs/indira/crumbs/version1.0/images bwpanels_03.gif
102.08.30 02:55 B e:\sites\crumbs\version1.0\images\bwpanels_04.gif --> ftp.exultrade.com /httpdocs/indira/crumbs/version1.0/images bwpanels_04.gif
102.08.30 02:55 B e:\sites\crumbs\version1.0\images\bwpanels_05.gif --> ftp.exultrade.com /httpdocs/indira/crumbs/version1.0/images bwpanels_05.gif
102.08.30 02:55 B e:\sites\crumbs\version1.0\images\bwpanels_06.gif --> ftp.exultrade.com /httpdocs/indira/crumbs/version1.0/images bwpanels_06.gif
102.08.30 02:55 B e:\sites\crumbs\version1.0\images\colorpanels_01.gif --> ftp.exultrade.com /httpdocs/indira/crumbs/version1.0/images colorpanels_01.gif
102.08.30 02:55 B e:\sites\crumbs\version1.0\images\colorpanels_02.gif --> ftp.exultrade.com /httpdocs/indira/crumbs/version1.0/images colorpanels_02.gif
102.08.30 02:55 B e:\sites\crumbs\version1.0\images\colorpanels_03.gif --> ftp.exultrade.com /httpdocs/indira/crumbs/version1.0/images colorpanels_03.gif
102.08.30 02:55 B e:\sites\crumbs\version1.0\images\colorpanels_04.gif --> ftp.exultrade.com /httpdocs/indira/crumbs/version1.0/images colorpanels_04.gif
102.08.30 02:55 B e:\sites\crumbs\version1.0\images\colorpanels_05.gif --> ftp.exultrade.com /httpdocs/indira/crumbs/version1.0/images colorpanels_05.gif
102.08.30 02:55 B e:\sites\crumbs\version1.0\images\colorpanels_06.gif --> ftp.exultrade.com /httpdocs/indira/crumbs/version1.0/images colorpanels_06.gif
102.08.30 02:55 B e:\sites\crumbs\version1.0\images\movie.gif --> ftp.exultrade.com /httpdocs/indira/crumbs/version1.0/images movie.gif
102.08.30 02:55 B e:\sites\crumbs\version1.0\images\movingout.gif --> ftp.exultrade.com /httpdocs/indira/crumbs/version1.0/images movingout.gif
102.08.30 02:56 B e:\sites\crumbs\version1.0\images\new-cover.gif --> ftp.exultrade.com /httpdocs/indira/crumbs/version1.0/images new-cover.gif
102.08.30 02:56 B e:\sites\crumbs\version1.0\images\Thumbs.db --> ftp.exultrade.com /httpdocs/indira/crumbs/version1.0/images Thumbs.db
102.08.30 02:56 B e:\sites\crumbs\version1.0\images\tile.gif --> ftp.exultrade.com /httpdocs/indira/crumbs/version1.0/images tile.gif
102.08.30 02:56 B e:\sites\crumbs\version1.0\images\WS_FTP.LOG --> ftp.exultrade.com /httpdocs/indira/crumbs/version1.0/images WS_FTP.LOG
