102.03.03 21:19 B d:\sites\crumbs\pints\corduroy\pages\aerials-and-stars.htm --> ftp.exultrade.com /g:/webserver/exultrade/htdocs/indira/crumbs/pints/corduroy/pages aerials-and-stars.htm
102.03.03 21:19 B d:\sites\crumbs\pints\corduroy\pages\arab-strap.htm --> ftp.exultrade.com /g:/webserver/exultrade/htdocs/indira/crumbs/pints/corduroy/pages arab-strap.htm
102.03.03 21:19 B d:\sites\crumbs\pints\corduroy\pages\arab-strap001.htm --> ftp.exultrade.com /g:/webserver/exultrade/htdocs/indira/crumbs/pints/corduroy/pages arab-strap001.htm
102.03.03 21:19 B d:\sites\crumbs\pints\corduroy\pages\arab-strap002.htm --> ftp.exultrade.com /g:/webserver/exultrade/htdocs/indira/crumbs/pints/corduroy/pages arab-strap002.htm
102.03.03 21:19 B d:\sites\crumbs\pints\corduroy\pages\enter-saffron.htm --> ftp.exultrade.com /g:/webserver/exultrade/htdocs/indira/crumbs/pints/corduroy/pages enter-saffron.htm
102.03.03 21:19 B d:\sites\crumbs\pints\corduroy\pages\enter-saffron001.htm --> ftp.exultrade.com /g:/webserver/exultrade/htdocs/indira/crumbs/pints/corduroy/pages enter-saffron001.htm
102.03.03 21:19 B d:\sites\crumbs\pints\corduroy\pages\interlude.htm --> ftp.exultrade.com /g:/webserver/exultrade/htdocs/indira/crumbs/pints/corduroy/pages interlude.htm
102.03.03 21:19 B d:\sites\crumbs\pints\corduroy\pages\interlude002.htm --> ftp.exultrade.com /g:/webserver/exultrade/htdocs/indira/crumbs/pints/corduroy/pages interlude002.htm
102.03.03 21:20 B d:\sites\crumbs\pints\corduroy\pages\kiss-me.htm --> ftp.exultrade.com /g:/webserver/exultrade/htdocs/indira/crumbs/pints/corduroy/pages kiss-me.htm
102.03.03 21:20 B d:\sites\crumbs\pints\corduroy\pages\kiss-me001.htm --> ftp.exultrade.com /g:/webserver/exultrade/htdocs/indira/crumbs/pints/corduroy/pages kiss-me001.htm
102.03.03 21:20 B d:\sites\crumbs\pints\corduroy\pages\kiss-me002.htm --> ftp.exultrade.com /g:/webserver/exultrade/htdocs/indira/crumbs/pints/corduroy/pages kiss-me002.htm
102.03.03 21:20 B d:\sites\crumbs\pints\corduroy\pages\page003-picture.htm --> ftp.exultrade.com /g:/webserver/exultrade/htdocs/indira/crumbs/pints/corduroy/pages page003-picture.htm
102.03.03 21:20 B d:\sites\crumbs\pints\corduroy\pages\page003.htm --> ftp.exultrade.com /g:/webserver/exultrade/htdocs/indira/crumbs/pints/corduroy/pages page003.htm
102.03.03 21:20 B d:\sites\crumbs\pints\corduroy\pages\peasant.htm --> ftp.exultrade.com /g:/webserver/exultrade/htdocs/indira/crumbs/pints/corduroy/pages peasant.htm
102.03.03 21:20 B d:\sites\crumbs\pints\corduroy\pages\peasant001.htm --> ftp.exultrade.com /g:/webserver/exultrade/htdocs/indira/crumbs/pints/corduroy/pages peasant001.htm
102.03.03 21:20 B d:\sites\crumbs\pints\corduroy\pages\peasant002.htm --> ftp.exultrade.com /g:/webserver/exultrade/htdocs/indira/crumbs/pints/corduroy/pages peasant002.htm
102.03.03 21:20 B d:\sites\crumbs\pints\corduroy\pages\rusty-aerials.htm --> ftp.exultrade.com /g:/webserver/exultrade/htdocs/indira/crumbs/pints/corduroy/pages rusty-aerials.htm
102.03.03 21:20 B d:\sites\crumbs\pints\corduroy\pages\sinister.htm --> ftp.exultrade.com /g:/webserver/exultrade/htdocs/indira/crumbs/pints/corduroy/pages sinister.htm
102.03.03 21:20 B d:\sites\crumbs\pints\corduroy\pages\sinister001.htm --> ftp.exultrade.com /g:/webserver/exultrade/htdocs/indira/crumbs/pints/corduroy/pages sinister001.htm
102.03.03 21:20 B d:\sites\crumbs\pints\corduroy\pages\sinister002.htm --> ftp.exultrade.com /g:/webserver/exultrade/htdocs/indira/crumbs/pints/corduroy/pages sinister002.htm
102.03.03 21:20 B d:\sites\crumbs\pints\corduroy\pages\start.htm --> ftp.exultrade.com /g:/webserver/exultrade/htdocs/indira/crumbs/pints/corduroy/pages start.htm
102.03.03 21:20 B d:\sites\crumbs\pints\corduroy\pages\tapes.htm --> ftp.exultrade.com /g:/webserver/exultrade/htdocs/indira/crumbs/pints/corduroy/pages tapes.htm
102.03.03 21:20 B d:\sites\crumbs\pints\corduroy\pages\tapes001.htm --> ftp.exultrade.com /g:/webserver/exultrade/htdocs/indira/crumbs/pints/corduroy/pages tapes001.htm
102.03.03 21:20 B d:\sites\crumbs\pints\corduroy\pages\tapes002.htm --> ftp.exultrade.com /g:/webserver/exultrade/htdocs/indira/crumbs/pints/corduroy/pages tapes002.htm
102.03.03 21:21 B d:\sites\crumbs\pints\corduroy\pages\Thumbs.db --> ftp.exultrade.com /g:/webserver/exultrade/htdocs/indira/crumbs/pints/corduroy/pages Thumbs.db
102.03.03 21:21 B d:\sites\crumbs\pints\corduroy\pages\tigermilk.htm --> ftp.exultrade.com /g:/webserver/exultrade/htdocs/indira/crumbs/pints/corduroy/pages tigermilk.htm
102.03.03 21:21 B d:\sites\crumbs\pints\corduroy\pages\tigermilk001.htm --> ftp.exultrade.com /g:/webserver/exultrade/htdocs/indira/crumbs/pints/corduroy/pages tigermilk001.htm
102.03.03 21:21 B d:\sites\crumbs\pints\corduroy\pages\tigermilk002.htm --> ftp.exultrade.com /g:/webserver/exultrade/htdocs/indira/crumbs/pints/corduroy/pages tigermilk002.htm
102.03.03 21:21 B d:\sites\crumbs\pints\corduroy\pages\wet-corduroy-cover.htm --> ftp.exultrade.com /g:/webserver/exultrade/htdocs/indira/crumbs/pints/corduroy/pages wet-corduroy-cover.htm
102.08.30 03:41 B e:\sites\CRUMBS\version1.0\pints\corduroy\pages\aerials-and-stars.htm --> ftp.exultrade.com /httpdocs/indira/crumbs/version1.0/pints/corduroy/pages aerials-and-stars.htm
102.08.30 03:41 B e:\sites\CRUMBS\version1.0\pints\corduroy\pages\arab-strap.htm --> ftp.exultrade.com /httpdocs/indira/crumbs/version1.0/pints/corduroy/pages arab-strap.htm
102.08.30 03:41 B e:\sites\CRUMBS\version1.0\pints\corduroy\pages\arab-strap001.htm --> ftp.exultrade.com /httpdocs/indira/crumbs/version1.0/pints/corduroy/pages arab-strap001.htm
102.08.30 03:41 B e:\sites\CRUMBS\version1.0\pints\corduroy\pages\arab-strap002.htm --> ftp.exultrade.com /httpdocs/indira/crumbs/version1.0/pints/corduroy/pages arab-strap002.htm
102.08.30 03:41 B e:\sites\CRUMBS\version1.0\pints\corduroy\pages\enter-saffron.htm --> ftp.exultrade.com /httpdocs/indira/crumbs/version1.0/pints/corduroy/pages enter-saffron.htm
102.08.30 03:41 B e:\sites\CRUMBS\version1.0\pints\corduroy\pages\enter-saffron001.htm --> ftp.exultrade.com /httpdocs/indira/crumbs/version1.0/pints/corduroy/pages enter-saffron001.htm
102.08.30 03:41 B e:\sites\CRUMBS\version1.0\pints\corduroy\pages\interlude.htm --> ftp.exultrade.com /httpdocs/indira/crumbs/version1.0/pints/corduroy/pages interlude.htm
102.08.30 03:41 B e:\sites\CRUMBS\version1.0\pints\corduroy\pages\interlude002.htm --> ftp.exultrade.com /httpdocs/indira/crumbs/version1.0/pints/corduroy/pages interlude002.htm
102.08.30 03:41 B e:\sites\CRUMBS\version1.0\pints\corduroy\pages\kiss-me.htm --> ftp.exultrade.com /httpdocs/indira/crumbs/version1.0/pints/corduroy/pages kiss-me.htm
102.08.30 03:41 B e:\sites\CRUMBS\version1.0\pints\corduroy\pages\kiss-me001.htm --> ftp.exultrade.com /httpdocs/indira/crumbs/version1.0/pints/corduroy/pages kiss-me001.htm
102.08.30 03:41 B e:\sites\CRUMBS\version1.0\pints\corduroy\pages\kiss-me002.htm --> ftp.exultrade.com /httpdocs/indira/crumbs/version1.0/pints/corduroy/pages kiss-me002.htm
102.08.30 03:41 B e:\sites\CRUMBS\version1.0\pints\corduroy\pages\page003-picture.htm --> ftp.exultrade.com /httpdocs/indira/crumbs/version1.0/pints/corduroy/pages page003-picture.htm
102.08.30 03:41 B e:\sites\CRUMBS\version1.0\pints\corduroy\pages\page003.htm --> ftp.exultrade.com /httpdocs/indira/crumbs/version1.0/pints/corduroy/pages page003.htm
102.08.30 03:41 B e:\sites\CRUMBS\version1.0\pints\corduroy\pages\peasant.htm --> ftp.exultrade.com /httpdocs/indira/crumbs/version1.0/pints/corduroy/pages peasant.htm
102.08.30 03:42 B e:\sites\CRUMBS\version1.0\pints\corduroy\pages\peasant001.htm --> ftp.exultrade.com /httpdocs/indira/crumbs/version1.0/pints/corduroy/pages peasant001.htm
102.08.30 03:42 B e:\sites\CRUMBS\version1.0\pints\corduroy\pages\peasant002.htm --> ftp.exultrade.com /httpdocs/indira/crumbs/version1.0/pints/corduroy/pages peasant002.htm
102.08.30 03:42 B e:\sites\CRUMBS\version1.0\pints\corduroy\pages\rusty-aerials.htm --> ftp.exultrade.com /httpdocs/indira/crumbs/version1.0/pints/corduroy/pages rusty-aerials.htm
102.08.30 03:42 B e:\sites\CRUMBS\version1.0\pints\corduroy\pages\sinister.htm --> ftp.exultrade.com /httpdocs/indira/crumbs/version1.0/pints/corduroy/pages sinister.htm
102.08.30 03:42 B e:\sites\CRUMBS\version1.0\pints\corduroy\pages\sinister001.htm --> ftp.exultrade.com /httpdocs/indira/crumbs/version1.0/pints/corduroy/pages sinister001.htm
102.08.30 03:42 B e:\sites\CRUMBS\version1.0\pints\corduroy\pages\sinister002.htm --> ftp.exultrade.com /httpdocs/indira/crumbs/version1.0/pints/corduroy/pages sinister002.htm
102.08.30 03:42 B e:\sites\CRUMBS\version1.0\pints\corduroy\pages\start.htm --> ftp.exultrade.com /httpdocs/indira/crumbs/version1.0/pints/corduroy/pages start.htm
102.08.30 03:42 B e:\sites\CRUMBS\version1.0\pints\corduroy\pages\tapes.htm --> ftp.exultrade.com /httpdocs/indira/crumbs/version1.0/pints/corduroy/pages tapes.htm
102.08.30 03:42 B e:\sites\CRUMBS\version1.0\pints\corduroy\pages\tapes001.htm --> ftp.exultrade.com /httpdocs/indira/crumbs/version1.0/pints/corduroy/pages tapes001.htm
102.08.30 03:42 B e:\sites\CRUMBS\version1.0\pints\corduroy\pages\tapes002.htm --> ftp.exultrade.com /httpdocs/indira/crumbs/version1.0/pints/corduroy/pages tapes002.htm
102.08.30 03:42 B e:\sites\CRUMBS\version1.0\pints\corduroy\pages\Thumbs.db --> ftp.exultrade.com /httpdocs/indira/crumbs/version1.0/pints/corduroy/pages Thumbs.db
102.08.30 03:42 B e:\sites\CRUMBS\version1.0\pints\corduroy\pages\tigermilk.htm --> ftp.exultrade.com /httpdocs/indira/crumbs/version1.0/pints/corduroy/pages tigermilk.htm
102.08.30 03:42 B e:\sites\CRUMBS\version1.0\pints\corduroy\pages\tigermilk001.htm --> ftp.exultrade.com /httpdocs/indira/crumbs/version1.0/pints/corduroy/pages tigermilk001.htm
102.08.30 03:42 B e:\sites\CRUMBS\version1.0\pints\corduroy\pages\tigermilk002.htm --> ftp.exultrade.com /httpdocs/indira/crumbs/version1.0/pints/corduroy/pages tigermilk002.htm
102.08.30 03:42 B e:\sites\CRUMBS\version1.0\pints\corduroy\pages\wet-corduroy-cover.htm --> ftp.exultrade.com /httpdocs/indira/crumbs/version1.0/pints/corduroy/pages wet-corduroy-cover.htm
102.08.30 03:42 B e:\sites\CRUMBS\version1.0\pints\corduroy\pages\WS_FTP.LOG --> ftp.exultrade.com /httpdocs/indira/crumbs/version1.0/pints/corduroy/pages WS_FTP.LOG
