102.03.03 18:24 B D:\SITES\CRUMBS\pints\beer\pages\cover.htm --> ftp.exultrade.com /g:/webserver/exultrade/htdocs/indira/crumbs/pints/beer/pages cover.htm
102.03.03 18:24 B D:\SITES\CRUMBS\pints\beer\pages\doreen001.htm --> ftp.exultrade.com /g:/webserver/exultrade/htdocs/indira/crumbs/pints/beer/pages doreen001.htm
102.03.03 18:24 B D:\SITES\CRUMBS\pints\beer\pages\doreen002.htm --> ftp.exultrade.com /g:/webserver/exultrade/htdocs/indira/crumbs/pints/beer/pages doreen002.htm
102.03.03 18:24 B D:\SITES\CRUMBS\pints\beer\pages\doreen003.htm --> ftp.exultrade.com /g:/webserver/exultrade/htdocs/indira/crumbs/pints/beer/pages doreen003.htm
102.03.03 18:24 B D:\SITES\CRUMBS\pints\beer\pages\doreen004.htm --> ftp.exultrade.com /g:/webserver/exultrade/htdocs/indira/crumbs/pints/beer/pages doreen004.htm
102.03.03 18:24 B D:\SITES\CRUMBS\pints\beer\pages\extra001.htm --> ftp.exultrade.com /g:/webserver/exultrade/htdocs/indira/crumbs/pints/beer/pages extra001.htm
102.03.03 18:24 B D:\SITES\CRUMBS\pints\beer\pages\extra002.htm --> ftp.exultrade.com /g:/webserver/exultrade/htdocs/indira/crumbs/pints/beer/pages extra002.htm
102.03.03 18:24 B D:\SITES\CRUMBS\pints\beer\pages\extras.htm --> ftp.exultrade.com /g:/webserver/exultrade/htdocs/indira/crumbs/pints/beer/pages extras.htm
102.03.03 18:24 B D:\SITES\CRUMBS\pints\beer\pages\page001.htm --> ftp.exultrade.com /g:/webserver/exultrade/htdocs/indira/crumbs/pints/beer/pages page001.htm
102.03.03 18:24 B D:\SITES\CRUMBS\pints\beer\pages\page004.htm --> ftp.exultrade.com /g:/webserver/exultrade/htdocs/indira/crumbs/pints/beer/pages page004.htm
102.03.03 18:25 B D:\SITES\CRUMBS\pints\beer\pages\page005.htm --> ftp.exultrade.com /g:/webserver/exultrade/htdocs/indira/crumbs/pints/beer/pages page005.htm
102.03.03 18:25 B D:\SITES\CRUMBS\pints\beer\pages\subway.htm --> ftp.exultrade.com /g:/webserver/exultrade/htdocs/indira/crumbs/pints/beer/pages subway.htm
102.03.03 18:25 B D:\SITES\CRUMBS\pints\beer\pages\subway001.htm --> ftp.exultrade.com /g:/webserver/exultrade/htdocs/indira/crumbs/pints/beer/pages subway001.htm
102.03.03 18:25 B D:\SITES\CRUMBS\pints\beer\pages\subway002.htm --> ftp.exultrade.com /g:/webserver/exultrade/htdocs/indira/crumbs/pints/beer/pages subway002.htm
102.03.03 18:25 B D:\SITES\CRUMBS\pints\beer\pages\Thumbs.db --> ftp.exultrade.com /g:/webserver/exultrade/htdocs/indira/crumbs/pints/beer/pages Thumbs.db
102.08.30 03:38 B e:\sites\CRUMBS\version1.0\pints\beer\pages\cover.htm --> ftp.exultrade.com /httpdocs/indira/crumbs/version1.0/pints/beer/pages cover.htm
102.08.30 03:38 B e:\sites\CRUMBS\version1.0\pints\beer\pages\doreen001.htm --> ftp.exultrade.com /httpdocs/indira/crumbs/version1.0/pints/beer/pages doreen001.htm
102.08.30 03:38 B e:\sites\CRUMBS\version1.0\pints\beer\pages\doreen002.htm --> ftp.exultrade.com /httpdocs/indira/crumbs/version1.0/pints/beer/pages doreen002.htm
102.08.30 03:38 B e:\sites\CRUMBS\version1.0\pints\beer\pages\doreen003.htm --> ftp.exultrade.com /httpdocs/indira/crumbs/version1.0/pints/beer/pages doreen003.htm
102.08.30 03:39 B e:\sites\CRUMBS\version1.0\pints\beer\pages\doreen004.htm --> ftp.exultrade.com /httpdocs/indira/crumbs/version1.0/pints/beer/pages doreen004.htm
102.08.30 03:39 B e:\sites\CRUMBS\version1.0\pints\beer\pages\extra001.htm --> ftp.exultrade.com /httpdocs/indira/crumbs/version1.0/pints/beer/pages extra001.htm
102.08.30 03:39 B e:\sites\CRUMBS\version1.0\pints\beer\pages\extra002.htm --> ftp.exultrade.com /httpdocs/indira/crumbs/version1.0/pints/beer/pages extra002.htm
102.08.30 03:39 B e:\sites\CRUMBS\version1.0\pints\beer\pages\extras.htm --> ftp.exultrade.com /httpdocs/indira/crumbs/version1.0/pints/beer/pages extras.htm
102.08.30 03:39 B e:\sites\CRUMBS\version1.0\pints\beer\pages\page001.htm --> ftp.exultrade.com /httpdocs/indira/crumbs/version1.0/pints/beer/pages page001.htm
102.08.30 03:39 B e:\sites\CRUMBS\version1.0\pints\beer\pages\page004.htm --> ftp.exultrade.com /httpdocs/indira/crumbs/version1.0/pints/beer/pages page004.htm
102.08.30 03:39 B e:\sites\CRUMBS\version1.0\pints\beer\pages\page005.htm --> ftp.exultrade.com /httpdocs/indira/crumbs/version1.0/pints/beer/pages page005.htm
102.08.30 03:39 B e:\sites\CRUMBS\version1.0\pints\beer\pages\subway.htm --> ftp.exultrade.com /httpdocs/indira/crumbs/version1.0/pints/beer/pages subway.htm
102.08.30 03:39 B e:\sites\CRUMBS\version1.0\pints\beer\pages\subway001.htm --> ftp.exultrade.com /httpdocs/indira/crumbs/version1.0/pints/beer/pages subway001.htm
102.08.30 03:39 B e:\sites\CRUMBS\version1.0\pints\beer\pages\subway002.htm --> ftp.exultrade.com /httpdocs/indira/crumbs/version1.0/pints/beer/pages subway002.htm
102.08.30 03:39 B e:\sites\CRUMBS\version1.0\pints\beer\pages\Thumbs.db --> ftp.exultrade.com /httpdocs/indira/crumbs/version1.0/pints/beer/pages Thumbs.db
102.08.30 03:39 B e:\sites\CRUMBS\version1.0\pints\beer\pages\WS_FTP.LOG --> ftp.exultrade.com /httpdocs/indira/crumbs/version1.0/pints/beer/pages WS_FTP.LOG
