102.08.30 02:35 B e:\sites\crumbs\version1.0\grabbag\images\crumbcola.gif --> ftp.exultrade.com /httpdocs/indira/crumbs/version1.0/grabbag/images crumbcola.gif
102.08.30 02:36 B e:\sites\crumbs\version1.0\grabbag\images\dearadam01.gif --> ftp.exultrade.com /httpdocs/indira/crumbs/version1.0/grabbag/images dearadam01.gif
102.08.30 02:36 B e:\sites\crumbs\version1.0\grabbag\images\dearadam010.gif --> ftp.exultrade.com /httpdocs/indira/crumbs/version1.0/grabbag/images dearadam010.gif
102.08.30 02:36 B e:\sites\crumbs\version1.0\grabbag\images\dearadam02.gif --> ftp.exultrade.com /httpdocs/indira/crumbs/version1.0/grabbag/images dearadam02.gif
102.08.30 02:36 B e:\sites\crumbs\version1.0\grabbag\images\dearadam03.gif --> ftp.exultrade.com /httpdocs/indira/crumbs/version1.0/grabbag/images dearadam03.gif
102.08.30 02:36 B e:\sites\crumbs\version1.0\grabbag\images\dearadam04.gif --> ftp.exultrade.com /httpdocs/indira/crumbs/version1.0/grabbag/images dearadam04.gif
102.08.30 02:36 B e:\sites\crumbs\version1.0\grabbag\images\dearadam05.gif --> ftp.exultrade.com /httpdocs/indira/crumbs/version1.0/grabbag/images dearadam05.gif
102.08.30 02:36 B e:\sites\crumbs\version1.0\grabbag\images\dearadam06.gif --> ftp.exultrade.com /httpdocs/indira/crumbs/version1.0/grabbag/images dearadam06.gif
102.08.30 02:36 B e:\sites\crumbs\version1.0\grabbag\images\dearadam07.gif --> ftp.exultrade.com /httpdocs/indira/crumbs/version1.0/grabbag/images dearadam07.gif
102.08.30 02:36 B e:\sites\crumbs\version1.0\grabbag\images\dearadam08.gif --> ftp.exultrade.com /httpdocs/indira/crumbs/version1.0/grabbag/images dearadam08.gif
102.08.30 02:36 B e:\sites\crumbs\version1.0\grabbag\images\dearadam09.gif --> ftp.exultrade.com /httpdocs/indira/crumbs/version1.0/grabbag/images dearadam09.gif
102.08.30 02:36 B e:\sites\crumbs\version1.0\grabbag\images\drinking.gif --> ftp.exultrade.com /httpdocs/indira/crumbs/version1.0/grabbag/images drinking.gif
102.08.30 02:36 B e:\sites\crumbs\version1.0\grabbag\images\drinking10.gif --> ftp.exultrade.com /httpdocs/indira/crumbs/version1.0/grabbag/images drinking10.gif
102.08.30 02:36 B e:\sites\crumbs\version1.0\grabbag\images\drinking11.gif --> ftp.exultrade.com /httpdocs/indira/crumbs/version1.0/grabbag/images drinking11.gif
102.08.30 02:36 B e:\sites\crumbs\version1.0\grabbag\images\drinking12.gif --> ftp.exultrade.com /httpdocs/indira/crumbs/version1.0/grabbag/images drinking12.gif
102.08.30 02:36 B e:\sites\crumbs\version1.0\grabbag\images\drinking13.gif --> ftp.exultrade.com /httpdocs/indira/crumbs/version1.0/grabbag/images drinking13.gif
102.08.30 02:36 B e:\sites\crumbs\version1.0\grabbag\images\drinking2.gif --> ftp.exultrade.com /httpdocs/indira/crumbs/version1.0/grabbag/images drinking2.gif
102.08.30 02:37 B e:\sites\crumbs\version1.0\grabbag\images\drinking3.gif --> ftp.exultrade.com /httpdocs/indira/crumbs/version1.0/grabbag/images drinking3.gif
102.08.30 02:37 B e:\sites\crumbs\version1.0\grabbag\images\drinking4.gif --> ftp.exultrade.com /httpdocs/indira/crumbs/version1.0/grabbag/images drinking4.gif
102.08.30 02:37 B e:\sites\crumbs\version1.0\grabbag\images\drinking5.gif --> ftp.exultrade.com /httpdocs/indira/crumbs/version1.0/grabbag/images drinking5.gif
102.08.30 02:37 B e:\sites\crumbs\version1.0\grabbag\images\drinking6.gif --> ftp.exultrade.com /httpdocs/indira/crumbs/version1.0/grabbag/images drinking6.gif
102.08.30 02:37 B e:\sites\crumbs\version1.0\grabbag\images\drinking7.gif --> ftp.exultrade.com /httpdocs/indira/crumbs/version1.0/grabbag/images drinking7.gif
102.08.30 02:37 B e:\sites\crumbs\version1.0\grabbag\images\drinking8.gif --> ftp.exultrade.com /httpdocs/indira/crumbs/version1.0/grabbag/images drinking8.gif
102.08.30 02:37 B e:\sites\crumbs\version1.0\grabbag\images\drinking9.gif --> ftp.exultrade.com /httpdocs/indira/crumbs/version1.0/grabbag/images drinking9.gif
102.08.30 02:39 B e:\sites\crumbs\version1.0\grabbag\images\Thumbs.db --> ftp.exultrade.com /httpdocs/indira/crumbs/version1.0/grabbag/images Thumbs.db
