102.08.30 00:40 B e:\sites\CRUMBS\version1.0\grabbag\dolls\images\saff\80-peso-shirt.gif --> ftp.exultrade.com /httpdocs/indira/crumbs/version1.0/grabbag/dolls/images/saff 80-peso-shirt.gif
102.08.30 00:40 B e:\sites\CRUMBS\version1.0\grabbag\dolls\images\saff\black-jacket-saff.gif --> ftp.exultrade.com /httpdocs/indira/crumbs/version1.0/grabbag/dolls/images/saff black-jacket-saff.gif
102.08.30 00:40 B e:\sites\CRUMBS\version1.0\grabbag\dolls\images\saff\blue-jacket-saff.gif --> ftp.exultrade.com /httpdocs/indira/crumbs/version1.0/grabbag/dolls/images/saff blue-jacket-saff.gif
102.08.30 00:40 B e:\sites\CRUMBS\version1.0\grabbag\dolls\images\saff\blue-lined-white-thing.gif --> ftp.exultrade.com /httpdocs/indira/crumbs/version1.0/grabbag/dolls/images/saff blue-lined-white-thing.gif
102.08.30 00:40 B e:\sites\CRUMBS\version1.0\grabbag\dolls\images\saff\blue-military-trousers.gif --> ftp.exultrade.com /httpdocs/indira/crumbs/version1.0/grabbag/dolls/images/saff blue-military-trousers.gif
102.08.30 00:40 B e:\sites\CRUMBS\version1.0\grabbag\dolls\images\saff\devil-shirt.gif --> ftp.exultrade.com /httpdocs/indira/crumbs/version1.0/grabbag/dolls/images/saff devil-shirt.gif
102.08.30 00:40 B e:\sites\CRUMBS\version1.0\grabbag\dolls\images\saff\emily.gif --> ftp.exultrade.com /httpdocs/indira/crumbs/version1.0/grabbag/dolls/images/saff emily.gif
102.08.30 00:40 B e:\sites\CRUMBS\version1.0\grabbag\dolls\images\saff\green-headphones.gif --> ftp.exultrade.com /httpdocs/indira/crumbs/version1.0/grabbag/dolls/images/saff green-headphones.gif
102.08.30 00:40 B e:\sites\CRUMBS\version1.0\grabbag\dolls\images\saff\grey-sweater.gif --> ftp.exultrade.com /httpdocs/indira/crumbs/version1.0/grabbag/dolls/images/saff grey-sweater.gif
102.08.30 00:40 B e:\sites\CRUMBS\version1.0\grabbag\dolls\images\saff\indi-diesel-shoes.gif --> ftp.exultrade.com /httpdocs/indira/crumbs/version1.0/grabbag/dolls/images/saff indi-diesel-shoes.gif
102.08.30 00:40 B e:\sites\CRUMBS\version1.0\grabbag\dolls\images\saff\kiss-me.gif --> ftp.exultrade.com /httpdocs/indira/crumbs/version1.0/grabbag/dolls/images/saff kiss-me.gif
102.08.30 00:40 B e:\sites\CRUMBS\version1.0\grabbag\dolls\images\saff\lady-power.gif --> ftp.exultrade.com /httpdocs/indira/crumbs/version1.0/grabbag/dolls/images/saff lady-power.gif
102.08.30 00:40 B e:\sites\CRUMBS\version1.0\grabbag\dolls\images\saff\new-indi-doll001.gif --> ftp.exultrade.com /httpdocs/indira/crumbs/version1.0/grabbag/dolls/images/saff new-indi-doll001.gif
102.08.30 00:40 B e:\sites\CRUMBS\version1.0\grabbag\dolls\images\saff\new-indi-doll002.gif --> ftp.exultrade.com /httpdocs/indira/crumbs/version1.0/grabbag/dolls/images/saff new-indi-doll002.gif
102.08.30 00:40 B e:\sites\CRUMBS\version1.0\grabbag\dolls\images\saff\password-shirt.gif --> ftp.exultrade.com /httpdocs/indira/crumbs/version1.0/grabbag/dolls/images/saff password-shirt.gif
102.08.30 00:40 B e:\sites\CRUMBS\version1.0\grabbag\dolls\images\saff\red-&-maroon-thing.gif --> ftp.exultrade.com /httpdocs/indira/crumbs/version1.0/grabbag/dolls/images/saff red-&-maroon-thing.gif
102.08.30 00:40 B e:\sites\CRUMBS\version1.0\grabbag\dolls\images\saff\saf-&-sid.gif --> ftp.exultrade.com /httpdocs/indira/crumbs/version1.0/grabbag/dolls/images/saff saf-&-sid.gif
102.08.30 00:40 B e:\sites\CRUMBS\version1.0\grabbag\dolls\images\saff\siddie-pajamas.gif --> ftp.exultrade.com /httpdocs/indira/crumbs/version1.0/grabbag/dolls/images/saff siddie-pajamas.gif
102.08.30 02:29 B e:\sites\crumbs\version1.0\grabbag\dolls\images\saff\80-peso-shirt.gif --> ftp.exultrade.com /httpdocs/indira/crumbs/version1.0/grabbag/dolls/images/saff 80-peso-shirt.gif
102.08.30 02:29 B e:\sites\crumbs\version1.0\grabbag\dolls\images\saff\black-jacket-saff.gif --> ftp.exultrade.com /httpdocs/indira/crumbs/version1.0/grabbag/dolls/images/saff black-jacket-saff.gif
102.08.30 02:29 B e:\sites\crumbs\version1.0\grabbag\dolls\images\saff\blue-jacket-saff.gif --> ftp.exultrade.com /httpdocs/indira/crumbs/version1.0/grabbag/dolls/images/saff blue-jacket-saff.gif
102.08.30 02:29 B e:\sites\crumbs\version1.0\grabbag\dolls\images\saff\blue-lined-white-thing.gif --> ftp.exultrade.com /httpdocs/indira/crumbs/version1.0/grabbag/dolls/images/saff blue-lined-white-thing.gif
102.08.30 02:29 B e:\sites\crumbs\version1.0\grabbag\dolls\images\saff\blue-military-trousers.gif --> ftp.exultrade.com /httpdocs/indira/crumbs/version1.0/grabbag/dolls/images/saff blue-military-trousers.gif
102.08.30 02:29 B e:\sites\crumbs\version1.0\grabbag\dolls\images\saff\devil-shirt.gif --> ftp.exultrade.com /httpdocs/indira/crumbs/version1.0/grabbag/dolls/images/saff devil-shirt.gif
102.08.30 02:29 B e:\sites\crumbs\version1.0\grabbag\dolls\images\saff\emily.gif --> ftp.exultrade.com /httpdocs/indira/crumbs/version1.0/grabbag/dolls/images/saff emily.gif
102.08.30 02:29 B e:\sites\crumbs\version1.0\grabbag\dolls\images\saff\green-headphones.gif --> ftp.exultrade.com /httpdocs/indira/crumbs/version1.0/grabbag/dolls/images/saff green-headphones.gif
102.08.30 02:29 B e:\sites\crumbs\version1.0\grabbag\dolls\images\saff\grey-sweater.gif --> ftp.exultrade.com /httpdocs/indira/crumbs/version1.0/grabbag/dolls/images/saff grey-sweater.gif
102.08.30 02:29 B e:\sites\crumbs\version1.0\grabbag\dolls\images\saff\indi-diesel-shoes.gif --> ftp.exultrade.com /httpdocs/indira/crumbs/version1.0/grabbag/dolls/images/saff indi-diesel-shoes.gif
102.08.30 02:30 B e:\sites\crumbs\version1.0\grabbag\dolls\images\saff\kiss-me.gif --> ftp.exultrade.com /httpdocs/indira/crumbs/version1.0/grabbag/dolls/images/saff kiss-me.gif
102.08.30 02:30 B e:\sites\crumbs\version1.0\grabbag\dolls\images\saff\lady-power.gif --> ftp.exultrade.com /httpdocs/indira/crumbs/version1.0/grabbag/dolls/images/saff lady-power.gif
102.08.30 02:30 B e:\sites\crumbs\version1.0\grabbag\dolls\images\saff\new-indi-doll001.gif --> ftp.exultrade.com /httpdocs/indira/crumbs/version1.0/grabbag/dolls/images/saff new-indi-doll001.gif
102.08.30 02:30 B e:\sites\crumbs\version1.0\grabbag\dolls\images\saff\new-indi-doll002.gif --> ftp.exultrade.com /httpdocs/indira/crumbs/version1.0/grabbag/dolls/images/saff new-indi-doll002.gif
102.08.30 02:30 B e:\sites\crumbs\version1.0\grabbag\dolls\images\saff\password-shirt.gif --> ftp.exultrade.com /httpdocs/indira/crumbs/version1.0/grabbag/dolls/images/saff password-shirt.gif
102.08.30 02:30 B e:\sites\crumbs\version1.0\grabbag\dolls\images\saff\red-&-maroon-thing.gif --> ftp.exultrade.com /httpdocs/indira/crumbs/version1.0/grabbag/dolls/images/saff red-&-maroon-thing.gif
102.08.30 02:30 B e:\sites\crumbs\version1.0\grabbag\dolls\images\saff\saf-&-sid.gif --> ftp.exultrade.com /httpdocs/indira/crumbs/version1.0/grabbag/dolls/images/saff saf-&-sid.gif
102.08.30 02:30 B e:\sites\crumbs\version1.0\grabbag\dolls\images\saff\siddie-pajamas.gif --> ftp.exultrade.com /httpdocs/indira/crumbs/version1.0/grabbag/dolls/images/saff siddie-pajamas.gif
102.08.30 02:30 B e:\sites\crumbs\version1.0\grabbag\dolls\images\saff\WS_FTP.LOG --> ftp.exultrade.com /httpdocs/indira/crumbs/version1.0/grabbag/dolls/images/saff WS_FTP.LOG
