102.08.30 00:40 B e:\sites\CRUMBS\version1.0\grabbag\dolls\images\adam-doll.gif --> ftp.exultrade.com /httpdocs/indira/crumbs/version1.0/grabbag/dolls/images adam-doll.gif
102.08.30 00:41 B e:\sites\CRUMBS\version1.0\grabbag\dolls\images\adam-dollPG.gif --> ftp.exultrade.com /httpdocs/indira/crumbs/version1.0/grabbag/dolls/images adam-dollPG.gif
102.08.30 00:41 B e:\sites\CRUMBS\version1.0\grabbag\dolls\images\adam-sample005.gif --> ftp.exultrade.com /httpdocs/indira/crumbs/version1.0/grabbag/dolls/images adam-sample005.gif
102.08.30 00:41 B e:\sites\CRUMBS\version1.0\grabbag\dolls\images\adam-sample006.gif --> ftp.exultrade.com /httpdocs/indira/crumbs/version1.0/grabbag/dolls/images adam-sample006.gif
102.08.30 00:41 B e:\sites\CRUMBS\version1.0\grabbag\dolls\images\big-white-shirt.gif --> ftp.exultrade.com /httpdocs/indira/crumbs/version1.0/grabbag/dolls/images big-white-shirt.gif
102.08.30 00:41 B e:\sites\CRUMBS\version1.0\grabbag\dolls\images\black-jacket.gif --> ftp.exultrade.com /httpdocs/indira/crumbs/version1.0/grabbag/dolls/images black-jacket.gif
102.08.30 00:41 B e:\sites\CRUMBS\version1.0\grabbag\dolls\images\black-juan-dela-cruz.gif --> ftp.exultrade.com /httpdocs/indira/crumbs/version1.0/grabbag/dolls/images black-juan-dela-cruz.gif
102.08.30 00:41 B e:\sites\CRUMBS\version1.0\grabbag\dolls\images\black-slacks.gif --> ftp.exultrade.com /httpdocs/indira/crumbs/version1.0/grabbag/dolls/images black-slacks.gif
102.08.30 00:41 B e:\sites\CRUMBS\version1.0\grabbag\dolls\images\blue-jacket.gif --> ftp.exultrade.com /httpdocs/indira/crumbs/version1.0/grabbag/dolls/images blue-jacket.gif
102.08.30 00:41 B e:\sites\CRUMBS\version1.0\grabbag\dolls\images\blue-jenny-shirt.gif --> ftp.exultrade.com /httpdocs/indira/crumbs/version1.0/grabbag/dolls/images blue-jenny-shirt.gif
102.08.30 00:41 B e:\sites\CRUMBS\version1.0\grabbag\dolls\images\blue-striped-boxers.gif --> ftp.exultrade.com /httpdocs/indira/crumbs/version1.0/grabbag/dolls/images blue-striped-boxers.gif
102.08.30 00:41 B e:\sites\CRUMBS\version1.0\grabbag\dolls\images\blueT.gif --> ftp.exultrade.com /httpdocs/indira/crumbs/version1.0/grabbag/dolls/images blueT.gif
102.08.30 00:41 B e:\sites\CRUMBS\version1.0\grabbag\dolls\images\breasts.gif --> ftp.exultrade.com /httpdocs/indira/crumbs/version1.0/grabbag/dolls/images breasts.gif
102.08.30 00:41 B e:\sites\CRUMBS\version1.0\grabbag\dolls\images\brown-shoes.gif --> ftp.exultrade.com /httpdocs/indira/crumbs/version1.0/grabbag/dolls/images brown-shoes.gif
102.08.30 00:41 B e:\sites\CRUMBS\version1.0\grabbag\dolls\images\brown-trenchcoat.gif --> ftp.exultrade.com /httpdocs/indira/crumbs/version1.0/grabbag/dolls/images brown-trenchcoat.gif
102.08.30 00:41 B e:\sites\CRUMBS\version1.0\grabbag\dolls\images\camou-shirt.gif --> ftp.exultrade.com /httpdocs/indira/crumbs/version1.0/grabbag/dolls/images camou-shirt.gif
102.08.30 00:41 B e:\sites\CRUMBS\version1.0\grabbag\dolls\images\chuck-taylors.gif --> ftp.exultrade.com /httpdocs/indira/crumbs/version1.0/grabbag/dolls/images chuck-taylors.gif
102.08.30 00:41 B e:\sites\CRUMBS\version1.0\grabbag\dolls\images\cloak.gif --> ftp.exultrade.com /httpdocs/indira/crumbs/version1.0/grabbag/dolls/images cloak.gif
102.08.30 00:41 B e:\sites\CRUMBS\version1.0\grabbag\dolls\images\collared-shirt.gif --> ftp.exultrade.com /httpdocs/indira/crumbs/version1.0/grabbag/dolls/images collared-shirt.gif
102.08.30 00:41 B e:\sites\CRUMBS\version1.0\grabbag\dolls\images\dark-blue-coat.gif --> ftp.exultrade.com /httpdocs/indira/crumbs/version1.0/grabbag/dolls/images dark-blue-coat.gif
102.08.30 00:41 B e:\sites\CRUMBS\version1.0\grabbag\dolls\images\dark-blue-hat.gif --> ftp.exultrade.com /httpdocs/indira/crumbs/version1.0/grabbag/dolls/images dark-blue-hat.gif
102.08.30 00:41 B e:\sites\CRUMBS\version1.0\grabbag\dolls\images\dark-blue-tie.gif --> ftp.exultrade.com /httpdocs/indira/crumbs/version1.0/grabbag/dolls/images dark-blue-tie.gif
102.08.30 00:41 B e:\sites\CRUMBS\version1.0\grabbag\dolls\images\dark-blue-trousers.gif --> ftp.exultrade.com /httpdocs/indira/crumbs/version1.0/grabbag/dolls/images dark-blue-trousers.gif
102.08.30 00:41 B e:\sites\CRUMBS\version1.0\grabbag\dolls\images\dark-polo.gif --> ftp.exultrade.com /httpdocs/indira/crumbs/version1.0/grabbag/dolls/images dark-polo.gif
102.08.30 00:41 B e:\sites\CRUMBS\version1.0\grabbag\dolls\images\diesel-trousers.gif --> ftp.exultrade.com /httpdocs/indira/crumbs/version1.0/grabbag/dolls/images diesel-trousers.gif
102.08.30 00:41 B e:\sites\CRUMBS\version1.0\grabbag\dolls\images\fighting-maroon-six.gif --> ftp.exultrade.com /httpdocs/indira/crumbs/version1.0/grabbag/dolls/images fighting-maroon-six.gif
102.08.30 00:41 B e:\sites\CRUMBS\version1.0\grabbag\dolls\images\gasoline-76.gif --> ftp.exultrade.com /httpdocs/indira/crumbs/version1.0/grabbag/dolls/images gasoline-76.gif
102.08.30 00:41 B e:\sites\CRUMBS\version1.0\grabbag\dolls\images\geek-glasses.gif --> ftp.exultrade.com /httpdocs/indira/crumbs/version1.0/grabbag/dolls/images geek-glasses.gif
102.08.30 00:41 B e:\sites\CRUMBS\version1.0\grabbag\dolls\images\green-hardhat.gif --> ftp.exultrade.com /httpdocs/indira/crumbs/version1.0/grabbag/dolls/images green-hardhat.gif
102.08.30 00:41 B e:\sites\CRUMBS\version1.0\grabbag\dolls\images\green-shirt.gif --> ftp.exultrade.com /httpdocs/indira/crumbs/version1.0/grabbag/dolls/images green-shirt.gif
102.08.30 00:41 B e:\sites\CRUMBS\version1.0\grabbag\dolls\images\guy-fawkes-mask.gif --> ftp.exultrade.com /httpdocs/indira/crumbs/version1.0/grabbag/dolls/images guy-fawkes-mask.gif
102.08.30 00:41 B e:\sites\CRUMBS\version1.0\grabbag\dolls\images\hamsean-polo.gif --> ftp.exultrade.com /httpdocs/indira/crumbs/version1.0/grabbag/dolls/images hamsean-polo.gif
102.08.30 00:41 B e:\sites\CRUMBS\version1.0\grabbag\dolls\images\in-love.gif --> ftp.exultrade.com /httpdocs/indira/crumbs/version1.0/grabbag/dolls/images in-love.gif
102.08.30 00:41 B e:\sites\CRUMBS\version1.0\grabbag\dolls\images\kamisuchiewan.gif --> ftp.exultrade.com /httpdocs/indira/crumbs/version1.0/grabbag/dolls/images kamisuchiewan.gif
102.08.30 00:41 B e:\sites\CRUMBS\version1.0\grabbag\dolls\images\kegs.gif --> ftp.exultrade.com /httpdocs/indira/crumbs/version1.0/grabbag/dolls/images kegs.gif
102.08.30 00:42 B e:\sites\CRUMBS\version1.0\grabbag\dolls\images\kilt.gif --> ftp.exultrade.com /httpdocs/indira/crumbs/version1.0/grabbag/dolls/images kilt.gif
102.08.30 00:42 B e:\sites\CRUMBS\version1.0\grabbag\dolls\images\military-boots.gif --> ftp.exultrade.com /httpdocs/indira/crumbs/version1.0/grabbag/dolls/images military-boots.gif
102.08.30 00:42 B e:\sites\CRUMBS\version1.0\grabbag\dolls\images\military-jacket.gif --> ftp.exultrade.com /httpdocs/indira/crumbs/version1.0/grabbag/dolls/images military-jacket.gif
102.08.30 00:42 B e:\sites\CRUMBS\version1.0\grabbag\dolls\images\military-trousers.gif --> ftp.exultrade.com /httpdocs/indira/crumbs/version1.0/grabbag/dolls/images military-trousers.gif
102.08.30 00:42 B e:\sites\CRUMBS\version1.0\grabbag\dolls\images\new-adam-doll.gif --> ftp.exultrade.com /httpdocs/indira/crumbs/version1.0/grabbag/dolls/images new-adam-doll.gif
102.08.30 00:42 B e:\sites\CRUMBS\version1.0\grabbag\dolls\images\pink-at-shirt.gif --> ftp.exultrade.com /httpdocs/indira/crumbs/version1.0/grabbag/dolls/images pink-at-shirt.gif
102.08.30 00:42 B e:\sites\CRUMBS\version1.0\grabbag\dolls\images\red-boots.gif --> ftp.exultrade.com /httpdocs/indira/crumbs/version1.0/grabbag/dolls/images red-boots.gif
102.08.30 00:42 B e:\sites\CRUMBS\version1.0\grabbag\dolls\images\red-pants.gif --> ftp.exultrade.com /httpdocs/indira/crumbs/version1.0/grabbag/dolls/images red-pants.gif
102.08.30 00:42 B e:\sites\CRUMBS\version1.0\grabbag\dolls\images\rorschach-mask.gif --> ftp.exultrade.com /httpdocs/indira/crumbs/version1.0/grabbag/dolls/images rorschach-mask.gif
102.08.30 00:42 B e:\sites\CRUMBS\version1.0\grabbag\dolls\images\saffron-noir.gif --> ftp.exultrade.com /httpdocs/indira/crumbs/version1.0/grabbag/dolls/images saffron-noir.gif
102.08.30 00:42 B e:\sites\CRUMBS\version1.0\grabbag\dolls\images\sexy-boy.gif --> ftp.exultrade.com /httpdocs/indira/crumbs/version1.0/grabbag/dolls/images sexy-boy.gif
102.08.30 00:42 B e:\sites\CRUMBS\version1.0\grabbag\dolls\images\shades.gif --> ftp.exultrade.com /httpdocs/indira/crumbs/version1.0/grabbag/dolls/images shades.gif
102.08.30 00:42 B e:\sites\CRUMBS\version1.0\grabbag\dolls\images\slacks.gif --> ftp.exultrade.com /httpdocs/indira/crumbs/version1.0/grabbag/dolls/images slacks.gif
102.08.30 00:42 B e:\sites\CRUMBS\version1.0\grabbag\dolls\images\straw-hat.gif --> ftp.exultrade.com /httpdocs/indira/crumbs/version1.0/grabbag/dolls/images straw-hat.gif
102.08.30 00:43 B e:\sites\CRUMBS\version1.0\grabbag\dolls\images\Thumbs.db --> ftp.exultrade.com /httpdocs/indira/crumbs/version1.0/grabbag/dolls/images Thumbs.db
102.08.30 00:43 B e:\sites\CRUMBS\version1.0\grabbag\dolls\images\tight-red-UP.gif --> ftp.exultrade.com /httpdocs/indira/crumbs/version1.0/grabbag/dolls/images tight-red-UP.gif
102.08.30 00:43 B e:\sites\CRUMBS\version1.0\grabbag\dolls\images\two-tone.gif --> ftp.exultrade.com /httpdocs/indira/crumbs/version1.0/grabbag/dolls/images two-tone.gif
102.08.30 00:43 B e:\sites\CRUMBS\version1.0\grabbag\dolls\images\weezer-shirt.gif --> ftp.exultrade.com /httpdocs/indira/crumbs/version1.0/grabbag/dolls/images weezer-shirt.gif
102.08.30 00:43 B e:\sites\CRUMBS\version1.0\grabbag\dolls\images\weird-hat.gif --> ftp.exultrade.com /httpdocs/indira/crumbs/version1.0/grabbag/dolls/images weird-hat.gif
102.08.30 00:43 B e:\sites\CRUMBS\version1.0\grabbag\dolls\images\wig.gif --> ftp.exultrade.com /httpdocs/indira/crumbs/version1.0/grabbag/dolls/images wig.gif
102.08.30 00:43 B e:\sites\CRUMBS\version1.0\grabbag\dolls\images\yellow-coveralls.gif --> ftp.exultrade.com /httpdocs/indira/crumbs/version1.0/grabbag/dolls/images yellow-coveralls.gif
102.08.30 00:43 B e:\sites\CRUMBS\version1.0\grabbag\dolls\images\yellow-mao-star.gif --> ftp.exultrade.com /httpdocs/indira/crumbs/version1.0/grabbag/dolls/images yellow-mao-star.gif
102.08.30 02:30 B e:\sites\crumbs\version1.0\grabbag\dolls\images\adam-doll.gif --> ftp.exultrade.com /httpdocs/indira/crumbs/version1.0/grabbag/dolls/images adam-doll.gif
102.08.30 02:30 B e:\sites\crumbs\version1.0\grabbag\dolls\images\adam-dollPG.gif --> ftp.exultrade.com /httpdocs/indira/crumbs/version1.0/grabbag/dolls/images adam-dollPG.gif
102.08.30 02:30 B e:\sites\crumbs\version1.0\grabbag\dolls\images\adam-sample005.gif --> ftp.exultrade.com /httpdocs/indira/crumbs/version1.0/grabbag/dolls/images adam-sample005.gif
102.08.30 02:30 B e:\sites\crumbs\version1.0\grabbag\dolls\images\adam-sample006.gif --> ftp.exultrade.com /httpdocs/indira/crumbs/version1.0/grabbag/dolls/images adam-sample006.gif
102.08.30 02:30 B e:\sites\crumbs\version1.0\grabbag\dolls\images\big-white-shirt.gif --> ftp.exultrade.com /httpdocs/indira/crumbs/version1.0/grabbag/dolls/images big-white-shirt.gif
102.08.30 02:30 B e:\sites\crumbs\version1.0\grabbag\dolls\images\black-jacket.gif --> ftp.exultrade.com /httpdocs/indira/crumbs/version1.0/grabbag/dolls/images black-jacket.gif
102.08.30 02:30 B e:\sites\crumbs\version1.0\grabbag\dolls\images\black-juan-dela-cruz.gif --> ftp.exultrade.com /httpdocs/indira/crumbs/version1.0/grabbag/dolls/images black-juan-dela-cruz.gif
102.08.30 02:31 B e:\sites\crumbs\version1.0\grabbag\dolls\images\black-slacks.gif --> ftp.exultrade.com /httpdocs/indira/crumbs/version1.0/grabbag/dolls/images black-slacks.gif
102.08.30 02:31 B e:\sites\crumbs\version1.0\grabbag\dolls\images\blue-jacket.gif --> ftp.exultrade.com /httpdocs/indira/crumbs/version1.0/grabbag/dolls/images blue-jacket.gif
102.08.30 02:31 B e:\sites\crumbs\version1.0\grabbag\dolls\images\blue-jenny-shirt.gif --> ftp.exultrade.com /httpdocs/indira/crumbs/version1.0/grabbag/dolls/images blue-jenny-shirt.gif
102.08.30 02:31 B e:\sites\crumbs\version1.0\grabbag\dolls\images\blue-striped-boxers.gif --> ftp.exultrade.com /httpdocs/indira/crumbs/version1.0/grabbag/dolls/images blue-striped-boxers.gif
102.08.30 02:31 B e:\sites\crumbs\version1.0\grabbag\dolls\images\blueT.gif --> ftp.exultrade.com /httpdocs/indira/crumbs/version1.0/grabbag/dolls/images blueT.gif
102.08.30 02:31 B e:\sites\crumbs\version1.0\grabbag\dolls\images\breasts.gif --> ftp.exultrade.com /httpdocs/indira/crumbs/version1.0/grabbag/dolls/images breasts.gif
102.08.30 02:31 B e:\sites\crumbs\version1.0\grabbag\dolls\images\brown-shoes.gif --> ftp.exultrade.com /httpdocs/indira/crumbs/version1.0/grabbag/dolls/images brown-shoes.gif
102.08.30 02:31 B e:\sites\crumbs\version1.0\grabbag\dolls\images\brown-trenchcoat.gif --> ftp.exultrade.com /httpdocs/indira/crumbs/version1.0/grabbag/dolls/images brown-trenchcoat.gif
102.08.30 02:31 B e:\sites\crumbs\version1.0\grabbag\dolls\images\camou-shirt.gif --> ftp.exultrade.com /httpdocs/indira/crumbs/version1.0/grabbag/dolls/images camou-shirt.gif
102.08.30 02:31 B e:\sites\crumbs\version1.0\grabbag\dolls\images\chuck-taylors.gif --> ftp.exultrade.com /httpdocs/indira/crumbs/version1.0/grabbag/dolls/images chuck-taylors.gif
102.08.30 02:31 B e:\sites\crumbs\version1.0\grabbag\dolls\images\cloak.gif --> ftp.exultrade.com /httpdocs/indira/crumbs/version1.0/grabbag/dolls/images cloak.gif
102.08.30 02:31 B e:\sites\crumbs\version1.0\grabbag\dolls\images\collared-shirt.gif --> ftp.exultrade.com /httpdocs/indira/crumbs/version1.0/grabbag/dolls/images collared-shirt.gif
102.08.30 02:31 B e:\sites\crumbs\version1.0\grabbag\dolls\images\dark-blue-coat.gif --> ftp.exultrade.com /httpdocs/indira/crumbs/version1.0/grabbag/dolls/images dark-blue-coat.gif
102.08.30 02:31 B e:\sites\crumbs\version1.0\grabbag\dolls\images\dark-blue-hat.gif --> ftp.exultrade.com /httpdocs/indira/crumbs/version1.0/grabbag/dolls/images dark-blue-hat.gif
102.08.30 02:31 B e:\sites\crumbs\version1.0\grabbag\dolls\images\dark-blue-tie.gif --> ftp.exultrade.com /httpdocs/indira/crumbs/version1.0/grabbag/dolls/images dark-blue-tie.gif
102.08.30 02:31 B e:\sites\crumbs\version1.0\grabbag\dolls\images\dark-blue-trousers.gif --> ftp.exultrade.com /httpdocs/indira/crumbs/version1.0/grabbag/dolls/images dark-blue-trousers.gif
102.08.30 02:31 B e:\sites\crumbs\version1.0\grabbag\dolls\images\dark-polo.gif --> ftp.exultrade.com /httpdocs/indira/crumbs/version1.0/grabbag/dolls/images dark-polo.gif
102.08.30 02:31 B e:\sites\crumbs\version1.0\grabbag\dolls\images\diesel-trousers.gif --> ftp.exultrade.com /httpdocs/indira/crumbs/version1.0/grabbag/dolls/images diesel-trousers.gif
102.08.30 02:31 B e:\sites\crumbs\version1.0\grabbag\dolls\images\fighting-maroon-six.gif --> ftp.exultrade.com /httpdocs/indira/crumbs/version1.0/grabbag/dolls/images fighting-maroon-six.gif
102.08.30 02:31 B e:\sites\crumbs\version1.0\grabbag\dolls\images\gasoline-76.gif --> ftp.exultrade.com /httpdocs/indira/crumbs/version1.0/grabbag/dolls/images gasoline-76.gif
102.08.30 02:31 B e:\sites\crumbs\version1.0\grabbag\dolls\images\geek-glasses.gif --> ftp.exultrade.com /httpdocs/indira/crumbs/version1.0/grabbag/dolls/images geek-glasses.gif
102.08.30 02:31 B e:\sites\crumbs\version1.0\grabbag\dolls\images\green-hardhat.gif --> ftp.exultrade.com /httpdocs/indira/crumbs/version1.0/grabbag/dolls/images green-hardhat.gif
102.08.30 02:31 B e:\sites\crumbs\version1.0\grabbag\dolls\images\green-shirt.gif --> ftp.exultrade.com /httpdocs/indira/crumbs/version1.0/grabbag/dolls/images green-shirt.gif
102.08.30 02:31 B e:\sites\crumbs\version1.0\grabbag\dolls\images\guy-fawkes-mask.gif --> ftp.exultrade.com /httpdocs/indira/crumbs/version1.0/grabbag/dolls/images guy-fawkes-mask.gif
102.08.30 02:31 B e:\sites\crumbs\version1.0\grabbag\dolls\images\hamsean-polo.gif --> ftp.exultrade.com /httpdocs/indira/crumbs/version1.0/grabbag/dolls/images hamsean-polo.gif
102.08.30 02:31 B e:\sites\crumbs\version1.0\grabbag\dolls\images\in-love.gif --> ftp.exultrade.com /httpdocs/indira/crumbs/version1.0/grabbag/dolls/images in-love.gif
102.08.30 02:31 B e:\sites\crumbs\version1.0\grabbag\dolls\images\kamisuchiewan.gif --> ftp.exultrade.com /httpdocs/indira/crumbs/version1.0/grabbag/dolls/images kamisuchiewan.gif
102.08.30 02:31 B e:\sites\crumbs\version1.0\grabbag\dolls\images\kegs.gif --> ftp.exultrade.com /httpdocs/indira/crumbs/version1.0/grabbag/dolls/images kegs.gif
102.08.30 02:31 B e:\sites\crumbs\version1.0\grabbag\dolls\images\kilt.gif --> ftp.exultrade.com /httpdocs/indira/crumbs/version1.0/grabbag/dolls/images kilt.gif
102.08.30 02:31 B e:\sites\crumbs\version1.0\grabbag\dolls\images\military-boots.gif --> ftp.exultrade.com /httpdocs/indira/crumbs/version1.0/grabbag/dolls/images military-boots.gif
102.08.30 02:31 B e:\sites\crumbs\version1.0\grabbag\dolls\images\military-jacket.gif --> ftp.exultrade.com /httpdocs/indira/crumbs/version1.0/grabbag/dolls/images military-jacket.gif
102.08.30 02:31 B e:\sites\crumbs\version1.0\grabbag\dolls\images\military-trousers.gif --> ftp.exultrade.com /httpdocs/indira/crumbs/version1.0/grabbag/dolls/images military-trousers.gif
102.08.30 02:31 B e:\sites\crumbs\version1.0\grabbag\dolls\images\new-adam-doll.gif --> ftp.exultrade.com /httpdocs/indira/crumbs/version1.0/grabbag/dolls/images new-adam-doll.gif
102.08.30 02:31 B e:\sites\crumbs\version1.0\grabbag\dolls\images\pink-at-shirt.gif --> ftp.exultrade.com /httpdocs/indira/crumbs/version1.0/grabbag/dolls/images pink-at-shirt.gif
102.08.30 02:31 B e:\sites\crumbs\version1.0\grabbag\dolls\images\red-boots.gif --> ftp.exultrade.com /httpdocs/indira/crumbs/version1.0/grabbag/dolls/images red-boots.gif
102.08.30 02:31 B e:\sites\crumbs\version1.0\grabbag\dolls\images\red-pants.gif --> ftp.exultrade.com /httpdocs/indira/crumbs/version1.0/grabbag/dolls/images red-pants.gif
102.08.30 02:31 B e:\sites\crumbs\version1.0\grabbag\dolls\images\rorschach-mask.gif --> ftp.exultrade.com /httpdocs/indira/crumbs/version1.0/grabbag/dolls/images rorschach-mask.gif
102.08.30 02:32 B e:\sites\crumbs\version1.0\grabbag\dolls\images\saffron-noir.gif --> ftp.exultrade.com /httpdocs/indira/crumbs/version1.0/grabbag/dolls/images saffron-noir.gif
102.08.30 02:32 B e:\sites\crumbs\version1.0\grabbag\dolls\images\sexy-boy.gif --> ftp.exultrade.com /httpdocs/indira/crumbs/version1.0/grabbag/dolls/images sexy-boy.gif
102.08.30 02:32 B e:\sites\crumbs\version1.0\grabbag\dolls\images\shades.gif --> ftp.exultrade.com /httpdocs/indira/crumbs/version1.0/grabbag/dolls/images shades.gif
102.08.30 02:32 B e:\sites\crumbs\version1.0\grabbag\dolls\images\slacks.gif --> ftp.exultrade.com /httpdocs/indira/crumbs/version1.0/grabbag/dolls/images slacks.gif
102.08.30 02:32 B e:\sites\crumbs\version1.0\grabbag\dolls\images\straw-hat.gif --> ftp.exultrade.com /httpdocs/indira/crumbs/version1.0/grabbag/dolls/images straw-hat.gif
102.08.30 02:33 B e:\sites\crumbs\version1.0\grabbag\dolls\images\Thumbs.db --> ftp.exultrade.com /httpdocs/indira/crumbs/version1.0/grabbag/dolls/images Thumbs.db
102.08.30 02:33 B e:\sites\crumbs\version1.0\grabbag\dolls\images\tight-red-UP.gif --> ftp.exultrade.com /httpdocs/indira/crumbs/version1.0/grabbag/dolls/images tight-red-UP.gif
102.08.30 02:33 B e:\sites\crumbs\version1.0\grabbag\dolls\images\two-tone.gif --> ftp.exultrade.com /httpdocs/indira/crumbs/version1.0/grabbag/dolls/images two-tone.gif
102.08.30 02:33 B e:\sites\crumbs\version1.0\grabbag\dolls\images\weezer-shirt.gif --> ftp.exultrade.com /httpdocs/indira/crumbs/version1.0/grabbag/dolls/images weezer-shirt.gif
102.08.30 02:33 B e:\sites\crumbs\version1.0\grabbag\dolls\images\weird-hat.gif --> ftp.exultrade.com /httpdocs/indira/crumbs/version1.0/grabbag/dolls/images weird-hat.gif
102.08.30 02:33 B e:\sites\crumbs\version1.0\grabbag\dolls\images\wig.gif --> ftp.exultrade.com /httpdocs/indira/crumbs/version1.0/grabbag/dolls/images wig.gif
102.08.30 02:33 B e:\sites\crumbs\version1.0\grabbag\dolls\images\WS_FTP.LOG --> ftp.exultrade.com /httpdocs/indira/crumbs/version1.0/grabbag/dolls/images WS_FTP.LOG
102.08.30 02:33 B e:\sites\crumbs\version1.0\grabbag\dolls\images\yellow-coveralls.gif --> ftp.exultrade.com /httpdocs/indira/crumbs/version1.0/grabbag/dolls/images yellow-coveralls.gif
102.08.30 02:33 B e:\sites\crumbs\version1.0\grabbag\dolls\images\yellow-mao-star.gif --> ftp.exultrade.com /httpdocs/indira/crumbs/version1.0/grabbag/dolls/images yellow-mao-star.gif
