102.03.03 18:19 B D:\SITES\CRUMBS\polaroids\bed.htm --> ftp.exultrade.com /g:/webserver/exultrade/htdocs/indira/crumbs/polaroids bed.htm
102.03.03 18:19 B D:\SITES\CRUMBS\polaroids\boots.htm --> ftp.exultrade.com /g:/webserver/exultrade/htdocs/indira/crumbs/polaroids boots.htm
102.03.03 18:19 B D:\SITES\CRUMBS\polaroids\guitar.htm --> ftp.exultrade.com /g:/webserver/exultrade/htdocs/indira/crumbs/polaroids guitar.htm
102.03.03 18:19 B D:\SITES\CRUMBS\polaroids\headdress.htm --> ftp.exultrade.com /g:/webserver/exultrade/htdocs/indira/crumbs/polaroids headdress.htm
102.03.03 18:19 B D:\SITES\CRUMBS\polaroids\her.htm --> ftp.exultrade.com /g:/webserver/exultrade/htdocs/indira/crumbs/polaroids her.htm
102.03.03 18:19 B D:\SITES\CRUMBS\polaroids\index.htm --> ftp.exultrade.com /g:/webserver/exultrade/htdocs/indira/crumbs/polaroids index.htm
102.03.03 18:19 B D:\SITES\CRUMBS\polaroids\kuya.htm --> ftp.exultrade.com /g:/webserver/exultrade/htdocs/indira/crumbs/polaroids kuya.htm
102.03.03 18:19 B D:\SITES\CRUMBS\polaroids\lambanog.htm --> ftp.exultrade.com /g:/webserver/exultrade/htdocs/indira/crumbs/polaroids lambanog.htm
102.03.03 18:19 B D:\SITES\CRUMBS\polaroids\matthau.htm --> ftp.exultrade.com /g:/webserver/exultrade/htdocs/indira/crumbs/polaroids matthau.htm
102.03.03 18:19 B D:\SITES\CRUMBS\polaroids\polaroids.htm --> ftp.exultrade.com /g:/webserver/exultrade/htdocs/indira/crumbs/polaroids polaroids.htm
102.03.03 18:19 B D:\SITES\CRUMBS\polaroids\rooftops.htm --> ftp.exultrade.com /g:/webserver/exultrade/htdocs/indira/crumbs/polaroids rooftops.htm
102.03.03 18:19 B D:\SITES\CRUMBS\polaroids\sachiko.htm --> ftp.exultrade.com /g:/webserver/exultrade/htdocs/indira/crumbs/polaroids sachiko.htm
102.03.03 18:19 B D:\SITES\CRUMBS\polaroids\saffron.htm --> ftp.exultrade.com /g:/webserver/exultrade/htdocs/indira/crumbs/polaroids saffron.htm
102.03.03 18:19 B D:\SITES\CRUMBS\polaroids\saucer.htm --> ftp.exultrade.com /g:/webserver/exultrade/htdocs/indira/crumbs/polaroids saucer.htm
102.03.03 18:19 B D:\SITES\CRUMBS\polaroids\shower.htm --> ftp.exultrade.com /g:/webserver/exultrade/htdocs/indira/crumbs/polaroids shower.htm
102.03.03 18:19 B D:\SITES\CRUMBS\polaroids\sky.htm --> ftp.exultrade.com /g:/webserver/exultrade/htdocs/indira/crumbs/polaroids sky.htm
102.03.03 18:19 B D:\SITES\CRUMBS\polaroids\snorer.htm --> ftp.exultrade.com /g:/webserver/exultrade/htdocs/indira/crumbs/polaroids snorer.htm
102.03.03 18:19 B D:\SITES\CRUMBS\polaroids\tongs.htm --> ftp.exultrade.com /g:/webserver/exultrade/htdocs/indira/crumbs/polaroids tongs.htm
102.03.03 18:19 B D:\SITES\CRUMBS\polaroids\trousers.htm --> ftp.exultrade.com /g:/webserver/exultrade/htdocs/indira/crumbs/polaroids trousers.htm
102.03.03 18:19 B D:\SITES\CRUMBS\polaroids\uncle.htm --> ftp.exultrade.com /g:/webserver/exultrade/htdocs/indira/crumbs/polaroids uncle.htm
102.03.03 18:19 B D:\SITES\CRUMBS\polaroids\wall.htm --> ftp.exultrade.com /g:/webserver/exultrade/htdocs/indira/crumbs/polaroids wall.htm
102.08.30 04:11 B e:\Sites\CRUMBS\version1.0\polaroids\bed.htm --> ftp.exultrade.com /httpdocs/indira/crumbs/version1.0/polaroids bed.htm
102.08.30 04:11 B e:\Sites\CRUMBS\version1.0\polaroids\boots.htm --> ftp.exultrade.com /httpdocs/indira/crumbs/version1.0/polaroids boots.htm
102.08.30 04:11 B e:\Sites\CRUMBS\version1.0\polaroids\guitar.htm --> ftp.exultrade.com /httpdocs/indira/crumbs/version1.0/polaroids guitar.htm
102.08.30 04:11 B e:\Sites\CRUMBS\version1.0\polaroids\headdress.htm --> ftp.exultrade.com /httpdocs/indira/crumbs/version1.0/polaroids headdress.htm
102.08.30 04:11 B e:\Sites\CRUMBS\version1.0\polaroids\her.htm --> ftp.exultrade.com /httpdocs/indira/crumbs/version1.0/polaroids her.htm
102.08.30 04:11 B e:\Sites\CRUMBS\version1.0\polaroids\index.htm --> ftp.exultrade.com /httpdocs/indira/crumbs/version1.0/polaroids index.htm
102.08.30 04:11 B e:\Sites\CRUMBS\version1.0\polaroids\kuya.htm --> ftp.exultrade.com /httpdocs/indira/crumbs/version1.0/polaroids kuya.htm
102.08.30 04:11 B e:\Sites\CRUMBS\version1.0\polaroids\lambanog.htm --> ftp.exultrade.com /httpdocs/indira/crumbs/version1.0/polaroids lambanog.htm
102.08.30 04:11 B e:\Sites\CRUMBS\version1.0\polaroids\matthau.htm --> ftp.exultrade.com /httpdocs/indira/crumbs/version1.0/polaroids matthau.htm
102.08.30 04:11 B e:\Sites\CRUMBS\version1.0\polaroids\polaroids.htm --> ftp.exultrade.com /httpdocs/indira/crumbs/version1.0/polaroids polaroids.htm
102.08.30 04:11 B e:\Sites\CRUMBS\version1.0\polaroids\rooftops.htm --> ftp.exultrade.com /httpdocs/indira/crumbs/version1.0/polaroids rooftops.htm
102.08.30 04:11 B e:\Sites\CRUMBS\version1.0\polaroids\sachiko.htm --> ftp.exultrade.com /httpdocs/indira/crumbs/version1.0/polaroids sachiko.htm
102.08.30 04:11 B e:\Sites\CRUMBS\version1.0\polaroids\saffron.htm --> ftp.exultrade.com /httpdocs/indira/crumbs/version1.0/polaroids saffron.htm
102.08.30 04:11 B e:\Sites\CRUMBS\version1.0\polaroids\saucer.htm --> ftp.exultrade.com /httpdocs/indira/crumbs/version1.0/polaroids saucer.htm
102.08.30 04:11 B e:\Sites\CRUMBS\version1.0\polaroids\shower.htm --> ftp.exultrade.com /httpdocs/indira/crumbs/version1.0/polaroids shower.htm
102.08.30 04:11 B e:\Sites\CRUMBS\version1.0\polaroids\sky.htm --> ftp.exultrade.com /httpdocs/indira/crumbs/version1.0/polaroids sky.htm
102.08.30 04:11 B e:\Sites\CRUMBS\version1.0\polaroids\snorer.htm --> ftp.exultrade.com /httpdocs/indira/crumbs/version1.0/polaroids snorer.htm
102.08.30 04:11 B e:\Sites\CRUMBS\version1.0\polaroids\tongs.htm --> ftp.exultrade.com /httpdocs/indira/crumbs/version1.0/polaroids tongs.htm
102.08.30 04:11 B e:\Sites\CRUMBS\version1.0\polaroids\trousers.htm --> ftp.exultrade.com /httpdocs/indira/crumbs/version1.0/polaroids trousers.htm
102.08.30 04:12 B e:\Sites\CRUMBS\version1.0\polaroids\uncle.htm --> ftp.exultrade.com /httpdocs/indira/crumbs/version1.0/polaroids uncle.htm
102.08.30 04:12 B e:\Sites\CRUMBS\version1.0\polaroids\wall.htm --> ftp.exultrade.com /httpdocs/indira/crumbs/version1.0/polaroids wall.htm
102.08.30 04:12 B e:\Sites\CRUMBS\version1.0\polaroids\WS_FTP.LOG --> ftp.exultrade.com /httpdocs/indira/crumbs/version1.0/polaroids WS_FTP.LOG
