102.08.30 02:42 B e:\sites\crumbs\version1.0\grabbag\postcards\cards\be-a-woman.gif --> ftp.exultrade.com /httpdocs/indira/crumbs/version1.0/grabbag/postcards/cards be-a-woman.gif
102.08.30 02:42 B e:\sites\crumbs\version1.0\grabbag\postcards\cards\one-shot-cameos.gif --> ftp.exultrade.com /httpdocs/indira/crumbs/version1.0/grabbag/postcards/cards one-shot-cameos.gif
102.08.30 02:42 B e:\sites\crumbs\version1.0\grabbag\postcards\cards\post4panel.htm --> ftp.exultrade.com /httpdocs/indira/crumbs/version1.0/grabbag/postcards/cards post4panel.htm
102.08.30 02:42 B e:\sites\crumbs\version1.0\grabbag\postcards\cards\post4panelfreelance.gif --> ftp.exultrade.com /httpdocs/indira/crumbs/version1.0/grabbag/postcards/cards post4panelfreelance.gif
102.08.30 02:42 B e:\sites\crumbs\version1.0\grabbag\postcards\cards\post7pints.htm --> ftp.exultrade.com /httpdocs/indira/crumbs/version1.0/grabbag/postcards/cards post7pints.htm
102.08.30 02:42 B e:\sites\crumbs\version1.0\grabbag\postcards\cards\post7pints01.gif --> ftp.exultrade.com /httpdocs/indira/crumbs/version1.0/grabbag/postcards/cards post7pints01.gif
102.08.30 02:43 B e:\sites\crumbs\version1.0\grabbag\postcards\cards\postadamtalks.gif --> ftp.exultrade.com /httpdocs/indira/crumbs/version1.0/grabbag/postcards/cards postadamtalks.gif
102.08.30 02:43 B e:\sites\crumbs\version1.0\grabbag\postcards\cards\postadamtalks.htm --> ftp.exultrade.com /httpdocs/indira/crumbs/version1.0/grabbag/postcards/cards postadamtalks.htm
102.08.30 02:43 B e:\sites\crumbs\version1.0\grabbag\postcards\cards\postback.gif --> ftp.exultrade.com /httpdocs/indira/crumbs/version1.0/grabbag/postcards/cards postback.gif
102.08.30 02:43 B e:\sites\crumbs\version1.0\grabbag\postcards\cards\postbacks.htm --> ftp.exultrade.com /httpdocs/indira/crumbs/version1.0/grabbag/postcards/cards postbacks.htm
102.08.30 02:43 B e:\sites\crumbs\version1.0\grabbag\postcards\cards\postchelvin.htm --> ftp.exultrade.com /httpdocs/indira/crumbs/version1.0/grabbag/postcards/cards postchelvin.htm
102.08.30 02:43 B e:\sites\crumbs\version1.0\grabbag\postcards\cards\postchelvin001.gif --> ftp.exultrade.com /httpdocs/indira/crumbs/version1.0/grabbag/postcards/cards postchelvin001.gif
102.08.30 02:43 B e:\sites\crumbs\version1.0\grabbag\postcards\cards\postcherry.gif --> ftp.exultrade.com /httpdocs/indira/crumbs/version1.0/grabbag/postcards/cards postcherry.gif
102.08.30 02:43 B e:\sites\crumbs\version1.0\grabbag\postcards\cards\postcherry.htm --> ftp.exultrade.com /httpdocs/indira/crumbs/version1.0/grabbag/postcards/cards postcherry.htm
102.08.30 02:43 B e:\sites\crumbs\version1.0\grabbag\postcards\cards\postcoffee.gif --> ftp.exultrade.com /httpdocs/indira/crumbs/version1.0/grabbag/postcards/cards postcoffee.gif
102.08.30 02:43 B e:\sites\crumbs\version1.0\grabbag\postcards\cards\postcoffee.htm --> ftp.exultrade.com /httpdocs/indira/crumbs/version1.0/grabbag/postcards/cards postcoffee.htm
102.08.30 02:44 B e:\sites\crumbs\version1.0\grabbag\postcards\cards\postconstel.gif --> ftp.exultrade.com /httpdocs/indira/crumbs/version1.0/grabbag/postcards/cards postconstel.gif
102.08.30 02:44 B e:\sites\crumbs\version1.0\grabbag\postcards\cards\postconstel.htm --> ftp.exultrade.com /httpdocs/indira/crumbs/version1.0/grabbag/postcards/cards postconstel.htm
102.08.30 02:44 B e:\sites\crumbs\version1.0\grabbag\postcards\cards\postconstgirl.gif --> ftp.exultrade.com /httpdocs/indira/crumbs/version1.0/grabbag/postcards/cards postconstgirl.gif
102.08.30 02:44 B e:\sites\crumbs\version1.0\grabbag\postcards\cards\postconstgirl.htm --> ftp.exultrade.com /httpdocs/indira/crumbs/version1.0/grabbag/postcards/cards postconstgirl.htm
102.08.30 02:44 B e:\sites\crumbs\version1.0\grabbag\postcards\cards\postcowgirl.htm --> ftp.exultrade.com /httpdocs/indira/crumbs/version1.0/grabbag/postcards/cards postcowgirl.htm
102.08.30 02:44 B e:\sites\crumbs\version1.0\grabbag\postcards\cards\postcowgirl002.gif --> ftp.exultrade.com /httpdocs/indira/crumbs/version1.0/grabbag/postcards/cards postcowgirl002.gif
102.08.30 02:44 B e:\sites\crumbs\version1.0\grabbag\postcards\cards\postcprose.htm --> ftp.exultrade.com /httpdocs/indira/crumbs/version1.0/grabbag/postcards/cards postcprose.htm
102.08.30 02:44 B e:\sites\crumbs\version1.0\grabbag\postcards\cards\postcprose001.gif --> ftp.exultrade.com /httpdocs/indira/crumbs/version1.0/grabbag/postcards/cards postcprose001.gif
102.08.30 02:44 B e:\sites\crumbs\version1.0\grabbag\postcards\cards\postcrumbs.gif --> ftp.exultrade.com /httpdocs/indira/crumbs/version1.0/grabbag/postcards/cards postcrumbs.gif
102.08.30 02:44 B e:\sites\crumbs\version1.0\grabbag\postcards\cards\postcrumbs.htm --> ftp.exultrade.com /httpdocs/indira/crumbs/version1.0/grabbag/postcards/cards postcrumbs.htm
102.08.30 02:44 B e:\sites\crumbs\version1.0\grabbag\postcards\cards\posteureka.gif --> ftp.exultrade.com /httpdocs/indira/crumbs/version1.0/grabbag/postcards/cards posteureka.gif
102.08.30 02:44 B e:\sites\crumbs\version1.0\grabbag\postcards\cards\posteureka.htm --> ftp.exultrade.com /httpdocs/indira/crumbs/version1.0/grabbag/postcards/cards posteureka.htm
102.08.30 02:44 B e:\sites\crumbs\version1.0\grabbag\postcards\cards\postfreelove.gif --> ftp.exultrade.com /httpdocs/indira/crumbs/version1.0/grabbag/postcards/cards postfreelove.gif
102.08.30 02:44 B e:\sites\crumbs\version1.0\grabbag\postcards\cards\postfreelove.htm --> ftp.exultrade.com /httpdocs/indira/crumbs/version1.0/grabbag/postcards/cards postfreelove.htm
102.08.30 02:44 B e:\sites\crumbs\version1.0\grabbag\postcards\cards\postgenuine.gif --> ftp.exultrade.com /httpdocs/indira/crumbs/version1.0/grabbag/postcards/cards postgenuine.gif
102.08.30 02:44 B e:\sites\crumbs\version1.0\grabbag\postcards\cards\postgenuine.htm --> ftp.exultrade.com /httpdocs/indira/crumbs/version1.0/grabbag/postcards/cards postgenuine.htm
102.08.30 02:44 B e:\sites\crumbs\version1.0\grabbag\postcards\cards\postkidbro.htm --> ftp.exultrade.com /httpdocs/indira/crumbs/version1.0/grabbag/postcards/cards postkidbro.htm
102.08.30 02:45 B e:\sites\crumbs\version1.0\grabbag\postcards\cards\postkidbro1.gif --> ftp.exultrade.com /httpdocs/indira/crumbs/version1.0/grabbag/postcards/cards postkidbro1.gif
102.08.30 02:45 B e:\sites\crumbs\version1.0\grabbag\postcards\cards\postkitty.gif --> ftp.exultrade.com /httpdocs/indira/crumbs/version1.0/grabbag/postcards/cards postkitty.gif
102.08.30 02:45 B e:\sites\crumbs\version1.0\grabbag\postcards\cards\postkitty.htm --> ftp.exultrade.com /httpdocs/indira/crumbs/version1.0/grabbag/postcards/cards postkitty.htm
102.08.30 02:45 B e:\sites\crumbs\version1.0\grabbag\postcards\cards\postlisbeth.gif --> ftp.exultrade.com /httpdocs/indira/crumbs/version1.0/grabbag/postcards/cards postlisbeth.gif
102.08.30 02:45 B e:\sites\crumbs\version1.0\grabbag\postcards\cards\postlisbeth.htm --> ftp.exultrade.com /httpdocs/indira/crumbs/version1.0/grabbag/postcards/cards postlisbeth.htm
102.08.30 02:45 B e:\sites\crumbs\version1.0\grabbag\postcards\cards\postlove-love.gif --> ftp.exultrade.com /httpdocs/indira/crumbs/version1.0/grabbag/postcards/cards postlove-love.gif
102.08.30 02:45 B e:\sites\crumbs\version1.0\grabbag\postcards\cards\postlove-love.htm --> ftp.exultrade.com /httpdocs/indira/crumbs/version1.0/grabbag/postcards/cards postlove-love.htm
102.08.30 02:45 B e:\sites\crumbs\version1.0\grabbag\postcards\cards\postlovedolls.gif --> ftp.exultrade.com /httpdocs/indira/crumbs/version1.0/grabbag/postcards/cards postlovedolls.gif
102.08.30 02:45 B e:\sites\crumbs\version1.0\grabbag\postcards\cards\postlovedolls.htm --> ftp.exultrade.com /httpdocs/indira/crumbs/version1.0/grabbag/postcards/cards postlovedolls.htm
102.08.30 02:45 B e:\sites\crumbs\version1.0\grabbag\postcards\cards\postloys.gif --> ftp.exultrade.com /httpdocs/indira/crumbs/version1.0/grabbag/postcards/cards postloys.gif
102.08.30 02:45 B e:\sites\crumbs\version1.0\grabbag\postcards\cards\postloys.htm --> ftp.exultrade.com /httpdocs/indira/crumbs/version1.0/grabbag/postcards/cards postloys.htm
102.08.30 02:45 B e:\sites\crumbs\version1.0\grabbag\postcards\cards\postnotwar.gif --> ftp.exultrade.com /httpdocs/indira/crumbs/version1.0/grabbag/postcards/cards postnotwar.gif
102.08.30 02:45 B e:\sites\crumbs\version1.0\grabbag\postcards\cards\postnotwar.htm --> ftp.exultrade.com /httpdocs/indira/crumbs/version1.0/grabbag/postcards/cards postnotwar.htm
102.08.30 02:45 B e:\sites\crumbs\version1.0\grabbag\postcards\cards\postpeecee.gif --> ftp.exultrade.com /httpdocs/indira/crumbs/version1.0/grabbag/postcards/cards postpeecee.gif
102.08.30 02:45 B e:\sites\crumbs\version1.0\grabbag\postcards\cards\postpeecee.htm --> ftp.exultrade.com /httpdocs/indira/crumbs/version1.0/grabbag/postcards/cards postpeecee.htm
102.08.30 02:45 B e:\sites\crumbs\version1.0\grabbag\postcards\cards\postpink-delicate-spider-webs.gif --> ftp.exultrade.com /httpdocs/indira/crumbs/version1.0/grabbag/postcards/cards postpink-delicate-spider-webs.gif
102.08.30 02:46 B e:\sites\crumbs\version1.0\grabbag\postcards\cards\postpink.htm --> ftp.exultrade.com /httpdocs/indira/crumbs/version1.0/grabbag/postcards/cards postpink.htm
102.08.30 02:46 B e:\sites\crumbs\version1.0\grabbag\postcards\cards\postpints.gif --> ftp.exultrade.com /httpdocs/indira/crumbs/version1.0/grabbag/postcards/cards postpints.gif
102.08.30 02:46 B e:\sites\crumbs\version1.0\grabbag\postcards\cards\postpints.htm --> ftp.exultrade.com /httpdocs/indira/crumbs/version1.0/grabbag/postcards/cards postpints.htm
102.08.30 02:46 B e:\sites\crumbs\version1.0\grabbag\postcards\cards\postpretty-things.gif --> ftp.exultrade.com /httpdocs/indira/crumbs/version1.0/grabbag/postcards/cards postpretty-things.gif
102.08.30 02:46 B e:\sites\crumbs\version1.0\grabbag\postcards\cards\postpretty.htm --> ftp.exultrade.com /httpdocs/indira/crumbs/version1.0/grabbag/postcards/cards postpretty.htm
102.08.30 02:46 B e:\sites\crumbs\version1.0\grabbag\postcards\cards\postslightly-mental.gif --> ftp.exultrade.com /httpdocs/indira/crumbs/version1.0/grabbag/postcards/cards postslightly-mental.gif
102.08.30 02:46 B e:\sites\crumbs\version1.0\grabbag\postcards\cards\postslightlymental.htm --> ftp.exultrade.com /httpdocs/indira/crumbs/version1.0/grabbag/postcards/cards postslightlymental.htm
102.08.30 02:46 B e:\sites\crumbs\version1.0\grabbag\postcards\cards\postsloppylips.gif --> ftp.exultrade.com /httpdocs/indira/crumbs/version1.0/grabbag/postcards/cards postsloppylips.gif
102.08.30 02:46 B e:\sites\crumbs\version1.0\grabbag\postcards\cards\postsloppylips.htm --> ftp.exultrade.com /httpdocs/indira/crumbs/version1.0/grabbag/postcards/cards postsloppylips.htm
102.08.30 02:46 B e:\sites\crumbs\version1.0\grabbag\postcards\cards\postsplashi.htm --> ftp.exultrade.com /httpdocs/indira/crumbs/version1.0/grabbag/postcards/cards postsplashi.htm
102.08.30 02:46 B e:\sites\crumbs\version1.0\grabbag\postcards\cards\postsplashidelic1.gif --> ftp.exultrade.com /httpdocs/indira/crumbs/version1.0/grabbag/postcards/cards postsplashidelic1.gif
102.08.30 02:46 B e:\sites\crumbs\version1.0\grabbag\postcards\cards\postspock.gif --> ftp.exultrade.com /httpdocs/indira/crumbs/version1.0/grabbag/postcards/cards postspock.gif
102.08.30 02:46 B e:\sites\crumbs\version1.0\grabbag\postcards\cards\postspock.htm --> ftp.exultrade.com /httpdocs/indira/crumbs/version1.0/grabbag/postcards/cards postspock.htm
102.08.30 02:46 B e:\sites\crumbs\version1.0\grabbag\postcards\cards\poststarfell.gif --> ftp.exultrade.com /httpdocs/indira/crumbs/version1.0/grabbag/postcards/cards poststarfell.gif
102.08.30 02:46 B e:\sites\crumbs\version1.0\grabbag\postcards\cards\poststarfell.htm --> ftp.exultrade.com /httpdocs/indira/crumbs/version1.0/grabbag/postcards/cards poststarfell.htm
102.08.30 02:47 B e:\sites\crumbs\version1.0\grabbag\postcards\cards\poststravaganza.gif --> ftp.exultrade.com /httpdocs/indira/crumbs/version1.0/grabbag/postcards/cards poststravaganza.gif
102.08.30 02:47 B e:\sites\crumbs\version1.0\grabbag\postcards\cards\poststravaganza.htm --> ftp.exultrade.com /httpdocs/indira/crumbs/version1.0/grabbag/postcards/cards poststravaganza.htm
102.08.30 02:47 B e:\sites\crumbs\version1.0\grabbag\postcards\cards\poststuff.gif --> ftp.exultrade.com /httpdocs/indira/crumbs/version1.0/grabbag/postcards/cards poststuff.gif
102.08.30 02:47 B e:\sites\crumbs\version1.0\grabbag\postcards\cards\poststuff.htm --> ftp.exultrade.com /httpdocs/indira/crumbs/version1.0/grabbag/postcards/cards poststuff.htm
102.08.30 02:47 B e:\sites\crumbs\version1.0\grabbag\postcards\cards\posttiamzon.gif --> ftp.exultrade.com /httpdocs/indira/crumbs/version1.0/grabbag/postcards/cards posttiamzon.gif
102.08.30 02:47 B e:\sites\crumbs\version1.0\grabbag\postcards\cards\posttiamzon.htm --> ftp.exultrade.com /httpdocs/indira/crumbs/version1.0/grabbag/postcards/cards posttiamzon.htm
102.08.30 02:47 B e:\sites\crumbs\version1.0\grabbag\postcards\cards\postvigan.gif --> ftp.exultrade.com /httpdocs/indira/crumbs/version1.0/grabbag/postcards/cards postvigan.gif
102.08.30 02:47 B e:\sites\crumbs\version1.0\grabbag\postcards\cards\postvigan.htm --> ftp.exultrade.com /httpdocs/indira/crumbs/version1.0/grabbag/postcards/cards postvigan.htm
102.08.30 02:50 B e:\sites\crumbs\version1.0\grabbag\postcards\cards\Thumbs.db --> ftp.exultrade.com /httpdocs/indira/crumbs/version1.0/grabbag/postcards/cards Thumbs.db
102.08.30 02:50 B e:\sites\crumbs\version1.0\grabbag\postcards\cards\yellow-chelvin.gif --> ftp.exultrade.com /httpdocs/indira/crumbs/version1.0/grabbag/postcards/cards yellow-chelvin.gif
