102.08.30 04:00 B e:\Sites\CRUMBS\version1.0\pints\indexpints\_notes\balloon7camels.gif.mno --> ftp.exultrade.com /httpdocs/indira/crumbs/version1.0/pints/indexpints/_notes balloon7camels.gif.mno
102.08.30 04:00 B e:\Sites\CRUMBS\version1.0\pints\indexpints\_notes\balloonsigh.gif.mno --> ftp.exultrade.com /httpdocs/indira/crumbs/version1.0/pints/indexpints/_notes balloonsigh.gif.mno
102.08.30 04:00 B e:\Sites\CRUMBS\version1.0\pints\indexpints\_notes\indexpints3_r1_c01.gif.mno --> ftp.exultrade.com /httpdocs/indira/crumbs/version1.0/pints/indexpints/_notes indexpints3_r1_c01.gif.mno
102.08.30 04:00 B e:\Sites\CRUMBS\version1.0\pints\indexpints\_notes\indexpints3_r2_c01.gif.mno --> ftp.exultrade.com /httpdocs/indira/crumbs/version1.0/pints/indexpints/_notes indexpints3_r2_c01.gif.mno
102.08.30 04:00 B e:\Sites\CRUMBS\version1.0\pints\indexpints\_notes\indexpints3_r2_c03.gif.mno --> ftp.exultrade.com /httpdocs/indira/crumbs/version1.0/pints/indexpints/_notes indexpints3_r2_c03.gif.mno
102.08.30 04:00 B e:\Sites\CRUMBS\version1.0\pints\indexpints\_notes\indexpints3_r2_c05.gif.mno --> ftp.exultrade.com /httpdocs/indira/crumbs/version1.0/pints/indexpints/_notes indexpints3_r2_c05.gif.mno
102.08.30 04:00 B e:\Sites\CRUMBS\version1.0\pints\indexpints\_notes\indexpints3_r2_c06.gif.mno --> ftp.exultrade.com /httpdocs/indira/crumbs/version1.0/pints/indexpints/_notes indexpints3_r2_c06.gif.mno
102.08.30 04:00 B e:\Sites\CRUMBS\version1.0\pints\indexpints\_notes\indexpints3_r2_c07.gif.mno --> ftp.exultrade.com /httpdocs/indira/crumbs/version1.0/pints/indexpints/_notes indexpints3_r2_c07.gif.mno
102.08.30 04:00 B e:\Sites\CRUMBS\version1.0\pints\indexpints\_notes\indexpints3_r2_c08.gif.mno --> ftp.exultrade.com /httpdocs/indira/crumbs/version1.0/pints/indexpints/_notes indexpints3_r2_c08.gif.mno
102.08.30 04:00 B e:\Sites\CRUMBS\version1.0\pints\indexpints\_notes\indexpints3_r2_c09.gif.mno --> ftp.exultrade.com /httpdocs/indira/crumbs/version1.0/pints/indexpints/_notes indexpints3_r2_c09.gif.mno
102.08.30 04:00 B e:\Sites\CRUMBS\version1.0\pints\indexpints\_notes\indexpints3_r2_c10.gif.mno --> ftp.exultrade.com /httpdocs/indira/crumbs/version1.0/pints/indexpints/_notes indexpints3_r2_c10.gif.mno
102.08.30 04:00 B e:\Sites\CRUMBS\version1.0\pints\indexpints\_notes\indexpints3_r2_c13.gif.mno --> ftp.exultrade.com /httpdocs/indira/crumbs/version1.0/pints/indexpints/_notes indexpints3_r2_c13.gif.mno
102.08.30 04:00 B e:\Sites\CRUMBS\version1.0\pints\indexpints\_notes\indexpints3_r3_c01.gif.mno --> ftp.exultrade.com /httpdocs/indira/crumbs/version1.0/pints/indexpints/_notes indexpints3_r3_c01.gif.mno
102.08.30 04:00 B e:\Sites\CRUMBS\version1.0\pints\indexpints\_notes\indexpints3_r3_c02.gif.mno --> ftp.exultrade.com /httpdocs/indira/crumbs/version1.0/pints/indexpints/_notes indexpints3_r3_c02.gif.mno
102.08.30 04:00 B e:\Sites\CRUMBS\version1.0\pints\indexpints\_notes\indexpints3_r3_c03.gif.mno --> ftp.exultrade.com /httpdocs/indira/crumbs/version1.0/pints/indexpints/_notes indexpints3_r3_c03.gif.mno
102.08.30 04:00 B e:\Sites\CRUMBS\version1.0\pints\indexpints\_notes\indexpints3_r3_c04.gif.mno --> ftp.exultrade.com /httpdocs/indira/crumbs/version1.0/pints/indexpints/_notes indexpints3_r3_c04.gif.mno
102.08.30 04:00 B e:\Sites\CRUMBS\version1.0\pints\indexpints\_notes\indexpints3_r3_c05.gif.mno --> ftp.exultrade.com /httpdocs/indira/crumbs/version1.0/pints/indexpints/_notes indexpints3_r3_c05.gif.mno
102.08.30 04:00 B e:\Sites\CRUMBS\version1.0\pints\indexpints\_notes\indexpints3_r3_c06.gif.mno --> ftp.exultrade.com /httpdocs/indira/crumbs/version1.0/pints/indexpints/_notes indexpints3_r3_c06.gif.mno
102.08.30 04:00 B e:\Sites\CRUMBS\version1.0\pints\indexpints\_notes\indexpints3_r3_c07.gif.mno --> ftp.exultrade.com /httpdocs/indira/crumbs/version1.0/pints/indexpints/_notes indexpints3_r3_c07.gif.mno
102.08.30 04:00 B e:\Sites\CRUMBS\version1.0\pints\indexpints\_notes\indexpints3_r3_c09.gif.mno --> ftp.exultrade.com /httpdocs/indira/crumbs/version1.0/pints/indexpints/_notes indexpints3_r3_c09.gif.mno
102.08.30 04:00 B e:\Sites\CRUMBS\version1.0\pints\indexpints\_notes\indexpints3_r3_c10.gif.mno --> ftp.exultrade.com /httpdocs/indira/crumbs/version1.0/pints/indexpints/_notes indexpints3_r3_c10.gif.mno
102.08.30 04:00 B e:\Sites\CRUMBS\version1.0\pints\indexpints\_notes\indexpints3_r3_c11.gif.mno --> ftp.exultrade.com /httpdocs/indira/crumbs/version1.0/pints/indexpints/_notes indexpints3_r3_c11.gif.mno
102.08.30 04:00 B e:\Sites\CRUMBS\version1.0\pints\indexpints\_notes\indexpints3_r3_c12.gif.mno --> ftp.exultrade.com /httpdocs/indira/crumbs/version1.0/pints/indexpints/_notes indexpints3_r3_c12.gif.mno
102.08.30 04:00 B e:\Sites\CRUMBS\version1.0\pints\indexpints\_notes\indexpints3_r3_c13.gif.mno --> ftp.exultrade.com /httpdocs/indira/crumbs/version1.0/pints/indexpints/_notes indexpints3_r3_c13.gif.mno
102.08.30 04:00 B e:\Sites\CRUMBS\version1.0\pints\indexpints\_notes\indexpints3_r3_c14.gif.mno --> ftp.exultrade.com /httpdocs/indira/crumbs/version1.0/pints/indexpints/_notes indexpints3_r3_c14.gif.mno
102.08.30 04:00 B e:\Sites\CRUMBS\version1.0\pints\indexpints\_notes\indexpints3_r3_c15.gif.mno --> ftp.exultrade.com /httpdocs/indira/crumbs/version1.0/pints/indexpints/_notes indexpints3_r3_c15.gif.mno
102.08.30 04:00 B e:\Sites\CRUMBS\version1.0\pints\indexpints\_notes\indexpints3_r4_c02.gif.mno --> ftp.exultrade.com /httpdocs/indira/crumbs/version1.0/pints/indexpints/_notes indexpints3_r4_c02.gif.mno
102.08.30 04:00 B e:\Sites\CRUMBS\version1.0\pints\indexpints\_notes\indexpints3_r4_c03.gif.mno --> ftp.exultrade.com /httpdocs/indira/crumbs/version1.0/pints/indexpints/_notes indexpints3_r4_c03.gif.mno
102.08.30 04:00 B e:\Sites\CRUMBS\version1.0\pints\indexpints\_notes\indexpints3_r4_c04.gif.mno --> ftp.exultrade.com /httpdocs/indira/crumbs/version1.0/pints/indexpints/_notes indexpints3_r4_c04.gif.mno
102.08.30 04:00 B e:\Sites\CRUMBS\version1.0\pints\indexpints\_notes\indexpints3_r4_c05.gif.mno --> ftp.exultrade.com /httpdocs/indira/crumbs/version1.0/pints/indexpints/_notes indexpints3_r4_c05.gif.mno
102.08.30 04:00 B e:\Sites\CRUMBS\version1.0\pints\indexpints\_notes\indexpints3_r4_c06.gif.mno --> ftp.exultrade.com /httpdocs/indira/crumbs/version1.0/pints/indexpints/_notes indexpints3_r4_c06.gif.mno
102.08.30 04:00 B e:\Sites\CRUMBS\version1.0\pints\indexpints\_notes\indexpints3_r4_c07.gif.mno --> ftp.exultrade.com /httpdocs/indira/crumbs/version1.0/pints/indexpints/_notes indexpints3_r4_c07.gif.mno
102.08.30 04:00 B e:\Sites\CRUMBS\version1.0\pints\indexpints\_notes\indexpints3_r4_c08.gif.mno --> ftp.exultrade.com /httpdocs/indira/crumbs/version1.0/pints/indexpints/_notes indexpints3_r4_c08.gif.mno
102.08.30 04:00 B e:\Sites\CRUMBS\version1.0\pints\indexpints\_notes\indexpints3_r4_c09.gif.mno --> ftp.exultrade.com /httpdocs/indira/crumbs/version1.0/pints/indexpints/_notes indexpints3_r4_c09.gif.mno
102.08.30 04:00 B e:\Sites\CRUMBS\version1.0\pints\indexpints\_notes\indexpints3_r4_c10.gif.mno --> ftp.exultrade.com /httpdocs/indira/crumbs/version1.0/pints/indexpints/_notes indexpints3_r4_c10.gif.mno
102.08.30 04:00 B e:\Sites\CRUMBS\version1.0\pints\indexpints\_notes\indexpints3_r4_c11.gif.mno --> ftp.exultrade.com /httpdocs/indira/crumbs/version1.0/pints/indexpints/_notes indexpints3_r4_c11.gif.mno
102.08.30 04:00 B e:\Sites\CRUMBS\version1.0\pints\indexpints\_notes\indexpints3_r4_c13.gif.mno --> ftp.exultrade.com /httpdocs/indira/crumbs/version1.0/pints/indexpints/_notes indexpints3_r4_c13.gif.mno
102.08.30 04:01 B e:\Sites\CRUMBS\version1.0\pints\indexpints\_notes\indexpints3_r4_c14.gif.mno --> ftp.exultrade.com /httpdocs/indira/crumbs/version1.0/pints/indexpints/_notes indexpints3_r4_c14.gif.mno
102.08.30 04:01 B e:\Sites\CRUMBS\version1.0\pints\indexpints\_notes\indexpints3_r5_c01.gif.mno --> ftp.exultrade.com /httpdocs/indira/crumbs/version1.0/pints/indexpints/_notes indexpints3_r5_c01.gif.mno
102.08.30 04:01 B e:\Sites\CRUMBS\version1.0\pints\indexpints\_notes\indexpints3_r5_c02.gif.mno --> ftp.exultrade.com /httpdocs/indira/crumbs/version1.0/pints/indexpints/_notes indexpints3_r5_c02.gif.mno
102.08.30 04:01 B e:\Sites\CRUMBS\version1.0\pints\indexpints\_notes\indexpints3_r5_c03.gif.mno --> ftp.exultrade.com /httpdocs/indira/crumbs/version1.0/pints/indexpints/_notes indexpints3_r5_c03.gif.mno
102.08.30 04:01 B e:\Sites\CRUMBS\version1.0\pints\indexpints\_notes\indexpints3_r5_c04.gif.mno --> ftp.exultrade.com /httpdocs/indira/crumbs/version1.0/pints/indexpints/_notes indexpints3_r5_c04.gif.mno
102.08.30 04:01 B e:\Sites\CRUMBS\version1.0\pints\indexpints\_notes\indexpints3_r5_c05.gif.mno --> ftp.exultrade.com /httpdocs/indira/crumbs/version1.0/pints/indexpints/_notes indexpints3_r5_c05.gif.mno
102.08.30 04:01 B e:\Sites\CRUMBS\version1.0\pints\indexpints\_notes\indexpints3_r5_c06.gif.mno --> ftp.exultrade.com /httpdocs/indira/crumbs/version1.0/pints/indexpints/_notes indexpints3_r5_c06.gif.mno
102.08.30 04:01 B e:\Sites\CRUMBS\version1.0\pints\indexpints\_notes\indexpints3_r5_c07.gif.mno --> ftp.exultrade.com /httpdocs/indira/crumbs/version1.0/pints/indexpints/_notes indexpints3_r5_c07.gif.mno
102.08.30 04:01 B e:\Sites\CRUMBS\version1.0\pints\indexpints\_notes\indexpints3_r5_c08.gif.mno --> ftp.exultrade.com /httpdocs/indira/crumbs/version1.0/pints/indexpints/_notes indexpints3_r5_c08.gif.mno
102.08.30 04:01 B e:\Sites\CRUMBS\version1.0\pints\indexpints\_notes\indexpints3_r5_c09.gif.mno --> ftp.exultrade.com /httpdocs/indira/crumbs/version1.0/pints/indexpints/_notes indexpints3_r5_c09.gif.mno
102.08.30 04:01 B e:\Sites\CRUMBS\version1.0\pints\indexpints\_notes\indexpints3_r5_c10.gif.mno --> ftp.exultrade.com /httpdocs/indira/crumbs/version1.0/pints/indexpints/_notes indexpints3_r5_c10.gif.mno
102.08.30 04:01 B e:\Sites\CRUMBS\version1.0\pints\indexpints\_notes\indexpints3_r5_c11.gif.mno --> ftp.exultrade.com /httpdocs/indira/crumbs/version1.0/pints/indexpints/_notes indexpints3_r5_c11.gif.mno
102.08.30 04:01 B e:\Sites\CRUMBS\version1.0\pints\indexpints\_notes\indexpints3_r5_c12.gif.mno --> ftp.exultrade.com /httpdocs/indira/crumbs/version1.0/pints/indexpints/_notes indexpints3_r5_c12.gif.mno
102.08.30 04:01 B e:\Sites\CRUMBS\version1.0\pints\indexpints\_notes\indexpints3_r5_c14.gif.mno --> ftp.exultrade.com /httpdocs/indira/crumbs/version1.0/pints/indexpints/_notes indexpints3_r5_c14.gif.mno
102.08.30 04:01 B e:\Sites\CRUMBS\version1.0\pints\indexpints\_notes\indexpints3_r5_c15.gif.mno --> ftp.exultrade.com /httpdocs/indira/crumbs/version1.0/pints/indexpints/_notes indexpints3_r5_c15.gif.mno
102.08.30 04:01 B e:\Sites\CRUMBS\version1.0\pints\indexpints\_notes\indexpints3_r5_c16.gif.mno --> ftp.exultrade.com /httpdocs/indira/crumbs/version1.0/pints/indexpints/_notes indexpints3_r5_c16.gif.mno
102.08.30 04:01 B e:\Sites\CRUMBS\version1.0\pints\indexpints\_notes\indexpints3_r6_c02.gif.mno --> ftp.exultrade.com /httpdocs/indira/crumbs/version1.0/pints/indexpints/_notes indexpints3_r6_c02.gif.mno
102.08.30 04:01 B e:\Sites\CRUMBS\version1.0\pints\indexpints\_notes\indexpints3_r6_c03.gif.mno --> ftp.exultrade.com /httpdocs/indira/crumbs/version1.0/pints/indexpints/_notes indexpints3_r6_c03.gif.mno
102.08.30 04:01 B e:\Sites\CRUMBS\version1.0\pints\indexpints\_notes\indexpints3_r6_c04.gif.mno --> ftp.exultrade.com /httpdocs/indira/crumbs/version1.0/pints/indexpints/_notes indexpints3_r6_c04.gif.mno
102.08.30 04:01 B e:\Sites\CRUMBS\version1.0\pints\indexpints\_notes\indexpints3_r6_c06.gif.mno --> ftp.exultrade.com /httpdocs/indira/crumbs/version1.0/pints/indexpints/_notes indexpints3_r6_c06.gif.mno
102.08.30 04:01 B e:\Sites\CRUMBS\version1.0\pints\indexpints\_notes\indexpints3_r6_c07.gif.mno --> ftp.exultrade.com /httpdocs/indira/crumbs/version1.0/pints/indexpints/_notes indexpints3_r6_c07.gif.mno
102.08.30 04:01 B e:\Sites\CRUMBS\version1.0\pints\indexpints\_notes\indexpints3_r6_c08.gif.mno --> ftp.exultrade.com /httpdocs/indira/crumbs/version1.0/pints/indexpints/_notes indexpints3_r6_c08.gif.mno
102.08.30 04:01 B e:\Sites\CRUMBS\version1.0\pints\indexpints\_notes\indexpints3_r6_c09.gif.mno --> ftp.exultrade.com /httpdocs/indira/crumbs/version1.0/pints/indexpints/_notes indexpints3_r6_c09.gif.mno
102.08.30 04:01 B e:\Sites\CRUMBS\version1.0\pints\indexpints\_notes\indexpints3_r6_c10.gif.mno --> ftp.exultrade.com /httpdocs/indira/crumbs/version1.0/pints/indexpints/_notes indexpints3_r6_c10.gif.mno
102.08.30 04:01 B e:\Sites\CRUMBS\version1.0\pints\indexpints\_notes\indexpints3_r7_c03.gif.mno --> ftp.exultrade.com /httpdocs/indira/crumbs/version1.0/pints/indexpints/_notes indexpints3_r7_c03.gif.mno
102.08.30 04:01 B e:\Sites\CRUMBS\version1.0\pints\indexpints\_notes\indexpints3_r7_c04.gif.mno --> ftp.exultrade.com /httpdocs/indira/crumbs/version1.0/pints/indexpints/_notes indexpints3_r7_c04.gif.mno
102.08.30 04:01 B e:\Sites\CRUMBS\version1.0\pints\indexpints\_notes\indexpints3_r7_c05.gif.mno --> ftp.exultrade.com /httpdocs/indira/crumbs/version1.0/pints/indexpints/_notes indexpints3_r7_c05.gif.mno
102.08.30 04:01 B e:\Sites\CRUMBS\version1.0\pints\indexpints\_notes\indexpints3_r7_c06.gif.mno --> ftp.exultrade.com /httpdocs/indira/crumbs/version1.0/pints/indexpints/_notes indexpints3_r7_c06.gif.mno
102.08.30 04:01 B e:\Sites\CRUMBS\version1.0\pints\indexpints\_notes\indexpints3_r7_c07.gif.mno --> ftp.exultrade.com /httpdocs/indira/crumbs/version1.0/pints/indexpints/_notes indexpints3_r7_c07.gif.mno
102.08.30 04:01 B e:\Sites\CRUMBS\version1.0\pints\indexpints\_notes\indexpints3_r7_c08.gif.mno --> ftp.exultrade.com /httpdocs/indira/crumbs/version1.0/pints/indexpints/_notes indexpints3_r7_c08.gif.mno
102.08.30 04:01 B e:\Sites\CRUMBS\version1.0\pints\indexpints\_notes\indexpints3_r7_c09.gif.mno --> ftp.exultrade.com /httpdocs/indira/crumbs/version1.0/pints/indexpints/_notes indexpints3_r7_c09.gif.mno
102.08.30 04:01 B e:\Sites\CRUMBS\version1.0\pints\indexpints\_notes\indexpints3_r7_c10.gif.mno --> ftp.exultrade.com /httpdocs/indira/crumbs/version1.0/pints/indexpints/_notes indexpints3_r7_c10.gif.mno
102.08.30 04:01 B e:\Sites\CRUMBS\version1.0\pints\indexpints\_notes\indexpints3_r7_c11.gif.mno --> ftp.exultrade.com /httpdocs/indira/crumbs/version1.0/pints/indexpints/_notes indexpints3_r7_c11.gif.mno
102.08.30 04:01 B e:\Sites\CRUMBS\version1.0\pints\indexpints\_notes\indexpints3_r7_c12.gif.mno --> ftp.exultrade.com /httpdocs/indira/crumbs/version1.0/pints/indexpints/_notes indexpints3_r7_c12.gif.mno
102.08.30 04:01 B e:\Sites\CRUMBS\version1.0\pints\indexpints\_notes\indexpints3_r7_c14.gif.mno --> ftp.exultrade.com /httpdocs/indira/crumbs/version1.0/pints/indexpints/_notes indexpints3_r7_c14.gif.mno
102.08.30 04:01 B e:\Sites\CRUMBS\version1.0\pints\indexpints\_notes\indexpints3_r7_c15.gif.mno --> ftp.exultrade.com /httpdocs/indira/crumbs/version1.0/pints/indexpints/_notes indexpints3_r7_c15.gif.mno
102.08.30 04:01 B e:\Sites\CRUMBS\version1.0\pints\indexpints\_notes\indexpints4_r5_c02.gif.mno --> ftp.exultrade.com /httpdocs/indira/crumbs/version1.0/pints/indexpints/_notes indexpints4_r5_c02.gif.mno
102.08.30 04:01 B e:\Sites\CRUMBS\version1.0\pints\indexpints\_notes\indexpints4_r6_c02.gif.mno --> ftp.exultrade.com /httpdocs/indira/crumbs/version1.0/pints/indexpints/_notes indexpints4_r6_c02.gif.mno
102.08.30 04:02 B e:\Sites\CRUMBS\version1.0\pints\indexpints\_notes\indexpints4_r6_c04.gif.mno --> ftp.exultrade.com /httpdocs/indira/crumbs/version1.0/pints/indexpints/_notes indexpints4_r6_c04.gif.mno
102.08.30 04:02 B e:\Sites\CRUMBS\version1.0\pints\indexpints\_notes\indexpints4_r6_c06.gif.mno --> ftp.exultrade.com /httpdocs/indira/crumbs/version1.0/pints/indexpints/_notes indexpints4_r6_c06.gif.mno
102.08.30 04:02 B e:\Sites\CRUMBS\version1.0\pints\indexpints\_notes\indexpints4_r6_c07.gif.mno --> ftp.exultrade.com /httpdocs/indira/crumbs/version1.0/pints/indexpints/_notes indexpints4_r6_c07.gif.mno
102.08.30 04:02 B e:\Sites\CRUMBS\version1.0\pints\indexpints\_notes\indexpints4_r6_c08.gif.mno --> ftp.exultrade.com /httpdocs/indira/crumbs/version1.0/pints/indexpints/_notes indexpints4_r6_c08.gif.mno
102.08.30 04:02 B e:\Sites\CRUMBS\version1.0\pints\indexpints\_notes\indexpints4_r6_c09.gif.mno --> ftp.exultrade.com /httpdocs/indira/crumbs/version1.0/pints/indexpints/_notes indexpints4_r6_c09.gif.mno
102.08.30 04:02 B e:\Sites\CRUMBS\version1.0\pints\indexpints\_notes\indexpints4_r6_c10.gif.mno --> ftp.exultrade.com /httpdocs/indira/crumbs/version1.0/pints/indexpints/_notes indexpints4_r6_c10.gif.mno
102.08.30 04:02 B e:\Sites\CRUMBS\version1.0\pints\indexpints\_notes\indexpints4_r7_c03.gif.mno --> ftp.exultrade.com /httpdocs/indira/crumbs/version1.0/pints/indexpints/_notes indexpints4_r7_c03.gif.mno
102.08.30 04:02 B e:\Sites\CRUMBS\version1.0\pints\indexpints\_notes\indexpints4_r7_c04.gif.mno --> ftp.exultrade.com /httpdocs/indira/crumbs/version1.0/pints/indexpints/_notes indexpints4_r7_c04.gif.mno
102.08.30 04:02 B e:\Sites\CRUMBS\version1.0\pints\indexpints\_notes\indexpints4_r7_c05.gif.mno --> ftp.exultrade.com /httpdocs/indira/crumbs/version1.0/pints/indexpints/_notes indexpints4_r7_c05.gif.mno
102.08.30 04:02 B e:\Sites\CRUMBS\version1.0\pints\indexpints\_notes\indexpints4_r7_c06.gif.mno --> ftp.exultrade.com /httpdocs/indira/crumbs/version1.0/pints/indexpints/_notes indexpints4_r7_c06.gif.mno
102.08.30 04:02 B e:\Sites\CRUMBS\version1.0\pints\indexpints\_notes\indexpints4_r7_c07.gif.mno --> ftp.exultrade.com /httpdocs/indira/crumbs/version1.0/pints/indexpints/_notes indexpints4_r7_c07.gif.mno
102.08.30 04:02 B e:\Sites\CRUMBS\version1.0\pints\indexpints\_notes\indexpints4_r7_c08.gif.mno --> ftp.exultrade.com /httpdocs/indira/crumbs/version1.0/pints/indexpints/_notes indexpints4_r7_c08.gif.mno
102.08.30 04:02 B e:\Sites\CRUMBS\version1.0\pints\indexpints\_notes\indexpints4_r7_c09.gif.mno --> ftp.exultrade.com /httpdocs/indira/crumbs/version1.0/pints/indexpints/_notes indexpints4_r7_c09.gif.mno
102.08.30 04:02 B e:\Sites\CRUMBS\version1.0\pints\indexpints\_notes\indexpints4_r7_c10.gif.mno --> ftp.exultrade.com /httpdocs/indira/crumbs/version1.0/pints/indexpints/_notes indexpints4_r7_c10.gif.mno
102.08.30 04:02 B e:\Sites\CRUMBS\version1.0\pints\indexpints\_notes\indexpints4_r7_c11.gif.mno --> ftp.exultrade.com /httpdocs/indira/crumbs/version1.0/pints/indexpints/_notes indexpints4_r7_c11.gif.mno
102.08.30 04:02 B e:\Sites\CRUMBS\version1.0\pints\indexpints\_notes\indexpints4_r7_c12.gif.mno --> ftp.exultrade.com /httpdocs/indira/crumbs/version1.0/pints/indexpints/_notes indexpints4_r7_c12.gif.mno
102.08.30 04:02 B e:\Sites\CRUMBS\version1.0\pints\indexpints\_notes\indexpints4_r7_c14.gif.mno --> ftp.exultrade.com /httpdocs/indira/crumbs/version1.0/pints/indexpints/_notes indexpints4_r7_c14.gif.mno
102.08.30 04:02 B e:\Sites\CRUMBS\version1.0\pints\indexpints\_notes\indexpints4_r7_c15.gif.mno --> ftp.exultrade.com /httpdocs/indira/crumbs/version1.0/pints/indexpints/_notes indexpints4_r7_c15.gif.mno
102.08.30 04:02 B e:\Sites\CRUMBS\version1.0\pints\indexpints\_notes\indexpints_r1_c01.gif.mno --> ftp.exultrade.com /httpdocs/indira/crumbs/version1.0/pints/indexpints/_notes indexpints_r1_c01.gif.mno
102.08.30 04:02 B e:\Sites\CRUMBS\version1.0\pints\indexpints\_notes\indexpints_r2_c01.gif.mno --> ftp.exultrade.com /httpdocs/indira/crumbs/version1.0/pints/indexpints/_notes indexpints_r2_c01.gif.mno
102.08.30 04:02 B e:\Sites\CRUMBS\version1.0\pints\indexpints\_notes\indexpints_r2_c02.gif.mno --> ftp.exultrade.com /httpdocs/indira/crumbs/version1.0/pints/indexpints/_notes indexpints_r2_c02.gif.mno
102.08.30 04:02 B e:\Sites\CRUMBS\version1.0\pints\indexpints\_notes\indexpints_r2_c14.gif.mno --> ftp.exultrade.com /httpdocs/indira/crumbs/version1.0/pints/indexpints/_notes indexpints_r2_c14.gif.mno
102.08.30 04:02 B e:\Sites\CRUMBS\version1.0\pints\indexpints\_notes\indexpints_r2_c15.gif.mno --> ftp.exultrade.com /httpdocs/indira/crumbs/version1.0/pints/indexpints/_notes indexpints_r2_c15.gif.mno
102.08.30 04:02 B e:\Sites\CRUMBS\version1.0\pints\indexpints\_notes\indexpints_r3_c02.gif.mno --> ftp.exultrade.com /httpdocs/indira/crumbs/version1.0/pints/indexpints/_notes indexpints_r3_c02.gif.mno
102.08.30 04:02 B e:\Sites\CRUMBS\version1.0\pints\indexpints\_notes\indexpints_r4_c02.gif.mno --> ftp.exultrade.com /httpdocs/indira/crumbs/version1.0/pints/indexpints/_notes indexpints_r4_c02.gif.mno
102.08.30 04:02 B e:\Sites\CRUMBS\version1.0\pints\indexpints\_notes\indexpints_r4_c03.gif.mno --> ftp.exultrade.com /httpdocs/indira/crumbs/version1.0/pints/indexpints/_notes indexpints_r4_c03.gif.mno
102.08.30 04:02 B e:\Sites\CRUMBS\version1.0\pints\indexpints\_notes\indexpints_r4_c04.gif.mno --> ftp.exultrade.com /httpdocs/indira/crumbs/version1.0/pints/indexpints/_notes indexpints_r4_c04.gif.mno
102.08.30 04:02 B e:\Sites\CRUMBS\version1.0\pints\indexpints\_notes\indexpints_r4_c05.gif.mno --> ftp.exultrade.com /httpdocs/indira/crumbs/version1.0/pints/indexpints/_notes indexpints_r4_c05.gif.mno
102.08.30 04:02 B e:\Sites\CRUMBS\version1.0\pints\indexpints\_notes\indexpints_r4_c06.gif.mno --> ftp.exultrade.com /httpdocs/indira/crumbs/version1.0/pints/indexpints/_notes indexpints_r4_c06.gif.mno
102.08.30 04:02 B e:\Sites\CRUMBS\version1.0\pints\indexpints\_notes\indexpints_r4_c07.gif.mno --> ftp.exultrade.com /httpdocs/indira/crumbs/version1.0/pints/indexpints/_notes indexpints_r4_c07.gif.mno
102.08.30 04:02 B e:\Sites\CRUMBS\version1.0\pints\indexpints\_notes\indexpints_r4_c08.gif.mno --> ftp.exultrade.com /httpdocs/indira/crumbs/version1.0/pints/indexpints/_notes indexpints_r4_c08.gif.mno
102.08.30 04:02 B e:\Sites\CRUMBS\version1.0\pints\indexpints\_notes\indexpints_r4_c09.gif.mno --> ftp.exultrade.com /httpdocs/indira/crumbs/version1.0/pints/indexpints/_notes indexpints_r4_c09.gif.mno
102.08.30 04:02 B e:\Sites\CRUMBS\version1.0\pints\indexpints\_notes\indexpints_r4_c10.gif.mno --> ftp.exultrade.com /httpdocs/indira/crumbs/version1.0/pints/indexpints/_notes indexpints_r4_c10.gif.mno
102.08.30 04:02 B e:\Sites\CRUMBS\version1.0\pints\indexpints\_notes\indexpints_r4_c11.gif.mno --> ftp.exultrade.com /httpdocs/indira/crumbs/version1.0/pints/indexpints/_notes indexpints_r4_c11.gif.mno
102.08.30 04:02 B e:\Sites\CRUMBS\version1.0\pints\indexpints\_notes\indexpints_r4_c12.gif.mno --> ftp.exultrade.com /httpdocs/indira/crumbs/version1.0/pints/indexpints/_notes indexpints_r4_c12.gif.mno
102.08.30 04:02 B e:\Sites\CRUMBS\version1.0\pints\indexpints\_notes\indexpints_r4_c13.gif.mno --> ftp.exultrade.com /httpdocs/indira/crumbs/version1.0/pints/indexpints/_notes indexpints_r4_c13.gif.mno
102.08.30 04:02 B e:\Sites\CRUMBS\version1.0\pints\indexpints\_notes\indexpints_r4_c15.gif.mno --> ftp.exultrade.com /httpdocs/indira/crumbs/version1.0/pints/indexpints/_notes indexpints_r4_c15.gif.mno
102.08.30 04:02 B e:\Sites\CRUMBS\version1.0\pints\indexpints\_notes\indexpints_r4_c16.gif.mno --> ftp.exultrade.com /httpdocs/indira/crumbs/version1.0/pints/indexpints/_notes indexpints_r4_c16.gif.mno
102.08.30 04:02 B e:\Sites\CRUMBS\version1.0\pints\indexpints\_notes\indexpints_r5_c03.gif.mno --> ftp.exultrade.com /httpdocs/indira/crumbs/version1.0/pints/indexpints/_notes indexpints_r5_c03.gif.mno
102.08.30 04:03 B e:\Sites\CRUMBS\version1.0\pints\indexpints\_notes\indexpints_r5_c04.gif.mno --> ftp.exultrade.com /httpdocs/indira/crumbs/version1.0/pints/indexpints/_notes indexpints_r5_c04.gif.mno
102.08.30 04:03 B e:\Sites\CRUMBS\version1.0\pints\indexpints\_notes\indexpints_r5_c05.gif.mno --> ftp.exultrade.com /httpdocs/indira/crumbs/version1.0/pints/indexpints/_notes indexpints_r5_c05.gif.mno
102.08.30 04:03 B e:\Sites\CRUMBS\version1.0\pints\indexpints\_notes\indexpints_r5_c06.gif.mno --> ftp.exultrade.com /httpdocs/indira/crumbs/version1.0/pints/indexpints/_notes indexpints_r5_c06.gif.mno
102.08.30 04:03 B e:\Sites\CRUMBS\version1.0\pints\indexpints\_notes\indexpints_r5_c07.gif.mno --> ftp.exultrade.com /httpdocs/indira/crumbs/version1.0/pints/indexpints/_notes indexpints_r5_c07.gif.mno
102.08.30 04:03 B e:\Sites\CRUMBS\version1.0\pints\indexpints\_notes\indexpints_r5_c09.gif.mno --> ftp.exultrade.com /httpdocs/indira/crumbs/version1.0/pints/indexpints/_notes indexpints_r5_c09.gif.mno
102.08.30 04:03 B e:\Sites\CRUMBS\version1.0\pints\indexpints\_notes\indexpints_r5_c10.gif.mno --> ftp.exultrade.com /httpdocs/indira/crumbs/version1.0/pints/indexpints/_notes indexpints_r5_c10.gif.mno
102.08.30 04:03 B e:\Sites\CRUMBS\version1.0\pints\indexpints\_notes\indexpints_r5_c11.gif.mno --> ftp.exultrade.com /httpdocs/indira/crumbs/version1.0/pints/indexpints/_notes indexpints_r5_c11.gif.mno
102.08.30 04:03 B e:\Sites\CRUMBS\version1.0\pints\indexpints\_notes\indexpints_r5_c12.gif.mno --> ftp.exultrade.com /httpdocs/indira/crumbs/version1.0/pints/indexpints/_notes indexpints_r5_c12.gif.mno
102.08.30 04:03 B e:\Sites\CRUMBS\version1.0\pints\indexpints\_notes\indexpints_r5_c13.gif.mno --> ftp.exultrade.com /httpdocs/indira/crumbs/version1.0/pints/indexpints/_notes indexpints_r5_c13.gif.mno
102.08.30 04:03 B e:\Sites\CRUMBS\version1.0\pints\indexpints\_notes\indexpints_r5_c14.gif.mno --> ftp.exultrade.com /httpdocs/indira/crumbs/version1.0/pints/indexpints/_notes indexpints_r5_c14.gif.mno
102.08.30 04:03 B e:\Sites\CRUMBS\version1.0\pints\indexpints\_notes\indexpints_r5_c16.gif.mno --> ftp.exultrade.com /httpdocs/indira/crumbs/version1.0/pints/indexpints/_notes indexpints_r5_c16.gif.mno
102.08.30 04:03 B e:\Sites\CRUMBS\version1.0\pints\indexpints\_notes\indexpints_r5_c17.gif.mno --> ftp.exultrade.com /httpdocs/indira/crumbs/version1.0/pints/indexpints/_notes indexpints_r5_c17.gif.mno
102.08.30 04:03 B e:\Sites\CRUMBS\version1.0\pints\indexpints\_notes\indexpints_r5_c18.gif.mno --> ftp.exultrade.com /httpdocs/indira/crumbs/version1.0/pints/indexpints/_notes indexpints_r5_c18.gif.mno
102.08.30 04:03 B e:\Sites\CRUMBS\version1.0\pints\indexpints\_notes\indexpints_r6_c03.gif.mno --> ftp.exultrade.com /httpdocs/indira/crumbs/version1.0/pints/indexpints/_notes indexpints_r6_c03.gif.mno
102.08.30 04:03 B e:\Sites\CRUMBS\version1.0\pints\indexpints\_notes\indexpints_r6_c08.gif.mno --> ftp.exultrade.com /httpdocs/indira/crumbs/version1.0/pints/indexpints/_notes indexpints_r6_c08.gif.mno
102.08.30 04:03 B e:\Sites\CRUMBS\version1.0\pints\indexpints\_notes\indexpints_r6_c14.gif.mno --> ftp.exultrade.com /httpdocs/indira/crumbs/version1.0/pints/indexpints/_notes indexpints_r6_c14.gif.mno
102.08.30 04:03 B e:\Sites\CRUMBS\version1.0\pints\indexpints\_notes\leftside.gif.mno --> ftp.exultrade.com /httpdocs/indira/crumbs/version1.0/pints/indexpints/_notes leftside.gif.mno
102.08.30 04:03 B e:\Sites\CRUMBS\version1.0\pints\indexpints\_notes\lrhcorner.gif.mno --> ftp.exultrade.com /httpdocs/indira/crumbs/version1.0/pints/indexpints/_notes lrhcorner.gif.mno
102.08.30 04:03 B e:\Sites\CRUMBS\version1.0\pints\indexpints\_notes\past.gif.mno --> ftp.exultrade.com /httpdocs/indira/crumbs/version1.0/pints/indexpints/_notes past.gif.mno
102.08.30 04:03 B e:\Sites\CRUMBS\version1.0\pints\indexpints\_notes\radioslice.gif.mno --> ftp.exultrade.com /httpdocs/indira/crumbs/version1.0/pints/indexpints/_notes radioslice.gif.mno
102.08.30 04:03 B e:\Sites\CRUMBS\version1.0\pints\indexpints\_notes\rightside.gif.mno --> ftp.exultrade.com /httpdocs/indira/crumbs/version1.0/pints/indexpints/_notes rightside.gif.mno
102.08.30 04:03 B e:\Sites\CRUMBS\version1.0\pints\indexpints\_notes\signature.gif.mno --> ftp.exultrade.com /httpdocs/indira/crumbs/version1.0/pints/indexpints/_notes signature.gif.mno
102.08.30 04:03 B e:\Sites\CRUMBS\version1.0\pints\indexpints\_notes\top.gif.mno --> ftp.exultrade.com /httpdocs/indira/crumbs/version1.0/pints/indexpints/_notes top.gif.mno
