102.08.30 04:18 B e:\Sites\CRUMBS\version1.0\vacuum\index\iconmem.gif --> ftp.exultrade.com /httpdocs/indira/crumbs/version1.0/vacuum/index iconmem.gif
102.08.30 04:18 B e:\Sites\CRUMBS\version1.0\vacuum\index\iconramble.gif --> ftp.exultrade.com /httpdocs/indira/crumbs/version1.0/vacuum/index iconramble.gif
102.08.30 04:18 B e:\Sites\CRUMBS\version1.0\vacuum\index\iconshift.gif --> ftp.exultrade.com /httpdocs/indira/crumbs/version1.0/vacuum/index iconshift.gif
102.08.30 04:18 B e:\Sites\CRUMBS\version1.0\vacuum\index\iconsolana.gif --> ftp.exultrade.com /httpdocs/indira/crumbs/version1.0/vacuum/index iconsolana.gif
102.08.30 04:18 B e:\Sites\CRUMBS\version1.0\vacuum\index\index_r01_c01.gif --> ftp.exultrade.com /httpdocs/indira/crumbs/version1.0/vacuum/index index_r01_c01.gif
102.08.30 04:18 B e:\Sites\CRUMBS\version1.0\vacuum\index\index_r02_c01.gif --> ftp.exultrade.com /httpdocs/indira/crumbs/version1.0/vacuum/index index_r02_c01.gif
102.08.30 04:19 B e:\Sites\CRUMBS\version1.0\vacuum\index\index_r02_c03.gif --> ftp.exultrade.com /httpdocs/indira/crumbs/version1.0/vacuum/index index_r02_c03.gif
102.08.30 04:21 B E:\Sites\CRUMBS\version1.0\vacuum\index\index_r02_c03.gif --> ftp.exultrade.com /httpdocs/indira/crumbs/version1.0/vacuum/index index_r02_c03.gif
102.08.30 04:21 B E:\Sites\CRUMBS\version1.0\vacuum\index\index_r02_c03_f7.gif --> ftp.exultrade.com /httpdocs/indira/crumbs/version1.0/vacuum/index index_r02_c03_f7.gif
102.08.30 04:21 B E:\Sites\CRUMBS\version1.0\vacuum\index\index_r02_c03_f9.gif --> ftp.exultrade.com /httpdocs/indira/crumbs/version1.0/vacuum/index index_r02_c03_f9.gif
102.08.30 04:21 B E:\Sites\CRUMBS\version1.0\vacuum\index\index_r02_c15.gif --> ftp.exultrade.com /httpdocs/indira/crumbs/version1.0/vacuum/index index_r02_c15.gif
102.08.30 04:21 B E:\Sites\CRUMBS\version1.0\vacuum\index\index_r03_c01.gif --> ftp.exultrade.com /httpdocs/indira/crumbs/version1.0/vacuum/index index_r03_c01.gif
102.08.30 04:21 B E:\Sites\CRUMBS\version1.0\vacuum\index\index_r03_c14.gif --> ftp.exultrade.com /httpdocs/indira/crumbs/version1.0/vacuum/index index_r03_c14.gif
102.08.30 04:21 B E:\Sites\CRUMBS\version1.0\vacuum\index\index_r03_c14_f2.gif --> ftp.exultrade.com /httpdocs/indira/crumbs/version1.0/vacuum/index index_r03_c14_f2.gif
102.08.30 04:21 B E:\Sites\CRUMBS\version1.0\vacuum\index\index_r03_c14_f7.gif --> ftp.exultrade.com /httpdocs/indira/crumbs/version1.0/vacuum/index index_r03_c14_f7.gif
102.08.30 04:21 B E:\Sites\CRUMBS\version1.0\vacuum\index\index_r03_c14_f9.gif --> ftp.exultrade.com /httpdocs/indira/crumbs/version1.0/vacuum/index index_r03_c14_f9.gif
102.08.30 04:21 B E:\Sites\CRUMBS\version1.0\vacuum\index\index_r04_c03.gif --> ftp.exultrade.com /httpdocs/indira/crumbs/version1.0/vacuum/index index_r04_c03.gif
102.08.30 04:21 B E:\Sites\CRUMBS\version1.0\vacuum\index\index_r04_c03_f2.gif --> ftp.exultrade.com /httpdocs/indira/crumbs/version1.0/vacuum/index index_r04_c03_f2.gif
102.08.30 04:22 B E:\Sites\CRUMBS\version1.0\vacuum\index\index_r04_c03_f3.gif --> ftp.exultrade.com /httpdocs/indira/crumbs/version1.0/vacuum/index index_r04_c03_f3.gif
102.08.30 04:22 B E:\Sites\CRUMBS\version1.0\vacuum\index\index_r04_c03_f4.gif --> ftp.exultrade.com /httpdocs/indira/crumbs/version1.0/vacuum/index index_r04_c03_f4.gif
102.08.30 04:22 B E:\Sites\CRUMBS\version1.0\vacuum\index\index_r04_c03_f6.gif --> ftp.exultrade.com /httpdocs/indira/crumbs/version1.0/vacuum/index index_r04_c03_f6.gif
102.08.30 04:22 B E:\Sites\CRUMBS\version1.0\vacuum\index\index_r04_c14.gif --> ftp.exultrade.com /httpdocs/indira/crumbs/version1.0/vacuum/index index_r04_c14.gif
102.08.30 04:22 B E:\Sites\CRUMBS\version1.0\vacuum\index\index_r04_c14_f2.gif --> ftp.exultrade.com /httpdocs/indira/crumbs/version1.0/vacuum/index index_r04_c14_f2.gif
102.08.30 04:22 B E:\Sites\CRUMBS\version1.0\vacuum\index\index_r05_c02.gif --> ftp.exultrade.com /httpdocs/indira/crumbs/version1.0/vacuum/index index_r05_c02.gif
102.08.30 04:22 B E:\Sites\CRUMBS\version1.0\vacuum\index\index_r06_c15.gif --> ftp.exultrade.com /httpdocs/indira/crumbs/version1.0/vacuum/index index_r06_c15.gif
102.08.30 04:22 B E:\Sites\CRUMBS\version1.0\vacuum\index\index_r06_c16.gif --> ftp.exultrade.com /httpdocs/indira/crumbs/version1.0/vacuum/index index_r06_c16.gif
102.08.30 04:22 B E:\Sites\CRUMBS\version1.0\vacuum\index\index_r06_c16_f2.gif --> ftp.exultrade.com /httpdocs/indira/crumbs/version1.0/vacuum/index index_r06_c16_f2.gif
102.08.30 04:22 B E:\Sites\CRUMBS\version1.0\vacuum\index\index_r06_c17.gif --> ftp.exultrade.com /httpdocs/indira/crumbs/version1.0/vacuum/index index_r06_c17.gif
102.08.30 04:22 B E:\Sites\CRUMBS\version1.0\vacuum\index\index_r07_c02.gif --> ftp.exultrade.com /httpdocs/indira/crumbs/version1.0/vacuum/index index_r07_c02.gif
102.08.30 04:22 B E:\Sites\CRUMBS\version1.0\vacuum\index\index_r07_c12.gif --> ftp.exultrade.com /httpdocs/indira/crumbs/version1.0/vacuum/index index_r07_c12.gif
102.08.30 04:22 B E:\Sites\CRUMBS\version1.0\vacuum\index\index_r07_c12_f2.gif --> ftp.exultrade.com /httpdocs/indira/crumbs/version1.0/vacuum/index index_r07_c12_f2.gif
102.08.30 04:22 B E:\Sites\CRUMBS\version1.0\vacuum\index\index_r07_c13.gif --> ftp.exultrade.com /httpdocs/indira/crumbs/version1.0/vacuum/index index_r07_c13.gif
102.08.30 04:22 B E:\Sites\CRUMBS\version1.0\vacuum\index\index_r08_c02.gif --> ftp.exultrade.com /httpdocs/indira/crumbs/version1.0/vacuum/index index_r08_c02.gif
102.08.30 04:22 B E:\Sites\CRUMBS\version1.0\vacuum\index\index_r08_c10.gif --> ftp.exultrade.com /httpdocs/indira/crumbs/version1.0/vacuum/index index_r08_c10.gif
102.08.30 04:22 B E:\Sites\CRUMBS\version1.0\vacuum\index\index_r08_c10_f2.gif --> ftp.exultrade.com /httpdocs/indira/crumbs/version1.0/vacuum/index index_r08_c10_f2.gif
102.08.30 04:22 B E:\Sites\CRUMBS\version1.0\vacuum\index\index_r08_c11.gif --> ftp.exultrade.com /httpdocs/indira/crumbs/version1.0/vacuum/index index_r08_c11.gif
102.08.30 04:22 B E:\Sites\CRUMBS\version1.0\vacuum\index\index_r09_c02.gif --> ftp.exultrade.com /httpdocs/indira/crumbs/version1.0/vacuum/index index_r09_c02.gif
102.08.30 04:22 B E:\Sites\CRUMBS\version1.0\vacuum\index\index_r09_c08.gif --> ftp.exultrade.com /httpdocs/indira/crumbs/version1.0/vacuum/index index_r09_c08.gif
102.08.30 04:22 B E:\Sites\CRUMBS\version1.0\vacuum\index\index_r09_c08_f2.gif --> ftp.exultrade.com /httpdocs/indira/crumbs/version1.0/vacuum/index index_r09_c08_f2.gif
102.08.30 04:22 B E:\Sites\CRUMBS\version1.0\vacuum\index\index_r09_c09.gif --> ftp.exultrade.com /httpdocs/indira/crumbs/version1.0/vacuum/index index_r09_c09.gif
102.08.30 04:22 B E:\Sites\CRUMBS\version1.0\vacuum\index\index_r10_c02.gif --> ftp.exultrade.com /httpdocs/indira/crumbs/version1.0/vacuum/index index_r10_c02.gif
102.08.30 04:22 B E:\Sites\CRUMBS\version1.0\vacuum\index\index_r10_c06.gif --> ftp.exultrade.com /httpdocs/indira/crumbs/version1.0/vacuum/index index_r10_c06.gif
102.08.30 04:22 B E:\Sites\CRUMBS\version1.0\vacuum\index\index_r10_c06_f2.gif --> ftp.exultrade.com /httpdocs/indira/crumbs/version1.0/vacuum/index index_r10_c06_f2.gif
102.08.30 04:22 B E:\Sites\CRUMBS\version1.0\vacuum\index\index_r10_c07.gif --> ftp.exultrade.com /httpdocs/indira/crumbs/version1.0/vacuum/index index_r10_c07.gif
102.08.30 04:22 B E:\Sites\CRUMBS\version1.0\vacuum\index\index_r11_c02.gif --> ftp.exultrade.com /httpdocs/indira/crumbs/version1.0/vacuum/index index_r11_c02.gif
102.08.30 04:22 B E:\Sites\CRUMBS\version1.0\vacuum\index\index_r11_c04.gif --> ftp.exultrade.com /httpdocs/indira/crumbs/version1.0/vacuum/index index_r11_c04.gif
102.08.30 04:22 B E:\Sites\CRUMBS\version1.0\vacuum\index\index_r11_c04_f2.gif --> ftp.exultrade.com /httpdocs/indira/crumbs/version1.0/vacuum/index index_r11_c04_f2.gif
102.08.30 04:22 B E:\Sites\CRUMBS\version1.0\vacuum\index\index_r11_c05.gif --> ftp.exultrade.com /httpdocs/indira/crumbs/version1.0/vacuum/index index_r11_c05.gif
102.08.30 04:22 B E:\Sites\CRUMBS\version1.0\vacuum\index\index_r12_c16.gif --> ftp.exultrade.com /httpdocs/indira/crumbs/version1.0/vacuum/index index_r12_c16.gif
102.08.30 04:22 B E:\Sites\CRUMBS\version1.0\vacuum\index\index_r13_c12.gif --> ftp.exultrade.com /httpdocs/indira/crumbs/version1.0/vacuum/index index_r13_c12.gif
102.08.30 04:22 B E:\Sites\CRUMBS\version1.0\vacuum\index\index_r14_c10.gif --> ftp.exultrade.com /httpdocs/indira/crumbs/version1.0/vacuum/index index_r14_c10.gif
102.08.30 04:22 B E:\Sites\CRUMBS\version1.0\vacuum\index\index_r15_c08.gif --> ftp.exultrade.com /httpdocs/indira/crumbs/version1.0/vacuum/index index_r15_c08.gif
102.08.30 04:22 B E:\Sites\CRUMBS\version1.0\vacuum\index\index_r16_c06.gif --> ftp.exultrade.com /httpdocs/indira/crumbs/version1.0/vacuum/index index_r16_c06.gif
102.08.30 04:22 B E:\Sites\CRUMBS\version1.0\vacuum\index\index_r17_c04.gif --> ftp.exultrade.com /httpdocs/indira/crumbs/version1.0/vacuum/index index_r17_c04.gif
102.08.30 04:22 B E:\Sites\CRUMBS\version1.0\vacuum\index\intro.gif --> ftp.exultrade.com /httpdocs/indira/crumbs/version1.0/vacuum/index intro.gif
102.08.30 04:22 B E:\Sites\CRUMBS\version1.0\vacuum\index\intro_f2.gif --> ftp.exultrade.com /httpdocs/indira/crumbs/version1.0/vacuum/index intro_f2.gif
102.08.30 04:23 B E:\Sites\CRUMBS\version1.0\vacuum\index\intro_f3.gif --> ftp.exultrade.com /httpdocs/indira/crumbs/version1.0/vacuum/index intro_f3.gif
102.08.30 04:23 B E:\Sites\CRUMBS\version1.0\vacuum\index\intro_f4.gif --> ftp.exultrade.com /httpdocs/indira/crumbs/version1.0/vacuum/index intro_f4.gif
102.08.30 04:23 B E:\Sites\CRUMBS\version1.0\vacuum\index\intro_f6.gif --> ftp.exultrade.com /httpdocs/indira/crumbs/version1.0/vacuum/index intro_f6.gif
102.08.30 04:23 B E:\Sites\CRUMBS\version1.0\vacuum\index\intro_f7.gif --> ftp.exultrade.com /httpdocs/indira/crumbs/version1.0/vacuum/index intro_f7.gif
102.08.30 04:23 B E:\Sites\CRUMBS\version1.0\vacuum\index\intro_f9.gif --> ftp.exultrade.com /httpdocs/indira/crumbs/version1.0/vacuum/index intro_f9.gif
102.08.30 04:23 B E:\Sites\CRUMBS\version1.0\vacuum\index\introadlib.gif --> ftp.exultrade.com /httpdocs/indira/crumbs/version1.0/vacuum/index introadlib.gif
102.08.30 04:29 B e:\sites\CRUMBS\version1.0\vacuum\index\introadlib.gif --> ftp.exultrade.com /httpdocs/indira/crumbs/version1.0/vacuum/index introadlib.gif
102.08.30 04:30 B e:\sites\CRUMBS\version1.0\vacuum\index\introbeer.gif --> ftp.exultrade.com /httpdocs/indira/crumbs/version1.0/vacuum/index introbeer.gif
102.08.30 04:30 B e:\sites\CRUMBS\version1.0\vacuum\index\intromemories.gif --> ftp.exultrade.com /httpdocs/indira/crumbs/version1.0/vacuum/index intromemories.gif
102.08.30 04:30 B e:\sites\CRUMBS\version1.0\vacuum\index\intromemories_f3.gif --> ftp.exultrade.com /httpdocs/indira/crumbs/version1.0/vacuum/index intromemories_f3.gif
102.08.30 04:30 B e:\sites\CRUMBS\version1.0\vacuum\index\intromemories_f4.gif --> ftp.exultrade.com /httpdocs/indira/crumbs/version1.0/vacuum/index intromemories_f4.gif
102.08.30 04:30 B e:\sites\CRUMBS\version1.0\vacuum\index\intromemories_f6.gif --> ftp.exultrade.com /httpdocs/indira/crumbs/version1.0/vacuum/index intromemories_f6.gif
102.08.30 04:30 B e:\sites\CRUMBS\version1.0\vacuum\index\introrambling.gif --> ftp.exultrade.com /httpdocs/indira/crumbs/version1.0/vacuum/index introrambling.gif
102.08.30 04:30 B e:\sites\CRUMBS\version1.0\vacuum\index\introshift.gif --> ftp.exultrade.com /httpdocs/indira/crumbs/version1.0/vacuum/index introshift.gif
102.08.30 04:30 B e:\sites\CRUMBS\version1.0\vacuum\index\introsolana.gif --> ftp.exultrade.com /httpdocs/indira/crumbs/version1.0/vacuum/index introsolana.gif
102.08.30 04:30 B e:\sites\CRUMBS\version1.0\vacuum\index\shim.gif --> ftp.exultrade.com /httpdocs/indira/crumbs/version1.0/vacuum/index shim.gif
102.08.30 04:30 B e:\sites\CRUMBS\version1.0\vacuum\index\vacuum.gif --> ftp.exultrade.com /httpdocs/indira/crumbs/version1.0/vacuum/index vacuum.gif
