102.08.30 04:34 B E:\Sites\CRUMBS\version1.0\vacuum\memories\textpops\acid-text.gif --> ftp.exultrade.com /httpdocs/indira/crumbs/version1.0/vacuum/memories/textpops acid-text.gif
102.08.30 04:34 B E:\Sites\CRUMBS\version1.0\vacuum\memories\textpops\acid.htm --> ftp.exultrade.com /httpdocs/indira/crumbs/version1.0/vacuum/memories/textpops acid.htm
102.08.30 04:34 B E:\Sites\CRUMBS\version1.0\vacuum\memories\textpops\beta.htm --> ftp.exultrade.com /httpdocs/indira/crumbs/version1.0/vacuum/memories/textpops beta.htm
102.08.30 04:34 B E:\Sites\CRUMBS\version1.0\vacuum\memories\textpops\betamax-text.gif --> ftp.exultrade.com /httpdocs/indira/crumbs/version1.0/vacuum/memories/textpops betamax-text.gif
102.08.30 04:34 B E:\Sites\CRUMBS\version1.0\vacuum\memories\textpops\comics-text.gif --> ftp.exultrade.com /httpdocs/indira/crumbs/version1.0/vacuum/memories/textpops comics-text.gif
102.08.30 04:34 B E:\Sites\CRUMBS\version1.0\vacuum\memories\textpops\comics.htm --> ftp.exultrade.com /httpdocs/indira/crumbs/version1.0/vacuum/memories/textpops comics.htm
102.08.30 04:34 B E:\Sites\CRUMBS\version1.0\vacuum\memories\textpops\darts-text.gif --> ftp.exultrade.com /httpdocs/indira/crumbs/version1.0/vacuum/memories/textpops darts-text.gif
102.08.30 04:35 B E:\Sites\CRUMBS\version1.0\vacuum\memories\textpops\darts.htm --> ftp.exultrade.com /httpdocs/indira/crumbs/version1.0/vacuum/memories/textpops darts.htm
102.08.30 04:35 B E:\Sites\CRUMBS\version1.0\vacuum\memories\textpops\electricfan-text.gif --> ftp.exultrade.com /httpdocs/indira/crumbs/version1.0/vacuum/memories/textpops electricfan-text.gif
102.08.30 04:35 B E:\Sites\CRUMBS\version1.0\vacuum\memories\textpops\electricfan.htm --> ftp.exultrade.com /httpdocs/indira/crumbs/version1.0/vacuum/memories/textpops electricfan.htm
102.08.30 04:35 B E:\Sites\CRUMBS\version1.0\vacuum\memories\textpops\flan-text.gif --> ftp.exultrade.com /httpdocs/indira/crumbs/version1.0/vacuum/memories/textpops flan-text.gif
102.08.30 04:35 B E:\Sites\CRUMBS\version1.0\vacuum\memories\textpops\flan.htm --> ftp.exultrade.com /httpdocs/indira/crumbs/version1.0/vacuum/memories/textpops flan.htm
102.08.30 04:35 B E:\Sites\CRUMBS\version1.0\vacuum\memories\textpops\gala-text.gif --> ftp.exultrade.com /httpdocs/indira/crumbs/version1.0/vacuum/memories/textpops gala-text.gif
102.08.30 04:35 B E:\Sites\CRUMBS\version1.0\vacuum\memories\textpops\gala.htm --> ftp.exultrade.com /httpdocs/indira/crumbs/version1.0/vacuum/memories/textpops gala.htm
102.08.30 04:35 B E:\Sites\CRUMBS\version1.0\vacuum\memories\textpops\hat-text.gif --> ftp.exultrade.com /httpdocs/indira/crumbs/version1.0/vacuum/memories/textpops hat-text.gif
102.08.30 04:35 B E:\Sites\CRUMBS\version1.0\vacuum\memories\textpops\hat.htm --> ftp.exultrade.com /httpdocs/indira/crumbs/version1.0/vacuum/memories/textpops hat.htm
102.08.30 04:35 B E:\Sites\CRUMBS\version1.0\vacuum\memories\textpops\itlog-text.gif --> ftp.exultrade.com /httpdocs/indira/crumbs/version1.0/vacuum/memories/textpops itlog-text.gif
102.08.30 04:35 B E:\Sites\CRUMBS\version1.0\vacuum\memories\textpops\itlog.htm --> ftp.exultrade.com /httpdocs/indira/crumbs/version1.0/vacuum/memories/textpops itlog.htm
102.08.30 04:35 B E:\Sites\CRUMBS\version1.0\vacuum\memories\textpops\juice-text.gif --> ftp.exultrade.com /httpdocs/indira/crumbs/version1.0/vacuum/memories/textpops juice-text.gif
102.08.30 04:35 B E:\Sites\CRUMBS\version1.0\vacuum\memories\textpops\juice.htm --> ftp.exultrade.com /httpdocs/indira/crumbs/version1.0/vacuum/memories/textpops juice.htm
102.08.30 04:35 B E:\Sites\CRUMBS\version1.0\vacuum\memories\textpops\kite-text.gif --> ftp.exultrade.com /httpdocs/indira/crumbs/version1.0/vacuum/memories/textpops kite-text.gif
102.08.30 04:35 B E:\Sites\CRUMBS\version1.0\vacuum\memories\textpops\kite.htm --> ftp.exultrade.com /httpdocs/indira/crumbs/version1.0/vacuum/memories/textpops kite.htm
102.08.30 04:35 B E:\Sites\CRUMBS\version1.0\vacuum\memories\textpops\litebulbs-text.gif --> ftp.exultrade.com /httpdocs/indira/crumbs/version1.0/vacuum/memories/textpops litebulbs-text.gif
102.08.30 04:35 B E:\Sites\CRUMBS\version1.0\vacuum\memories\textpops\litebulbs.htm --> ftp.exultrade.com /httpdocs/indira/crumbs/version1.0/vacuum/memories/textpops litebulbs.htm
102.08.30 04:35 B E:\Sites\CRUMBS\version1.0\vacuum\memories\textpops\mussells-text.gif --> ftp.exultrade.com /httpdocs/indira/crumbs/version1.0/vacuum/memories/textpops mussells-text.gif
102.08.30 04:35 B E:\Sites\CRUMBS\version1.0\vacuum\memories\textpops\mussells.htm --> ftp.exultrade.com /httpdocs/indira/crumbs/version1.0/vacuum/memories/textpops mussells.htm
102.08.30 04:35 B E:\Sites\CRUMBS\version1.0\vacuum\memories\textpops\nail-text.gif --> ftp.exultrade.com /httpdocs/indira/crumbs/version1.0/vacuum/memories/textpops nail-text.gif
102.08.30 04:35 B E:\Sites\CRUMBS\version1.0\vacuum\memories\textpops\nail.htm --> ftp.exultrade.com /httpdocs/indira/crumbs/version1.0/vacuum/memories/textpops nail.htm
102.08.30 04:35 B E:\Sites\CRUMBS\version1.0\vacuum\memories\textpops\ointment-text.gif --> ftp.exultrade.com /httpdocs/indira/crumbs/version1.0/vacuum/memories/textpops ointment-text.gif
102.08.30 04:35 B E:\Sites\CRUMBS\version1.0\vacuum\memories\textpops\ointment.htm --> ftp.exultrade.com /httpdocs/indira/crumbs/version1.0/vacuum/memories/textpops ointment.htm
102.08.30 04:35 B E:\Sites\CRUMBS\version1.0\vacuum\memories\textpops\playboy-text.gif --> ftp.exultrade.com /httpdocs/indira/crumbs/version1.0/vacuum/memories/textpops playboy-text.gif
102.08.30 04:35 B E:\Sites\CRUMBS\version1.0\vacuum\memories\textpops\playboy.htm --> ftp.exultrade.com /httpdocs/indira/crumbs/version1.0/vacuum/memories/textpops playboy.htm
102.08.30 04:35 B E:\Sites\CRUMBS\version1.0\vacuum\memories\textpops\qtips-text.gif --> ftp.exultrade.com /httpdocs/indira/crumbs/version1.0/vacuum/memories/textpops qtips-text.gif
102.08.30 04:35 B E:\Sites\CRUMBS\version1.0\vacuum\memories\textpops\qtips.htm --> ftp.exultrade.com /httpdocs/indira/crumbs/version1.0/vacuum/memories/textpops qtips.htm
102.08.30 04:35 B E:\Sites\CRUMBS\version1.0\vacuum\memories\textpops\rock-text.gif --> ftp.exultrade.com /httpdocs/indira/crumbs/version1.0/vacuum/memories/textpops rock-text.gif
102.08.30 04:36 B E:\Sites\CRUMBS\version1.0\vacuum\memories\textpops\rock.htm --> ftp.exultrade.com /httpdocs/indira/crumbs/version1.0/vacuum/memories/textpops rock.htm
102.08.30 04:36 B E:\Sites\CRUMBS\version1.0\vacuum\memories\textpops\smileys-text.gif --> ftp.exultrade.com /httpdocs/indira/crumbs/version1.0/vacuum/memories/textpops smileys-text.gif
102.08.30 04:36 B E:\Sites\CRUMBS\version1.0\vacuum\memories\textpops\smileys.htm --> ftp.exultrade.com /httpdocs/indira/crumbs/version1.0/vacuum/memories/textpops smileys.htm
102.08.30 04:36 B E:\Sites\CRUMBS\version1.0\vacuum\memories\textpops\trust-text.gif --> ftp.exultrade.com /httpdocs/indira/crumbs/version1.0/vacuum/memories/textpops trust-text.gif
102.08.30 04:36 B E:\Sites\CRUMBS\version1.0\vacuum\memories\textpops\trust.htm --> ftp.exultrade.com /httpdocs/indira/crumbs/version1.0/vacuum/memories/textpops trust.htm
102.08.30 04:36 B E:\Sites\CRUMBS\version1.0\vacuum\memories\textpops\underwear-text.gif --> ftp.exultrade.com /httpdocs/indira/crumbs/version1.0/vacuum/memories/textpops underwear-text.gif
102.08.30 04:36 B E:\Sites\CRUMBS\version1.0\vacuum\memories\textpops\underwear.htm --> ftp.exultrade.com /httpdocs/indira/crumbs/version1.0/vacuum/memories/textpops underwear.htm
102.08.30 04:36 B E:\Sites\CRUMBS\version1.0\vacuum\memories\textpops\vase-text.gif --> ftp.exultrade.com /httpdocs/indira/crumbs/version1.0/vacuum/memories/textpops vase-text.gif
102.08.30 04:36 B E:\Sites\CRUMBS\version1.0\vacuum\memories\textpops\vase.htm --> ftp.exultrade.com /httpdocs/indira/crumbs/version1.0/vacuum/memories/textpops vase.htm
102.08.30 04:36 B E:\Sites\CRUMBS\version1.0\vacuum\memories\textpops\warts-text.gif --> ftp.exultrade.com /httpdocs/indira/crumbs/version1.0/vacuum/memories/textpops warts-text.gif
102.08.30 04:36 B E:\Sites\CRUMBS\version1.0\vacuum\memories\textpops\warts.htm --> ftp.exultrade.com /httpdocs/indira/crumbs/version1.0/vacuum/memories/textpops warts.htm
102.08.30 04:36 B E:\Sites\CRUMBS\version1.0\vacuum\memories\textpops\xray-text.gif --> ftp.exultrade.com /httpdocs/indira/crumbs/version1.0/vacuum/memories/textpops xray-text.gif
102.08.30 04:36 B E:\Sites\CRUMBS\version1.0\vacuum\memories\textpops\xray.htm --> ftp.exultrade.com /httpdocs/indira/crumbs/version1.0/vacuum/memories/textpops xray.htm
102.08.30 04:36 B E:\Sites\CRUMBS\version1.0\vacuum\memories\textpops\yoyo-text.gif --> ftp.exultrade.com /httpdocs/indira/crumbs/version1.0/vacuum/memories/textpops yoyo-text.gif
102.08.30 04:36 B E:\Sites\CRUMBS\version1.0\vacuum\memories\textpops\yoyo.htm --> ftp.exultrade.com /httpdocs/indira/crumbs/version1.0/vacuum/memories/textpops yoyo.htm
102.08.30 04:36 B E:\Sites\CRUMBS\version1.0\vacuum\memories\textpops\zipper-text.gif --> ftp.exultrade.com /httpdocs/indira/crumbs/version1.0/vacuum/memories/textpops zipper-text.gif
102.08.30 04:36 B E:\Sites\CRUMBS\version1.0\vacuum\memories\textpops\zipper.htm --> ftp.exultrade.com /httpdocs/indira/crumbs/version1.0/vacuum/memories/textpops zipper.htm
