102.03.03 18:20 B D:\SITES\CRUMBS\pints\2candles\back.htm --> ftp.exultrade.com /g:/webserver/exultrade/htdocs/indira/crumbs/pints/2candles back.htm
102.03.03 18:20 B D:\SITES\CRUMBS\pints\2candles\front.htm --> ftp.exultrade.com /g:/webserver/exultrade/htdocs/indira/crumbs/pints/2candles front.htm
102.03.03 18:20 B D:\SITES\CRUMBS\pints\2candles\insidecover001.htm --> ftp.exultrade.com /g:/webserver/exultrade/htdocs/indira/crumbs/pints/2candles insidecover001.htm
102.03.03 18:20 B D:\SITES\CRUMBS\pints\2candles\page001.htm --> ftp.exultrade.com /g:/webserver/exultrade/htdocs/indira/crumbs/pints/2candles page001.htm
102.03.03 18:20 B D:\SITES\CRUMBS\pints\2candles\page002.htm --> ftp.exultrade.com /g:/webserver/exultrade/htdocs/indira/crumbs/pints/2candles page002.htm
102.03.03 18:20 B D:\SITES\CRUMBS\pints\2candles\page003.htm --> ftp.exultrade.com /g:/webserver/exultrade/htdocs/indira/crumbs/pints/2candles page003.htm
102.03.03 18:20 B D:\SITES\CRUMBS\pints\2candles\page004.htm --> ftp.exultrade.com /g:/webserver/exultrade/htdocs/indira/crumbs/pints/2candles page004.htm
102.03.03 18:20 B D:\SITES\CRUMBS\pints\2candles\page005.htm --> ftp.exultrade.com /g:/webserver/exultrade/htdocs/indira/crumbs/pints/2candles page005.htm
102.03.03 18:20 B D:\SITES\CRUMBS\pints\2candles\page006.htm --> ftp.exultrade.com /g:/webserver/exultrade/htdocs/indira/crumbs/pints/2candles page006.htm
102.03.03 18:20 B D:\SITES\CRUMBS\pints\2candles\page007.htm --> ftp.exultrade.com /g:/webserver/exultrade/htdocs/indira/crumbs/pints/2candles page007.htm
102.03.03 18:20 B D:\SITES\CRUMBS\pints\2candles\page008.htm --> ftp.exultrade.com /g:/webserver/exultrade/htdocs/indira/crumbs/pints/2candles page008.htm
102.03.03 18:20 B D:\SITES\CRUMBS\pints\2candles\page009.htm --> ftp.exultrade.com /g:/webserver/exultrade/htdocs/indira/crumbs/pints/2candles page009.htm
102.03.03 18:20 B D:\SITES\CRUMBS\pints\2candles\page010.htm --> ftp.exultrade.com /g:/webserver/exultrade/htdocs/indira/crumbs/pints/2candles page010.htm
102.08.30 03:21 B e:\sites\CRUMBS\version1.0\pints\2candles\back.htm --> ftp.exultrade.com /httpdocs/indira/crumbs/version1.0/pints/2candles back.htm
102.08.30 03:21 B e:\sites\CRUMBS\version1.0\pints\2candles\front.htm --> ftp.exultrade.com /httpdocs/indira/crumbs/version1.0/pints/2candles front.htm
102.08.30 03:21 B e:\sites\CRUMBS\version1.0\pints\2candles\insidecover001.htm --> ftp.exultrade.com /httpdocs/indira/crumbs/version1.0/pints/2candles insidecover001.htm
102.08.30 03:21 B e:\sites\CRUMBS\version1.0\pints\2candles\page001.htm --> ftp.exultrade.com /httpdocs/indira/crumbs/version1.0/pints/2candles page001.htm
102.08.30 03:21 B e:\sites\CRUMBS\version1.0\pints\2candles\page002.htm --> ftp.exultrade.com /httpdocs/indira/crumbs/version1.0/pints/2candles page002.htm
102.08.30 03:21 B e:\sites\CRUMBS\version1.0\pints\2candles\page003.htm --> ftp.exultrade.com /httpdocs/indira/crumbs/version1.0/pints/2candles page003.htm
102.08.30 03:34 B e:\sites\CRUMBS\version1.0\pints\2candles\page004.htm --> ftp.exultrade.com /httpdocs/indira/crumbs/version1.0/pints/2candles page004.htm
102.08.30 03:34 B e:\sites\CRUMBS\version1.0\pints\2candles\page005.htm --> ftp.exultrade.com /httpdocs/indira/crumbs/version1.0/pints/2candles page005.htm
102.08.30 03:34 B e:\sites\CRUMBS\version1.0\pints\2candles\page006.htm --> ftp.exultrade.com /httpdocs/indira/crumbs/version1.0/pints/2candles page006.htm
102.08.30 03:35 B e:\sites\CRUMBS\version1.0\pints\2candles\page007.htm --> ftp.exultrade.com /httpdocs/indira/crumbs/version1.0/pints/2candles page007.htm
102.08.30 03:35 B e:\sites\CRUMBS\version1.0\pints\2candles\page008.htm --> ftp.exultrade.com /httpdocs/indira/crumbs/version1.0/pints/2candles page008.htm
102.08.30 03:35 B e:\sites\CRUMBS\version1.0\pints\2candles\page009.htm --> ftp.exultrade.com /httpdocs/indira/crumbs/version1.0/pints/2candles page009.htm
102.08.30 03:35 B e:\sites\CRUMBS\version1.0\pints\2candles\page010.htm --> ftp.exultrade.com /httpdocs/indira/crumbs/version1.0/pints/2candles page010.htm
102.08.30 03:35 B e:\sites\CRUMBS\version1.0\pints\2candles\back.htm --> ftp.exultrade.com /httpdocs/indira/crumbs/version1.0/pints/2candles back.htm
102.08.30 03:35 B e:\sites\CRUMBS\version1.0\pints\2candles\front.htm --> ftp.exultrade.com /httpdocs/indira/crumbs/version1.0/pints/2candles front.htm
102.08.30 03:35 B e:\sites\CRUMBS\version1.0\pints\2candles\insidecover001.htm --> ftp.exultrade.com /httpdocs/indira/crumbs/version1.0/pints/2candles insidecover001.htm
102.08.30 03:35 B e:\sites\CRUMBS\version1.0\pints\2candles\page001.htm --> ftp.exultrade.com /httpdocs/indira/crumbs/version1.0/pints/2candles page001.htm
102.08.30 03:35 B e:\sites\CRUMBS\version1.0\pints\2candles\page002.htm --> ftp.exultrade.com /httpdocs/indira/crumbs/version1.0/pints/2candles page002.htm
102.08.30 03:35 B e:\sites\CRUMBS\version1.0\pints\2candles\page003.htm --> ftp.exultrade.com /httpdocs/indira/crumbs/version1.0/pints/2candles page003.htm
102.08.30 03:35 B e:\sites\CRUMBS\version1.0\pints\2candles\page004.htm --> ftp.exultrade.com /httpdocs/indira/crumbs/version1.0/pints/2candles page004.htm
102.08.30 03:35 B e:\sites\CRUMBS\version1.0\pints\2candles\page005.htm --> ftp.exultrade.com /httpdocs/indira/crumbs/version1.0/pints/2candles page005.htm
102.08.30 03:35 B e:\sites\CRUMBS\version1.0\pints\2candles\page006.htm --> ftp.exultrade.com /httpdocs/indira/crumbs/version1.0/pints/2candles page006.htm
102.08.30 03:35 B e:\sites\CRUMBS\version1.0\pints\2candles\page007.htm --> ftp.exultrade.com /httpdocs/indira/crumbs/version1.0/pints/2candles page007.htm
102.08.30 03:35 B e:\sites\CRUMBS\version1.0\pints\2candles\page008.htm --> ftp.exultrade.com /httpdocs/indira/crumbs/version1.0/pints/2candles page008.htm
102.08.30 03:35 B e:\sites\CRUMBS\version1.0\pints\2candles\page009.htm --> ftp.exultrade.com /httpdocs/indira/crumbs/version1.0/pints/2candles page009.htm
102.08.30 03:35 B e:\sites\CRUMBS\version1.0\pints\2candles\page010.htm --> ftp.exultrade.com /httpdocs/indira/crumbs/version1.0/pints/2candles page010.htm
102.08.30 03:35 B e:\sites\CRUMBS\version1.0\pints\2candles\WS_FTP.LOG --> ftp.exultrade.com /httpdocs/indira/crumbs/version1.0/pints/2candles WS_FTP.LOG
